[0.015s] Invoking command in '/home/jajayu/ros2robotics2024_ws/build/ugv_sdk': /home/jajayu/.local/bin/cmake --build /home/jajayu/ros2robotics2024_ws/build/ugv_sdk -- -j8 -l8
[0.146s] [  3%] [32mBuilding CXX object CMakeFiles/ugv_sdk.dir/src/async_port/async_serial.cpp.o[0m
[0.147s] [  7%] [32mBuilding CXX object CMakeFiles/ugv_sdk.dir/src/mobile_robot/scout_robot.cpp.o[0m
[0.147s] [ 10%] [32mBuilding CXX object CMakeFiles/ugv_sdk.dir/src/utilities/protocol_detector.cpp.o[0m
[0.147s] [ 14%] [32mBuilding CXX object CMakeFiles/ugv_sdk.dir/src/async_port/async_can.cpp.o[0m
[0.148s] [ 17%] [32mBuilding CXX object CMakeFiles/ugv_sdk.dir/src/mobile_robot/hunter_robot.cpp.o[0m
[0.148s] [ 21%] [32mBuilding CXX object CMakeFiles/ugv_sdk.dir/src/mobile_robot/bunker_robot.cpp.o[0m
[0.150s] [ 25%] [32mBuilding CXX object CMakeFiles/ugv_sdk.dir/src/mobile_robot/ranger_robot.cpp.o[0m
[0.150s] [ 28%] [32mBuilding CXX object CMakeFiles/ugv_sdk.dir/src/mobile_robot/titan_robot.cpp.o[0m
[0.189s] In file included from [01m[K/home/jajayu/ros2robotics2024_ws/src/ugv_sdk/src/async_port/async_can.cpp:10[m[K:
[0.190s] [01m[K/home/jajayu/ros2robotics2024_ws/src/ugv_sdk/include/ugv_sdk/details/async_port/async_can.hpp:24:10:[m[K [01;31m[Kfatal error: [m[Kasio.hpp: No such file or directory
[0.190s]    24 | #include [01;31m[K"asio.hpp"[m[K
[0.190s]       |          [01;31m[K^~~~~~~~~~[m[K
[0.190s] compilation terminated.
[0.190s] In file included from [01m[K/home/jajayu/ros2robotics2024_ws/src/ugv_sdk/include/ugv_sdk/utilities/protocol_detector.hpp:15[m[K,
[0.190s]                  from [01m[K/home/jajayu/ros2robotics2024_ws/src/ugv_sdk/src/utilities/protocol_detector.cpp:10[m[K:
[0.190s] [01m[K/home/jajayu/ros2robotics2024_ws/src/ugv_sdk/include/ugv_sdk/details/async_port/async_can.hpp:24:10:[m[K [01;31m[Kfatal error: [m[Kasio.hpp: No such file or directory
[0.190s]    24 | #include [01;31m[K"asio.hpp"[m[K
[0.190s]       |          [01;31m[K^~~~~~~~~~[m[K
[0.191s] compilation terminated.
[0.191s] gmake[2]: *** [CMakeFiles/ugv_sdk.dir/build.make:90: CMakeFiles/ugv_sdk.dir/src/async_port/async_can.cpp.o] Error 1
[0.191s] gmake[2]: *** Waiting for unfinished jobs....
[0.191s] gmake[2]: *** [CMakeFiles/ugv_sdk.dir/build.make:104: CMakeFiles/ugv_sdk.dir/src/utilities/protocol_detector.cpp.o] Error 1
[0.200s] In file included from [01m[K/home/jajayu/ros2robotics2024_ws/src/ugv_sdk/src/async_port/async_serial.cpp:10[m[K:
[0.200s] [01m[K/home/jajayu/ros2robotics2024_ws/src/ugv_sdk/include/ugv_sdk/details/async_port/async_serial.hpp:20:10:[m[K [01;31m[Kfatal error: [m[Kasio.hpp: No such file or directory
[0.200s]    20 | #include [01;31m[K"asio.hpp"[m[K
[0.200s]       |          [01;31m[K^~~~~~~~~~[m[K
[0.200s] compilation terminated.
[0.202s] gmake[2]: *** [CMakeFiles/ugv_sdk.dir/build.make:76: CMakeFiles/ugv_sdk.dir/src/async_port/async_serial.cpp.o] Error 1
[0.206s] In file included from [01m[K/home/jajayu/ros2robotics2024_ws/src/ugv_sdk/include/ugv_sdk/details/robot_base/agilex_base.hpp:21[m[K,
[0.206s]                  from [01m[K/home/jajayu/ros2robotics2024_ws/src/ugv_sdk/include/ugv_sdk/details/robot_base/bunker_base.hpp:19[m[K,
[0.206s]                  from [01m[K/home/jajayu/ros2robotics2024_ws/src/ugv_sdk/src/mobile_robot/bunker_robot.cpp:11[m[K:
[0.206s] [01m[K/home/jajayu/ros2robotics2024_ws/src/ugv_sdk/include/ugv_sdk/details/async_port/async_can.hpp:24:10:[m[K [01;31m[Kfatal error: [m[Kasio.hpp: No such file or directory
[0.206s]    24 | #include [01;31m[K"asio.hpp"[m[K
[0.206s]       |          [01;31m[K^~~~~~~~~~[m[K
[0.206s] compilation terminated.
[0.207s] gmake[2]: *** [CMakeFiles/ugv_sdk.dir/build.make:146: CMakeFiles/ugv_sdk.dir/src/mobile_robot/bunker_robot.cpp.o] Error 1
[0.209s] In file included from [01m[K/home/jajayu/ros2robotics2024_ws/src/ugv_sdk/include/ugv_sdk/details/robot_base/agilex_base.hpp:21[m[K,
[0.209s]                  from [01m[K/home/jajayu/ros2robotics2024_ws/src/ugv_sdk/include/ugv_sdk/details/robot_base/hunter_base.hpp:19[m[K,
[0.209s]                  from [01m[K/home/jajayu/ros2robotics2024_ws/src/ugv_sdk/src/mobile_robot/hunter_robot.cpp:11[m[K:
[0.209s] [01m[K/home/jajayu/ros2robotics2024_ws/src/ugv_sdk/include/ugv_sdk/details/async_port/async_can.hpp:24:10:[m[K [01;31m[Kfatal error: [m[Kasio.hpp: No such file or directory
[0.209s]    24 | #include [01;31m[K"asio.hpp"[m[K
[0.209s]       |          [01;31m[K^~~~~~~~~~[m[K
[0.209s] compilation terminated.
[0.210s] gmake[2]: *** [CMakeFiles/ugv_sdk.dir/build.make:132: CMakeFiles/ugv_sdk.dir/src/mobile_robot/hunter_robot.cpp.o] Error 1
[0.212s] In file included from [01m[K/home/jajayu/ros2robotics2024_ws/src/ugv_sdk/include/ugv_sdk/details/robot_base/agilex_base.hpp:21[m[K,
[0.212s]                  from [01m[K/home/jajayu/ros2robotics2024_ws/src/ugv_sdk/include/ugv_sdk/details/robot_base/scout_base.hpp:19[m[K,
[0.212s]                  from [01m[K/home/jajayu/ros2robotics2024_ws/src/ugv_sdk/src/mobile_robot/scout_robot.cpp:11[m[K:
[0.212s] [01m[K/home/jajayu/ros2robotics2024_ws/src/ugv_sdk/include/ugv_sdk/details/async_port/async_can.hpp:24:10:[m[K [01;31m[Kfatal error: [m[Kasio.hpp: No such file or directory
[0.212s]    24 | #include [01;31m[K"asio.hpp"[m[K
[0.212s]       |          [01;31m[K^~~~~~~~~~[m[K
[0.213s] compilation terminated.
[0.215s] gmake[2]: *** [CMakeFiles/ugv_sdk.dir/build.make:118: CMakeFiles/ugv_sdk.dir/src/mobile_robot/scout_robot.cpp.o] Error 1
[0.229s] In file included from [01m[K/home/jajayu/ros2robotics2024_ws/src/ugv_sdk/include/ugv_sdk/details/robot_base/agilex_base.hpp:21[m[K,
[0.229s]                  from [01m[K/home/jajayu/ros2robotics2024_ws/src/ugv_sdk/include/ugv_sdk/details/robot_base/ranger_base.hpp:19[m[K,
[0.229s]                  from [01m[K/home/jajayu/ros2robotics2024_ws/src/ugv_sdk/include/ugv_sdk/mobile_robot/ranger_robot.hpp:15[m[K,
[0.229s]                  from [01m[K/home/jajayu/ros2robotics2024_ws/src/ugv_sdk/src/mobile_robot/ranger_robot.cpp:9[m[K:
[0.229s] [01m[K/home/jajayu/ros2robotics2024_ws/src/ugv_sdk/include/ugv_sdk/details/async_port/async_can.hpp:24:10:[m[K [01;31m[Kfatal error: [m[Kasio.hpp: No such file or directory
[0.229s]    24 | #include [01;31m[K"asio.hpp"[m[K
[0.230s]       |          [01;31m[K^~~~~~~~~~[m[K
[0.230s] compilation terminated.
[0.230s] gmake[2]: *** [CMakeFiles/ugv_sdk.dir/build.make:160: CMakeFiles/ugv_sdk.dir/src/mobile_robot/ranger_robot.cpp.o] Error 1
[0.243s] In file included from [01m[K/home/jajayu/ros2robotics2024_ws/src/ugv_sdk/include/ugv_sdk/details/robot_base/agilex_base.hpp:21[m[K,
[0.243s]                  from [01m[K/home/jajayu/ros2robotics2024_ws/src/ugv_sdk/include/ugv_sdk/details/robot_base/titan_base.hpp:18[m[K,
[0.243s]                  from [01m[K/home/jajayu/ros2robotics2024_ws/src/ugv_sdk/include/ugv_sdk/mobile_robot/titan_robot.hpp:15[m[K,
[0.243s]                  from [01m[K/home/jajayu/ros2robotics2024_ws/src/ugv_sdk/src/mobile_robot/titan_robot.cpp:9[m[K:
[0.243s] [01m[K/home/jajayu/ros2robotics2024_ws/src/ugv_sdk/include/ugv_sdk/details/async_port/async_can.hpp:24:10:[m[K [01;31m[Kfatal error: [m[Kasio.hpp: No such file or directory
[0.243s]    24 | #include [01;31m[K"asio.hpp"[m[K
[0.243s]       |          [01;31m[K^~~~~~~~~~[m[K
[0.243s] compilation terminated.
[0.245s] gmake[2]: *** [CMakeFiles/ugv_sdk.dir/build.make:174: CMakeFiles/ugv_sdk.dir/src/mobile_robot/titan_robot.cpp.o] Error 1
[0.245s] gmake[1]: *** [CMakeFiles/Makefile2:209: CMakeFiles/ugv_sdk.dir/all] Error 2
[0.245s] gmake: *** [Makefile:156: all] Error 2
[0.263s] Invoked command in '/home/jajayu/ros2robotics2024_ws/build/ugv_sdk' returned '2': /home/jajayu/.local/bin/cmake --build /home/jajayu/ros2robotics2024_ws/build/ugv_sdk -- -j8 -l8
