[  1%] [34m[1mGenerating C code for ROS interfaces[0m
[  3%] [34m[1mGenerating C++ code for ROS interfaces[0m
[  3%] Built target ament_cmake_python_copy_scout_msgs
running egg_info
creating scout_msgs.egg-info
writing scout_msgs.egg-info/PKG-INFO
writing dependency_links to scout_msgs.egg-info/dependency_links.txt
writing top-level names to scout_msgs.egg-info/top_level.txt
writing manifest file 'scout_msgs.egg-info/SOURCES.txt'
reading manifest file 'scout_msgs.egg-info/SOURCES.txt'
writing manifest file 'scout_msgs.egg-info/SOURCES.txt'
[  3%] Built target ament_cmake_python_build_scout_msgs_egg
[  3%] Built target scout_msgs__cpp
[  4%] [34m[1mGenerating C++ type support dispatch for ROS interfaces[0m
[  6%] [34m[1mGenerating C++ type support for eProsima Fast-RTPS[0m
[  7%] [34m[1mGenerating C++ introspection for ROS interfaces[0m
[  9%] [32mBuilding C object CMakeFiles/scout_msgs__rosidl_generator_c.dir/rosidl_generator_c/scout_msgs/msg/detail/scout_actuator_state__functions.c.o[0m
[ 12%] [32mBuilding C object CMakeFiles/scout_msgs__rosidl_generator_c.dir/rosidl_generator_c/scout_msgs/msg/detail/scout_light_state__functions.c.o[0m
[ 12%] [32mBuilding C object CMakeFiles/scout_msgs__rosidl_generator_c.dir/rosidl_generator_c/scout_msgs/msg/detail/scout_light_cmd__functions.c.o[0m
[ 14%] [32mBuilding C object CMakeFiles/scout_msgs__rosidl_generator_c.dir/rosidl_generator_c/scout_msgs/msg/detail/scout_rc_state__functions.c.o[0m
[ 15%] [32mBuilding C object CMakeFiles/scout_msgs__rosidl_generator_c.dir/rosidl_generator_c/scout_msgs/msg/detail/scout_status__functions.c.o[0m
[ 17%] [32m[1mLinking C shared library libscout_msgs__rosidl_generator_c.so[0m
[ 17%] Built target scout_msgs__rosidl_generator_c
[ 22%] [34m[1mGenerating C type support dispatch for ROS interfaces[0m
[ 22%] [34m[1mGenerating C type support for eProsima Fast-RTPS[0m
[ 22%] [34m[1mGenerating C introspection for ROS interfaces[0m
[ 23%] [32mBuilding CXX object CMakeFiles/scout_msgs__rosidl_typesupport_cpp.dir/rosidl_typesupport_cpp/scout_msgs/msg/scout_actuator_state__type_support.cpp.o[0m
[ 25%] [32mBuilding CXX object CMakeFiles/scout_msgs__rosidl_typesupport_cpp.dir/rosidl_typesupport_cpp/scout_msgs/msg/scout_light_cmd__type_support.cpp.o[0m
[ 26%] [32mBuilding CXX object CMakeFiles/scout_msgs__rosidl_typesupport_cpp.dir/rosidl_typesupport_cpp/scout_msgs/msg/scout_light_state__type_support.cpp.o[0m
[ 28%] [32mBuilding CXX object CMakeFiles/scout_msgs__rosidl_typesupport_introspection_cpp.dir/rosidl_typesupport_introspection_cpp/scout_msgs/msg/detail/scout_actuator_state__type_support.cpp.o[0m
[ 30%] [32mBuilding CXX object CMakeFiles/scout_msgs__rosidl_typesupport_c.dir/rosidl_typesupport_c/scout_msgs/msg/scout_actuator_state__type_support.cpp.o[0m
[ 31%] [32mBuilding CXX object CMakeFiles/scout_msgs__rosidl_typesupport_fastrtps_cpp.dir/rosidl_typesupport_fastrtps_cpp/scout_msgs/msg/detail/dds_fastrtps/scout_actuator_state__type_support.cpp.o[0m
[ 33%] [32mBuilding CXX object CMakeFiles/scout_msgs__rosidl_typesupport_c.dir/rosidl_typesupport_c/scout_msgs/msg/scout_light_cmd__type_support.cpp.o[0m
[ 34%] [32mBuilding CXX object CMakeFiles/scout_msgs__rosidl_typesupport_c.dir/rosidl_typesupport_c/scout_msgs/msg/scout_light_state__type_support.cpp.o[0m
[ 36%] [32mBuilding C object CMakeFiles/scout_msgs__rosidl_typesupport_introspection_c.dir/rosidl_typesupport_introspection_c/scout_msgs/msg/detail/scout_actuator_state__type_support.c.o[0m
[ 38%] [32mBuilding CXX object CMakeFiles/scout_msgs__rosidl_typesupport_c.dir/rosidl_typesupport_c/scout_msgs/msg/scout_rc_state__type_support.cpp.o[0m
[ 39%] [32mBuilding CXX object CMakeFiles/scout_msgs__rosidl_typesupport_fastrtps_c.dir/rosidl_typesupport_fastrtps_c/scout_msgs/msg/detail/scout_actuator_state__type_support_c.cpp.o[0m
[ 41%] [32mBuilding C object CMakeFiles/scout_msgs__rosidl_typesupport_introspection_c.dir/rosidl_typesupport_introspection_c/scout_msgs/msg/detail/scout_light_cmd__type_support.c.o[0m
[ 42%] [32mBuilding CXX object CMakeFiles/scout_msgs__rosidl_typesupport_c.dir/rosidl_typesupport_c/scout_msgs/msg/scout_status__type_support.cpp.o[0m
[ 44%] [32mBuilding C object CMakeFiles/scout_msgs__rosidl_typesupport_introspection_c.dir/rosidl_typesupport_introspection_c/scout_msgs/msg/detail/scout_light_state__type_support.c.o[0m
[ 46%] [32m[1mLinking CXX shared library libscout_msgs__rosidl_typesupport_c.so[0m
[ 47%] [32mBuilding C object CMakeFiles/scout_msgs__rosidl_typesupport_introspection_c.dir/rosidl_typesupport_introspection_c/scout_msgs/msg/detail/scout_rc_state__type_support.c.o[0m
[ 47%] Built target scout_msgs__rosidl_typesupport_c
[ 49%] [32mBuilding CXX object CMakeFiles/scout_msgs__rosidl_typesupport_fastrtps_cpp.dir/rosidl_typesupport_fastrtps_cpp/scout_msgs/msg/detail/dds_fastrtps/scout_light_cmd__type_support.cpp.o[0m
[ 50%] [32mBuilding CXX object CMakeFiles/scout_msgs__rosidl_typesupport_fastrtps_cpp.dir/rosidl_typesupport_fastrtps_cpp/scout_msgs/msg/detail/dds_fastrtps/scout_light_state__type_support.cpp.o[0m
[ 52%] [32mBuilding CXX object CMakeFiles/scout_msgs__rosidl_typesupport_cpp.dir/rosidl_typesupport_cpp/scout_msgs/msg/scout_rc_state__type_support.cpp.o[0m
[ 53%] [32mBuilding C object CMakeFiles/scout_msgs__rosidl_typesupport_introspection_c.dir/rosidl_typesupport_introspection_c/scout_msgs/msg/detail/scout_status__type_support.c.o[0m
[ 55%] [32mBuilding CXX object CMakeFiles/scout_msgs__rosidl_typesupport_introspection_cpp.dir/rosidl_typesupport_introspection_cpp/scout_msgs/msg/detail/scout_light_cmd__type_support.cpp.o[0m
[ 57%] [32m[1mLinking C shared library libscout_msgs__rosidl_typesupport_introspection_c.so[0m
[ 57%] Built target scout_msgs__rosidl_typesupport_introspection_c
[ 58%] [32mBuilding CXX object CMakeFiles/scout_msgs__rosidl_typesupport_cpp.dir/rosidl_typesupport_cpp/scout_msgs/msg/scout_status__type_support.cpp.o[0m
[ 60%] [32mBuilding CXX object CMakeFiles/scout_msgs__rosidl_typesupport_fastrtps_cpp.dir/rosidl_typesupport_fastrtps_cpp/scout_msgs/msg/detail/dds_fastrtps/scout_rc_state__type_support.cpp.o[0m
[ 63%] [32mBuilding CXX object CMakeFiles/scout_msgs__rosidl_typesupport_fastrtps_cpp.dir/rosidl_typesupport_fastrtps_cpp/scout_msgs/msg/detail/dds_fastrtps/scout_status__type_support.cpp.o[0m
[ 63%] [32mBuilding CXX object CMakeFiles/scout_msgs__rosidl_typesupport_introspection_cpp.dir/rosidl_typesupport_introspection_cpp/scout_msgs/msg/detail/scout_light_state__type_support.cpp.o[0m
[ 65%] [32mBuilding CXX object CMakeFiles/scout_msgs__rosidl_typesupport_fastrtps_c.dir/rosidl_typesupport_fastrtps_c/scout_msgs/msg/detail/scout_light_cmd__type_support_c.cpp.o[0m
[ 66%] [32m[1mLinking CXX shared library libscout_msgs__rosidl_typesupport_cpp.so[0m
[ 68%] [32mBuilding CXX object CMakeFiles/scout_msgs__rosidl_typesupport_fastrtps_c.dir/rosidl_typesupport_fastrtps_c/scout_msgs/msg/detail/scout_light_state__type_support_c.cpp.o[0m
[ 68%] Built target scout_msgs__rosidl_typesupport_cpp
[ 69%] [32mBuilding CXX object CMakeFiles/scout_msgs__rosidl_typesupport_fastrtps_c.dir/rosidl_typesupport_fastrtps_c/scout_msgs/msg/detail/scout_rc_state__type_support_c.cpp.o[0m
[ 71%] [32mBuilding CXX object CMakeFiles/scout_msgs__rosidl_typesupport_introspection_cpp.dir/rosidl_typesupport_introspection_cpp/scout_msgs/msg/detail/scout_rc_state__type_support.cpp.o[0m
[ 73%] [32mBuilding CXX object CMakeFiles/scout_msgs__rosidl_typesupport_fastrtps_c.dir/rosidl_typesupport_fastrtps_c/scout_msgs/msg/detail/scout_status__type_support_c.cpp.o[0m
[ 74%] [32mBuilding CXX object CMakeFiles/scout_msgs__rosidl_typesupport_introspection_cpp.dir/rosidl_typesupport_introspection_cpp/scout_msgs/msg/detail/scout_status__type_support.cpp.o[0m
[ 76%] [32m[1mLinking CXX shared library libscout_msgs__rosidl_typesupport_fastrtps_cpp.so[0m
[ 76%] Built target scout_msgs__rosidl_typesupport_fastrtps_cpp
[ 77%] [32m[1mLinking CXX shared library libscout_msgs__rosidl_typesupport_fastrtps_c.so[0m
[ 77%] Built target scout_msgs__rosidl_typesupport_fastrtps_c
[ 79%] [32m[1mLinking CXX shared library libscout_msgs__rosidl_typesupport_introspection_cpp.so[0m
[ 79%] Built target scout_msgs__rosidl_typesupport_introspection_cpp
[ 79%] Built target scout_msgs
[ 80%] [34m[1mGenerating Python code for ROS interfaces[0m
[ 80%] Built target scout_msgs__py
[ 84%] [32mBuilding C object CMakeFiles/scout_msgs__rosidl_generator_py.dir/rosidl_generator_py/scout_msgs/msg/_scout_light_cmd_s.c.o[0m
[ 84%] [32mBuilding C object CMakeFiles/scout_msgs__rosidl_generator_py.dir/rosidl_generator_py/scout_msgs/msg/_scout_actuator_state_s.c.o[0m
[ 85%] [32mBuilding C object CMakeFiles/scout_msgs__rosidl_generator_py.dir/rosidl_generator_py/scout_msgs/msg/_scout_light_state_s.c.o[0m
[ 88%] [32mBuilding C object CMakeFiles/scout_msgs__rosidl_generator_py.dir/rosidl_generator_py/scout_msgs/msg/_scout_status_s.c.o[0m
[ 88%] [32mBuilding C object CMakeFiles/scout_msgs__rosidl_generator_py.dir/rosidl_generator_py/scout_msgs/msg/_scout_rc_state_s.c.o[0m
[ 90%] [32m[1mLinking C shared library rosidl_generator_py/scout_msgs/libscout_msgs__rosidl_generator_py.so[0m
[ 90%] Built target scout_msgs__rosidl_generator_py
[ 92%] [32mBuilding C object CMakeFiles/scout_msgs__rosidl_typesupport_fastrtps_c__pyext.dir/rosidl_generator_py/scout_msgs/_scout_msgs_s.ep.rosidl_typesupport_fastrtps_c.c.o[0m
[ 93%] [32mBuilding C object CMakeFiles/scout_msgs__rosidl_typesupport_introspection_c__pyext.dir/rosidl_generator_py/scout_msgs/_scout_msgs_s.ep.rosidl_typesupport_introspection_c.c.o[0m
[ 95%] [32mBuilding C object CMakeFiles/scout_msgs__rosidl_typesupport_c__pyext.dir/rosidl_generator_py/scout_msgs/_scout_msgs_s.ep.rosidl_typesupport_c.c.o[0m
[ 96%] [32m[1mLinking C shared library rosidl_generator_py/scout_msgs/scout_msgs_s__rosidl_typesupport_introspection_c.cpython-310-x86_64-linux-gnu.so[0m
[ 98%] [32m[1mLinking C shared library rosidl_generator_py/scout_msgs/scout_msgs_s__rosidl_typesupport_fastrtps_c.cpython-310-x86_64-linux-gnu.so[0m
[100%] [32m[1mLinking C shared library rosidl_generator_py/scout_msgs/scout_msgs_s__rosidl_typesupport_c.cpython-310-x86_64-linux-gnu.so[0m
[100%] Built target scout_msgs__rosidl_typesupport_introspection_c__pyext
[100%] Built target scout_msgs__rosidl_typesupport_fastrtps_c__pyext
[100%] Built target scout_msgs__rosidl_typesupport_c__pyext
