[0.014s] Invoking command in '/home/jajayu/ros2robotics2024_ws/build/scout_base': AMENT_PREFIX_PATH=/home/jajayu/ros2robotics2024_ws/install/scout_msgs:${AMENT_PREFIX_PATH} CMAKE_PREFIX_PATH=/home/jajayu/TomatoHarvesting_NextBestView/nbv_code/ros2_ws2/install/my_robot_nbv:/home/jajayu/TomatoHarvesting_NextBestView/nbv_code/ros2_ws2/install/my_robot_cam:/home/jajayu/ros2_ws/install/webots_ros2_tests:/home/jajayu/ros2_ws/install/webots_ros2:/home/jajayu/ros2_ws/install/pcd_demo:/home/jajayu/ros2_ws/install/my_robot_controller:/home/jajayu/ros2_ws/install/my_robot_cam:/home/jajayu/ros2_ws/install/gazebo_tutorial:/opt/ros/humble:/home/jajayu/ros2robotics2024_ws/install/ugv_sdk:/home/jajayu/ros2robotics2024_ws/install/scout_msgs:${CMAKE_PREFIX_PATH} LD_LIBRARY_PATH=/home/jajayu/ros2robotics2024_ws/install/scout_msgs/lib:${LD_LIBRARY_PATH} PYTHONPATH=/home/jajayu/ros2robotics2024_ws/install/scout_msgs/local/lib/python3.10/dist-packages:${PYTHONPATH} /home/jajayu/.local/bin/cmake --build /home/jajayu/ros2robotics2024_ws/build/scout_base -- -j8 -l8
[0.152s] [100%] Built target scout_base_node
[0.170s] Invoked command in '/home/jajayu/ros2robotics2024_ws/build/scout_base' returned '0': AMENT_PREFIX_PATH=/home/jajayu/ros2robotics2024_ws/install/scout_msgs:${AMENT_PREFIX_PATH} CMAKE_PREFIX_PATH=/home/jajayu/TomatoHarvesting_NextBestView/nbv_code/ros2_ws2/install/my_robot_nbv:/home/jajayu/TomatoHarvesting_NextBestView/nbv_code/ros2_ws2/install/my_robot_cam:/home/jajayu/ros2_ws/install/webots_ros2_tests:/home/jajayu/ros2_ws/install/webots_ros2:/home/jajayu/ros2_ws/install/pcd_demo:/home/jajayu/ros2_ws/install/my_robot_controller:/home/jajayu/ros2_ws/install/my_robot_cam:/home/jajayu/ros2_ws/install/gazebo_tutorial:/opt/ros/humble:/home/jajayu/ros2robotics2024_ws/install/ugv_sdk:/home/jajayu/ros2robotics2024_ws/install/scout_msgs:${CMAKE_PREFIX_PATH} LD_LIBRARY_PATH=/home/jajayu/ros2robotics2024_ws/install/scout_msgs/lib:${LD_LIBRARY_PATH} PYTHONPATH=/home/jajayu/ros2robotics2024_ws/install/scout_msgs/local/lib/python3.10/dist-packages:${PYTHONPATH} /home/jajayu/.local/bin/cmake --build /home/jajayu/ros2robotics2024_ws/build/scout_base -- -j8 -l8
[0.318s] Invoking command in '/home/jajayu/ros2robotics2024_ws/build/scout_base': AMENT_PREFIX_PATH=/home/jajayu/ros2robotics2024_ws/install/scout_msgs:${AMENT_PREFIX_PATH} CMAKE_PREFIX_PATH=/home/jajayu/TomatoHarvesting_NextBestView/nbv_code/ros2_ws2/install/my_robot_nbv:/home/jajayu/TomatoHarvesting_NextBestView/nbv_code/ros2_ws2/install/my_robot_cam:/home/jajayu/ros2_ws/install/webots_ros2_tests:/home/jajayu/ros2_ws/install/webots_ros2:/home/jajayu/ros2_ws/install/pcd_demo:/home/jajayu/ros2_ws/install/my_robot_controller:/home/jajayu/ros2_ws/install/my_robot_cam:/home/jajayu/ros2_ws/install/gazebo_tutorial:/opt/ros/humble:/home/jajayu/ros2robotics2024_ws/install/ugv_sdk:/home/jajayu/ros2robotics2024_ws/install/scout_msgs:${CMAKE_PREFIX_PATH} LD_LIBRARY_PATH=/home/jajayu/ros2robotics2024_ws/install/scout_msgs/lib:${LD_LIBRARY_PATH} PYTHONPATH=/home/jajayu/ros2robotics2024_ws/install/scout_msgs/local/lib/python3.10/dist-packages:${PYTHONPATH} /home/jajayu/.local/bin/cmake --install /home/jajayu/ros2robotics2024_ws/build/scout_base
[0.429s] -- Install configuration: ""
[0.429s] -- Up-to-date: /home/jajayu/ros2robotics2024_ws/install/scout_base/lib/scout_base/scout_base_node
[0.430s] -- Up-to-date: /home/jajayu/ros2robotics2024_ws/install/scout_base/share/scout_base//launch
[0.430s] -- Up-to-date: /home/jajayu/ros2robotics2024_ws/install/scout_base/share/scout_base//launch/scout_mini_base.launch.py
[0.430s] -- Up-to-date: /home/jajayu/ros2robotics2024_ws/install/scout_base/share/scout_base//launch/scout_base.launch.py
[0.430s] -- Up-to-date: /home/jajayu/ros2robotics2024_ws/install/scout_base/share/scout_base//launch/scout_mini_omni_base.launch.py
[0.430s] -- Up-to-date: /home/jajayu/ros2robotics2024_ws/install/scout_base/share/ament_index/resource_index/package_run_dependencies/scout_base
[0.430s] -- Up-to-date: /home/jajayu/ros2robotics2024_ws/install/scout_base/share/ament_index/resource_index/parent_prefix_path/scout_base
[0.430s] -- Up-to-date: /home/jajayu/ros2robotics2024_ws/install/scout_base/share/scout_base/environment/ament_prefix_path.sh
[0.430s] -- Up-to-date: /home/jajayu/ros2robotics2024_ws/install/scout_base/share/scout_base/environment/ament_prefix_path.dsv
[0.430s] -- Up-to-date: /home/jajayu/ros2robotics2024_ws/install/scout_base/share/scout_base/environment/path.sh
[0.430s] -- Up-to-date: /home/jajayu/ros2robotics2024_ws/install/scout_base/share/scout_base/environment/path.dsv
[0.431s] -- Up-to-date: /home/jajayu/ros2robotics2024_ws/install/scout_base/share/scout_base/local_setup.bash
[0.431s] -- Up-to-date: /home/jajayu/ros2robotics2024_ws/install/scout_base/share/scout_base/local_setup.sh
[0.431s] -- Up-to-date: /home/jajayu/ros2robotics2024_ws/install/scout_base/share/scout_base/local_setup.zsh
[0.431s] -- Up-to-date: /home/jajayu/ros2robotics2024_ws/install/scout_base/share/scout_base/local_setup.dsv
[0.431s] -- Installing: /home/jajayu/ros2robotics2024_ws/install/scout_base/share/scout_base/package.dsv
[0.431s] -- Up-to-date: /home/jajayu/ros2robotics2024_ws/install/scout_base/share/ament_index/resource_index/packages/scout_base
[0.431s] -- Up-to-date: /home/jajayu/ros2robotics2024_ws/install/scout_base/share/scout_base/cmake/scout_baseConfig.cmake
[0.431s] -- Up-to-date: /home/jajayu/ros2robotics2024_ws/install/scout_base/share/scout_base/cmake/scout_baseConfig-version.cmake
[0.431s] -- Up-to-date: /home/jajayu/ros2robotics2024_ws/install/scout_base/share/scout_base/package.xml
[0.445s] Invoked command in '/home/jajayu/ros2robotics2024_ws/build/scout_base' returned '0': AMENT_PREFIX_PATH=/home/jajayu/ros2robotics2024_ws/install/scout_msgs:${AMENT_PREFIX_PATH} CMAKE_PREFIX_PATH=/home/jajayu/TomatoHarvesting_NextBestView/nbv_code/ros2_ws2/install/my_robot_nbv:/home/jajayu/TomatoHarvesting_NextBestView/nbv_code/ros2_ws2/install/my_robot_cam:/home/jajayu/ros2_ws/install/webots_ros2_tests:/home/jajayu/ros2_ws/install/webots_ros2:/home/jajayu/ros2_ws/install/pcd_demo:/home/jajayu/ros2_ws/install/my_robot_controller:/home/jajayu/ros2_ws/install/my_robot_cam:/home/jajayu/ros2_ws/install/gazebo_tutorial:/opt/ros/humble:/home/jajayu/ros2robotics2024_ws/install/ugv_sdk:/home/jajayu/ros2robotics2024_ws/install/scout_msgs:${CMAKE_PREFIX_PATH} LD_LIBRARY_PATH=/home/jajayu/ros2robotics2024_ws/install/scout_msgs/lib:${LD_LIBRARY_PATH} PYTHONPATH=/home/jajayu/ros2robotics2024_ws/install/scout_msgs/local/lib/python3.10/dist-packages:${PYTHONPATH} /home/jajayu/.local/bin/cmake --install /home/jajayu/ros2robotics2024_ws/build/scout_base
