-- Install configuration: ""
-- Installing: /home/jajayu/ros2robotics2024_ws/install/scout_description/share/scout_description//launch
-- Installing: /home/jajayu/ros2robotics2024_ws/install/scout_description/share/scout_description//launch/scout_base_description.launch.py
-- Installing: /home/jajayu/ros2robotics2024_ws/install/scout_description/share/scout_description//urdf
-- Installing: /home/jajayu/ros2robotics2024_ws/install/scout_description/share/scout_description//urdf/scout_v2.urdf
-- Installing: /home/jajayu/ros2robotics2024_ws/install/scout_description/share/scout_description//urdf/scout_wheel_type2.xacro
-- Installing: /home/jajayu/ros2robotics2024_ws/install/scout_description/share/scout_description//urdf/scout_wheel_type1.xacro
-- Installing: /home/jajayu/ros2robotics2024_ws/install/scout_description/share/scout_description//urdf/generate_urdf.sh
-- Installing: /home/jajayu/ros2robotics2024_ws/install/scout_description/share/scout_description//urdf/scout_v2.xacro
-- Installing: /home/jajayu/ros2robotics2024_ws/install/scout_description/share/scout_description//meshes
-- Installing: /home/jajayu/ros2robotics2024_ws/install/scout_description/share/scout_description//meshes/base_link.dae
-- Installing: /home/jajayu/ros2robotics2024_ws/install/scout_description/share/scout_description//meshes/base_link_full.dae
-- Installing: /home/jajayu/ros2robotics2024_ws/install/scout_description/share/scout_description//meshes/wheel_type2.dae
-- Installing: /home/jajayu/ros2robotics2024_ws/install/scout_description/share/scout_description//meshes/wheel_type1.dae
-- Installing: /home/jajayu/ros2robotics2024_ws/install/scout_description/share/scout_description//meshes/hokuyo.dae
-- Installing: /home/jajayu/ros2robotics2024_ws/install/scout_description/share/ament_index/resource_index/package_run_dependencies/scout_description
-- Installing: /home/jajayu/ros2robotics2024_ws/install/scout_description/share/ament_index/resource_index/parent_prefix_path/scout_description
-- Installing: /home/jajayu/ros2robotics2024_ws/install/scout_description/share/scout_description/environment/ament_prefix_path.sh
-- Installing: /home/jajayu/ros2robotics2024_ws/install/scout_description/share/scout_description/environment/ament_prefix_path.dsv
-- Installing: /home/jajayu/ros2robotics2024_ws/install/scout_description/share/scout_description/environment/path.sh
-- Installing: /home/jajayu/ros2robotics2024_ws/install/scout_description/share/scout_description/environment/path.dsv
-- Installing: /home/jajayu/ros2robotics2024_ws/install/scout_description/share/scout_description/local_setup.bash
-- Installing: /home/jajayu/ros2robotics2024_ws/install/scout_description/share/scout_description/local_setup.sh
-- Installing: /home/jajayu/ros2robotics2024_ws/install/scout_description/share/scout_description/local_setup.zsh
-- Installing: /home/jajayu/ros2robotics2024_ws/install/scout_description/share/scout_description/local_setup.dsv
-- Installing: /home/jajayu/ros2robotics2024_ws/install/scout_description/share/scout_description/package.dsv
-- Installing: /home/jajayu/ros2robotics2024_ws/install/scout_description/share/ament_index/resource_index/packages/scout_description
-- Installing: /home/jajayu/ros2robotics2024_ws/install/scout_description/share/scout_description/cmake/scout_descriptionConfig.cmake
-- Installing: /home/jajayu/ros2robotics2024_ws/install/scout_description/share/scout_description/cmake/scout_descriptionConfig-version.cmake
-- Installing: /home/jajayu/ros2robotics2024_ws/install/scout_description/share/scout_description/package.xml
