[0.027s] Invoking command in '/home/jajayu/ros2robotics2024_ws/build/scout_msgs': CMAKE_PREFIX_PATH=${CMAKE_PREFIX_PATH}:/home/jajayu/TomatoHarvesting_NextBestView/nbv_code/ros2_ws2/install/my_robot_nbv:/home/jajayu/TomatoHarvesting_NextBestView/nbv_code/ros2_ws2/install/my_robot_cam:/home/jajayu/ros2_ws/install/webots_ros2_tests:/home/jajayu/ros2_ws/install/webots_ros2:/home/jajayu/ros2_ws/install/pcd_demo:/home/jajayu/ros2_ws/install/my_robot_controller:/home/jajayu/ros2_ws/install/my_robot_cam:/home/jajayu/ros2_ws/install/gazebo_tutorial:/opt/ros/humble /home/jajayu/.local/bin/cmake --build /home/jajayu/ros2robotics2024_ws/build/scout_msgs -- -j8 -l8
[0.149s] [  1%] Built target scout_msgs__cpp
[0.150s] [ 12%] Built target scout_msgs__rosidl_generator_c
[0.160s] [ 12%] Built target ament_cmake_python_copy_scout_msgs
[0.172s] [ 23%] Built target scout_msgs__rosidl_typesupport_cpp
[0.172s] [ 34%] Built target scout_msgs__rosidl_typesupport_fastrtps_c
[0.172s] [ 46%] Built target scout_msgs__rosidl_typesupport_fastrtps_cpp
[0.174s] [ 57%] Built target scout_msgs__rosidl_typesupport_introspection_c
[0.174s] [ 68%] Built target scout_msgs__rosidl_typesupport_introspection_cpp
[0.176s] [ 79%] Built target scout_msgs__rosidl_typesupport_c
[0.187s] [ 79%] Built target scout_msgs
[0.198s] [ 80%] Built target scout_msgs__py
[0.213s] [ 90%] Built target scout_msgs__rosidl_generator_py
[0.225s] [ 93%] Built target scout_msgs__rosidl_typesupport_fastrtps_c__pyext
[0.226s] [ 96%] Built target scout_msgs__rosidl_typesupport_introspection_c__pyext
[0.226s] [100%] Built target scout_msgs__rosidl_typesupport_c__pyext
[0.513s] running egg_info
[0.513s] writing scout_msgs.egg-info/PKG-INFO
[0.513s] writing dependency_links to scout_msgs.egg-info/dependency_links.txt
[0.513s] writing top-level names to scout_msgs.egg-info/top_level.txt
[0.517s] reading manifest file 'scout_msgs.egg-info/SOURCES.txt'
[0.518s] writing manifest file 'scout_msgs.egg-info/SOURCES.txt'
[0.562s] [100%] Built target ament_cmake_python_build_scout_msgs_egg
[0.628s] Invoked command in '/home/jajayu/ros2robotics2024_ws/build/scout_msgs' returned '0': CMAKE_PREFIX_PATH=${CMAKE_PREFIX_PATH}:/home/jajayu/TomatoHarvesting_NextBestView/nbv_code/ros2_ws2/install/my_robot_nbv:/home/jajayu/TomatoHarvesting_NextBestView/nbv_code/ros2_ws2/install/my_robot_cam:/home/jajayu/ros2_ws/install/webots_ros2_tests:/home/jajayu/ros2_ws/install/webots_ros2:/home/jajayu/ros2_ws/install/pcd_demo:/home/jajayu/ros2_ws/install/my_robot_controller:/home/jajayu/ros2_ws/install/my_robot_cam:/home/jajayu/ros2_ws/install/gazebo_tutorial:/opt/ros/humble /home/jajayu/.local/bin/cmake --build /home/jajayu/ros2robotics2024_ws/build/scout_msgs -- -j8 -l8
[1.555s] Invoking command in '/home/jajayu/ros2robotics2024_ws/build/scout_msgs': CMAKE_PREFIX_PATH=${CMAKE_PREFIX_PATH}:/home/jajayu/TomatoHarvesting_NextBestView/nbv_code/ros2_ws2/install/my_robot_nbv:/home/jajayu/TomatoHarvesting_NextBestView/nbv_code/ros2_ws2/install/my_robot_cam:/home/jajayu/ros2_ws/install/webots_ros2_tests:/home/jajayu/ros2_ws/install/webots_ros2:/home/jajayu/ros2_ws/install/pcd_demo:/home/jajayu/ros2_ws/install/my_robot_controller:/home/jajayu/ros2_ws/install/my_robot_cam:/home/jajayu/ros2_ws/install/gazebo_tutorial:/opt/ros/humble /home/jajayu/.local/bin/cmake --install /home/jajayu/ros2robotics2024_ws/build/scout_msgs
[1.744s] -- Install configuration: ""
[1.748s] -- Up-to-date: /home/jajayu/ros2robotics2024_ws/install/scout_msgs/share/ament_index/resource_index/rosidl_interfaces/scout_msgs
[1.748s] -- Up-to-date: /home/jajayu/ros2robotics2024_ws/install/scout_msgs/include/scout_msgs/scout_msgs
[1.748s] -- Up-to-date: /home/jajayu/ros2robotics2024_ws/install/scout_msgs/include/scout_msgs/scout_msgs/msg
[1.749s] -- Up-to-date: /home/jajayu/ros2robotics2024_ws/install/scout_msgs/include/scout_msgs/scout_msgs/msg/scout_light_state.h
[1.752s] -- Up-to-date: /home/jajayu/ros2robotics2024_ws/install/scout_msgs/include/scout_msgs/scout_msgs/msg/scout_status.h
[1.752s] -- Up-to-date: /home/jajayu/ros2robotics2024_ws/install/scout_msgs/include/scout_msgs/scout_msgs/msg/detail
[1.752s] -- Up-to-date: /home/jajayu/ros2robotics2024_ws/install/scout_msgs/include/scout_msgs/scout_msgs/msg/detail/scout_light_state__type_support.h
[1.752s] -- Up-to-date: /home/jajayu/ros2robotics2024_ws/install/scout_msgs/include/scout_msgs/scout_msgs/msg/detail/scout_light_cmd__functions.h
[1.752s] -- Up-to-date: /home/jajayu/ros2robotics2024_ws/install/scout_msgs/include/scout_msgs/scout_msgs/msg/detail/scout_status__type_support.h
[1.753s] -- Up-to-date: /home/jajayu/ros2robotics2024_ws/install/scout_msgs/include/scout_msgs/scout_msgs/msg/detail/scout_rc_state__struct.h
[1.753s] -- Up-to-date: /home/jajayu/ros2robotics2024_ws/install/scout_msgs/include/scout_msgs/scout_msgs/msg/detail/scout_light_state__functions.h
[1.753s] -- Up-to-date: /home/jajayu/ros2robotics2024_ws/install/scout_msgs/include/scout_msgs/scout_msgs/msg/detail/scout_rc_state__functions.h
[1.753s] -- Up-to-date: /home/jajayu/ros2robotics2024_ws/install/scout_msgs/include/scout_msgs/scout_msgs/msg/detail/scout_light_cmd__type_support.h
[1.753s] -- Up-to-date: /home/jajayu/ros2robotics2024_ws/install/scout_msgs/include/scout_msgs/scout_msgs/msg/detail/scout_status__struct.h
[1.753s] -- Up-to-date: /home/jajayu/ros2robotics2024_ws/install/scout_msgs/include/scout_msgs/scout_msgs/msg/detail/scout_light_cmd__functions.c
[1.753s] -- Up-to-date: /home/jajayu/ros2robotics2024_ws/install/scout_msgs/include/scout_msgs/scout_msgs/msg/detail/scout_actuator_state__struct.h
[1.753s] -- Up-to-date: /home/jajayu/ros2robotics2024_ws/install/scout_msgs/include/scout_msgs/scout_msgs/msg/detail/scout_light_state__struct.h
[1.753s] -- Up-to-date: /home/jajayu/ros2robotics2024_ws/install/scout_msgs/include/scout_msgs/scout_msgs/msg/detail/scout_rc_state__type_support.h
[1.753s] -- Up-to-date: /home/jajayu/ros2robotics2024_ws/install/scout_msgs/include/scout_msgs/scout_msgs/msg/detail/scout_rc_state__functions.c
[1.753s] -- Up-to-date: /home/jajayu/ros2robotics2024_ws/install/scout_msgs/include/scout_msgs/scout_msgs/msg/detail/scout_actuator_state__functions.h
[1.753s] -- Up-to-date: /home/jajayu/ros2robotics2024_ws/install/scout_msgs/include/scout_msgs/scout_msgs/msg/detail/scout_light_state__functions.c
[1.753s] -- Up-to-date: /home/jajayu/ros2robotics2024_ws/install/scout_msgs/include/scout_msgs/scout_msgs/msg/detail/scout_light_cmd__struct.h
[1.753s] -- Up-to-date: /home/jajayu/ros2robotics2024_ws/install/scout_msgs/include/scout_msgs/scout_msgs/msg/detail/scout_actuator_state__functions.c
[1.753s] -- Up-to-date: /home/jajayu/ros2robotics2024_ws/install/scout_msgs/include/scout_msgs/scout_msgs/msg/detail/scout_status__functions.c
[1.754s] -- Up-to-date: /home/jajayu/ros2robotics2024_ws/install/scout_msgs/include/scout_msgs/scout_msgs/msg/detail/scout_actuator_state__type_support.h
[1.754s] -- Up-to-date: /home/jajayu/ros2robotics2024_ws/install/scout_msgs/include/scout_msgs/scout_msgs/msg/detail/scout_status__functions.h
[1.754s] -- Up-to-date: /home/jajayu/ros2robotics2024_ws/install/scout_msgs/include/scout_msgs/scout_msgs/msg/rosidl_generator_c__visibility_control.h
[1.754s] -- Up-to-date: /home/jajayu/ros2robotics2024_ws/install/scout_msgs/include/scout_msgs/scout_msgs/msg/scout_rc_state.h
[1.754s] -- Up-to-date: /home/jajayu/ros2robotics2024_ws/install/scout_msgs/include/scout_msgs/scout_msgs/msg/scout_light_cmd.h
[1.754s] -- Up-to-date: /home/jajayu/ros2robotics2024_ws/install/scout_msgs/include/scout_msgs/scout_msgs/msg/scout_actuator_state.h
[1.754s] -- Up-to-date: /home/jajayu/ros2robotics2024_ws/install/scout_msgs/share/scout_msgs/environment/library_path.sh
[1.754s] -- Up-to-date: /home/jajayu/ros2robotics2024_ws/install/scout_msgs/share/scout_msgs/environment/library_path.dsv
[1.754s] -- Up-to-date: /home/jajayu/ros2robotics2024_ws/install/scout_msgs/lib/libscout_msgs__rosidl_generator_c.so
[1.754s] -- Up-to-date: /home/jajayu/ros2robotics2024_ws/install/scout_msgs/include/scout_msgs/scout_msgs
[1.754s] -- Up-to-date: /home/jajayu/ros2robotics2024_ws/install/scout_msgs/include/scout_msgs/scout_msgs/msg
[1.755s] -- Up-to-date: /home/jajayu/ros2robotics2024_ws/install/scout_msgs/include/scout_msgs/scout_msgs/msg/detail
[1.755s] -- Up-to-date: /home/jajayu/ros2robotics2024_ws/install/scout_msgs/include/scout_msgs/scout_msgs/msg/detail/scout_light_state__rosidl_typesupport_fastrtps_c.h
[1.755s] -- Up-to-date: /home/jajayu/ros2robotics2024_ws/install/scout_msgs/include/scout_msgs/scout_msgs/msg/detail/scout_actuator_state__rosidl_typesupport_fastrtps_c.h
[1.755s] -- Up-to-date: /home/jajayu/ros2robotics2024_ws/install/scout_msgs/include/scout_msgs/scout_msgs/msg/detail/scout_light_cmd__rosidl_typesupport_fastrtps_c.h
[1.755s] -- Up-to-date: /home/jajayu/ros2robotics2024_ws/install/scout_msgs/include/scout_msgs/scout_msgs/msg/detail/scout_status__rosidl_typesupport_fastrtps_c.h
[1.760s] -- Up-to-date: /home/jajayu/ros2robotics2024_ws/install/scout_msgs/include/scout_msgs/scout_msgs/msg/detail/scout_rc_state__rosidl_typesupport_fastrtps_c.h
[1.760s] -- Up-to-date: /home/jajayu/ros2robotics2024_ws/install/scout_msgs/include/scout_msgs/scout_msgs/msg/rosidl_typesupport_fastrtps_c__visibility_control.h
[1.760s] -- Up-to-date: /home/jajayu/ros2robotics2024_ws/install/scout_msgs/lib/libscout_msgs__rosidl_typesupport_fastrtps_c.so
[1.761s] -- Up-to-date: /home/jajayu/ros2robotics2024_ws/install/scout_msgs/include/scout_msgs/scout_msgs
[1.761s] -- Up-to-date: /home/jajayu/ros2robotics2024_ws/install/scout_msgs/include/scout_msgs/scout_msgs/msg
[1.761s] -- Up-to-date: /home/jajayu/ros2robotics2024_ws/install/scout_msgs/include/scout_msgs/scout_msgs/msg/scout_status.hpp
[1.761s] -- Up-to-date: /home/jajayu/ros2robotics2024_ws/install/scout_msgs/include/scout_msgs/scout_msgs/msg/scout_actuator_state.hpp
[1.761s] -- Up-to-date: /home/jajayu/ros2robotics2024_ws/install/scout_msgs/include/scout_msgs/scout_msgs/msg/detail
[1.761s] -- Up-to-date: /home/jajayu/ros2robotics2024_ws/install/scout_msgs/include/scout_msgs/scout_msgs/msg/detail/scout_light_cmd__builder.hpp
[1.762s] -- Up-to-date: /home/jajayu/ros2robotics2024_ws/install/scout_msgs/include/scout_msgs/scout_msgs/msg/detail/scout_rc_state__struct.hpp
[1.762s] -- Up-to-date: /home/jajayu/ros2robotics2024_ws/install/scout_msgs/include/scout_msgs/scout_msgs/msg/detail/scout_status__traits.hpp
[1.762s] -- Up-to-date: /home/jajayu/ros2robotics2024_ws/install/scout_msgs/include/scout_msgs/scout_msgs/msg/detail/scout_light_state__traits.hpp
[1.762s] -- Up-to-date: /home/jajayu/ros2robotics2024_ws/install/scout_msgs/include/scout_msgs/scout_msgs/msg/detail/scout_light_state__struct.hpp
[1.762s] -- Up-to-date: /home/jajayu/ros2robotics2024_ws/install/scout_msgs/include/scout_msgs/scout_msgs/msg/detail/scout_light_cmd__struct.hpp
[1.762s] -- Up-to-date: /home/jajayu/ros2robotics2024_ws/install/scout_msgs/include/scout_msgs/scout_msgs/msg/detail/scout_status__builder.hpp
[1.762s] -- Up-to-date: /home/jajayu/ros2robotics2024_ws/install/scout_msgs/include/scout_msgs/scout_msgs/msg/detail/scout_rc_state__builder.hpp
[1.762s] -- Up-to-date: /home/jajayu/ros2robotics2024_ws/install/scout_msgs/include/scout_msgs/scout_msgs/msg/detail/scout_rc_state__traits.hpp
[1.762s] -- Up-to-date: /home/jajayu/ros2robotics2024_ws/install/scout_msgs/include/scout_msgs/scout_msgs/msg/detail/scout_actuator_state__builder.hpp
[1.763s] -- Up-to-date: /home/jajayu/ros2robotics2024_ws/install/scout_msgs/include/scout_msgs/scout_msgs/msg/detail/scout_light_state__builder.hpp
[1.763s] -- Up-to-date: /home/jajayu/ros2robotics2024_ws/install/scout_msgs/include/scout_msgs/scout_msgs/msg/detail/scout_light_cmd__traits.hpp
[1.763s] -- Up-to-date: /home/jajayu/ros2robotics2024_ws/install/scout_msgs/include/scout_msgs/scout_msgs/msg/detail/scout_actuator_state__struct.hpp
[1.763s] -- Up-to-date: /home/jajayu/ros2robotics2024_ws/install/scout_msgs/include/scout_msgs/scout_msgs/msg/detail/scout_actuator_state__traits.hpp
[1.763s] -- Up-to-date: /home/jajayu/ros2robotics2024_ws/install/scout_msgs/include/scout_msgs/scout_msgs/msg/detail/scout_status__struct.hpp
[1.763s] -- Up-to-date: /home/jajayu/ros2robotics2024_ws/install/scout_msgs/include/scout_msgs/scout_msgs/msg/scout_light_state.hpp
[1.764s] -- Up-to-date: /home/jajayu/ros2robotics2024_ws/install/scout_msgs/include/scout_msgs/scout_msgs/msg/scout_rc_state.hpp
[1.764s] -- Up-to-date: /home/jajayu/ros2robotics2024_ws/install/scout_msgs/include/scout_msgs/scout_msgs/msg/scout_light_cmd.hpp
[1.764s] -- Up-to-date: /home/jajayu/ros2robotics2024_ws/install/scout_msgs/include/scout_msgs/scout_msgs
[1.764s] -- Up-to-date: /home/jajayu/ros2robotics2024_ws/install/scout_msgs/include/scout_msgs/scout_msgs/msg
[1.764s] -- Up-to-date: /home/jajayu/ros2robotics2024_ws/install/scout_msgs/include/scout_msgs/scout_msgs/msg/detail
[1.765s] -- Up-to-date: /home/jajayu/ros2robotics2024_ws/install/scout_msgs/include/scout_msgs/scout_msgs/msg/detail/scout_status__rosidl_typesupport_fastrtps_cpp.hpp
[1.765s] -- Up-to-date: /home/jajayu/ros2robotics2024_ws/install/scout_msgs/include/scout_msgs/scout_msgs/msg/detail/scout_rc_state__rosidl_typesupport_fastrtps_cpp.hpp
[1.765s] -- Up-to-date: /home/jajayu/ros2robotics2024_ws/install/scout_msgs/include/scout_msgs/scout_msgs/msg/detail/scout_light_cmd__rosidl_typesupport_fastrtps_cpp.hpp
[1.765s] -- Up-to-date: /home/jajayu/ros2robotics2024_ws/install/scout_msgs/include/scout_msgs/scout_msgs/msg/detail/dds_fastrtps
[1.765s] -- Up-to-date: /home/jajayu/ros2robotics2024_ws/install/scout_msgs/include/scout_msgs/scout_msgs/msg/detail/scout_light_state__rosidl_typesupport_fastrtps_cpp.hpp
[1.765s] -- Up-to-date: /home/jajayu/ros2robotics2024_ws/install/scout_msgs/include/scout_msgs/scout_msgs/msg/detail/scout_actuator_state__rosidl_typesupport_fastrtps_cpp.hpp
[1.765s] -- Up-to-date: /home/jajayu/ros2robotics2024_ws/install/scout_msgs/include/scout_msgs/scout_msgs/msg/rosidl_typesupport_fastrtps_cpp__visibility_control.h
[1.765s] -- Up-to-date: /home/jajayu/ros2robotics2024_ws/install/scout_msgs/lib/libscout_msgs__rosidl_typesupport_fastrtps_cpp.so
[1.765s] -- Up-to-date: /home/jajayu/ros2robotics2024_ws/install/scout_msgs/include/scout_msgs/scout_msgs
[1.765s] -- Up-to-date: /home/jajayu/ros2robotics2024_ws/install/scout_msgs/include/scout_msgs/scout_msgs/msg
[1.765s] -- Up-to-date: /home/jajayu/ros2robotics2024_ws/install/scout_msgs/include/scout_msgs/scout_msgs/msg/detail
[1.765s] -- Up-to-date: /home/jajayu/ros2robotics2024_ws/install/scout_msgs/include/scout_msgs/scout_msgs/msg/detail/scout_rc_state__type_support.c
[1.765s] -- Up-to-date: /home/jajayu/ros2robotics2024_ws/install/scout_msgs/include/scout_msgs/scout_msgs/msg/detail/scout_rc_state__rosidl_typesupport_introspection_c.h
[1.766s] -- Up-to-date: /home/jajayu/ros2robotics2024_ws/install/scout_msgs/include/scout_msgs/scout_msgs/msg/detail/scout_light_cmd__rosidl_typesupport_introspection_c.h
[1.766s] -- Up-to-date: /home/jajayu/ros2robotics2024_ws/install/scout_msgs/include/scout_msgs/scout_msgs/msg/detail/scout_actuator_state__rosidl_typesupport_introspection_c.h
[1.766s] -- Up-to-date: /home/jajayu/ros2robotics2024_ws/install/scout_msgs/include/scout_msgs/scout_msgs/msg/detail/scout_status__type_support.c
[1.766s] -- Up-to-date: /home/jajayu/ros2robotics2024_ws/install/scout_msgs/include/scout_msgs/scout_msgs/msg/detail/scout_light_cmd__type_support.c
[1.766s] -- Up-to-date: /home/jajayu/ros2robotics2024_ws/install/scout_msgs/include/scout_msgs/scout_msgs/msg/detail/scout_actuator_state__type_support.c
[1.766s] -- Up-to-date: /home/jajayu/ros2robotics2024_ws/install/scout_msgs/include/scout_msgs/scout_msgs/msg/detail/scout_status__rosidl_typesupport_introspection_c.h
[1.766s] -- Up-to-date: /home/jajayu/ros2robotics2024_ws/install/scout_msgs/include/scout_msgs/scout_msgs/msg/detail/scout_light_state__rosidl_typesupport_introspection_c.h
[1.766s] -- Up-to-date: /home/jajayu/ros2robotics2024_ws/install/scout_msgs/include/scout_msgs/scout_msgs/msg/detail/scout_light_state__type_support.c
[1.766s] -- Up-to-date: /home/jajayu/ros2robotics2024_ws/install/scout_msgs/include/scout_msgs/scout_msgs/msg/rosidl_typesupport_introspection_c__visibility_control.h
[1.766s] -- Up-to-date: /home/jajayu/ros2robotics2024_ws/install/scout_msgs/lib/libscout_msgs__rosidl_typesupport_introspection_c.so
[1.766s] -- Up-to-date: /home/jajayu/ros2robotics2024_ws/install/scout_msgs/lib/libscout_msgs__rosidl_typesupport_c.so
[1.766s] -- Up-to-date: /home/jajayu/ros2robotics2024_ws/install/scout_msgs/include/scout_msgs/scout_msgs
[1.766s] -- Up-to-date: /home/jajayu/ros2robotics2024_ws/install/scout_msgs/include/scout_msgs/scout_msgs/msg
[1.771s] -- Up-to-date: /home/jajayu/ros2robotics2024_ws/install/scout_msgs/include/scout_msgs/scout_msgs/msg/detail
[1.771s] -- Up-to-date: /home/jajayu/ros2robotics2024_ws/install/scout_msgs/include/scout_msgs/scout_msgs/msg/detail/scout_status__type_support.cpp
[1.771s] -- Up-to-date: /home/jajayu/ros2robotics2024_ws/install/scout_msgs/include/scout_msgs/scout_msgs/msg/detail/scout_actuator_state__type_support.cpp
[1.771s] -- Up-to-date: /home/jajayu/ros2robotics2024_ws/install/scout_msgs/include/scout_msgs/scout_msgs/msg/detail/scout_light_state__type_support.cpp
[1.771s] -- Up-to-date: /home/jajayu/ros2robotics2024_ws/install/scout_msgs/include/scout_msgs/scout_msgs/msg/detail/scout_status__rosidl_typesupport_introspection_cpp.hpp
[1.772s] -- Up-to-date: /home/jajayu/ros2robotics2024_ws/install/scout_msgs/include/scout_msgs/scout_msgs/msg/detail/scout_rc_state__rosidl_typesupport_introspection_cpp.hpp
[1.772s] -- Up-to-date: /home/jajayu/ros2robotics2024_ws/install/scout_msgs/include/scout_msgs/scout_msgs/msg/detail/scout_light_cmd__rosidl_typesupport_introspection_cpp.hpp
[1.772s] -- Up-to-date: /home/jajayu/ros2robotics2024_ws/install/scout_msgs/include/scout_msgs/scout_msgs/msg/detail/scout_rc_state__type_support.cpp
[1.772s] -- Up-to-date: /home/jajayu/ros2robotics2024_ws/install/scout_msgs/include/scout_msgs/scout_msgs/msg/detail/scout_light_cmd__type_support.cpp
[1.772s] -- Up-to-date: /home/jajayu/ros2robotics2024_ws/install/scout_msgs/include/scout_msgs/scout_msgs/msg/detail/scout_light_state__rosidl_typesupport_introspection_cpp.hpp
[1.772s] -- Up-to-date: /home/jajayu/ros2robotics2024_ws/install/scout_msgs/include/scout_msgs/scout_msgs/msg/detail/scout_actuator_state__rosidl_typesupport_introspection_cpp.hpp
[1.772s] -- Up-to-date: /home/jajayu/ros2robotics2024_ws/install/scout_msgs/lib/libscout_msgs__rosidl_typesupport_introspection_cpp.so
[1.772s] -- Up-to-date: /home/jajayu/ros2robotics2024_ws/install/scout_msgs/lib/libscout_msgs__rosidl_typesupport_cpp.so
[1.772s] -- Up-to-date: /home/jajayu/ros2robotics2024_ws/install/scout_msgs/share/scout_msgs/environment/pythonpath.sh
[1.772s] -- Up-to-date: /home/jajayu/ros2robotics2024_ws/install/scout_msgs/share/scout_msgs/environment/pythonpath.dsv
[1.772s] -- Up-to-date: /home/jajayu/ros2robotics2024_ws/install/scout_msgs/local/lib/python3.10/dist-packages/scout_msgs-0.1.0-py3.10.egg-info
[1.772s] -- Installing: /home/jajayu/ros2robotics2024_ws/install/scout_msgs/local/lib/python3.10/dist-packages/scout_msgs-0.1.0-py3.10.egg-info/PKG-INFO
[1.772s] -- Installing: /home/jajayu/ros2robotics2024_ws/install/scout_msgs/local/lib/python3.10/dist-packages/scout_msgs-0.1.0-py3.10.egg-info/dependency_links.txt
[1.773s] -- Installing: /home/jajayu/ros2robotics2024_ws/install/scout_msgs/local/lib/python3.10/dist-packages/scout_msgs-0.1.0-py3.10.egg-info/SOURCES.txt
[1.773s] -- Installing: /home/jajayu/ros2robotics2024_ws/install/scout_msgs/local/lib/python3.10/dist-packages/scout_msgs-0.1.0-py3.10.egg-info/top_level.txt
[1.773s] -- Up-to-date: /home/jajayu/ros2robotics2024_ws/install/scout_msgs/local/lib/python3.10/dist-packages/scout_msgs
[1.773s] -- Up-to-date: /home/jajayu/ros2robotics2024_ws/install/scout_msgs/local/lib/python3.10/dist-packages/scout_msgs/_scout_msgs_s.ep.rosidl_typesupport_introspection_c.c
[1.773s] -- Up-to-date: /home/jajayu/ros2robotics2024_ws/install/scout_msgs/local/lib/python3.10/dist-packages/scout_msgs/libscout_msgs__rosidl_generator_py.so
[1.773s] -- Up-to-date: /home/jajayu/ros2robotics2024_ws/install/scout_msgs/local/lib/python3.10/dist-packages/scout_msgs/scout_msgs_s__rosidl_typesupport_introspection_c.cpython-310-x86_64-linux-gnu.so
[1.773s] -- Up-to-date: /home/jajayu/ros2robotics2024_ws/install/scout_msgs/local/lib/python3.10/dist-packages/scout_msgs/msg
[1.773s] -- Up-to-date: /home/jajayu/ros2robotics2024_ws/install/scout_msgs/local/lib/python3.10/dist-packages/scout_msgs/msg/_scout_status.py
[1.773s] -- Up-to-date: /home/jajayu/ros2robotics2024_ws/install/scout_msgs/local/lib/python3.10/dist-packages/scout_msgs/msg/_scout_light_cmd_s.c
[1.773s] -- Up-to-date: /home/jajayu/ros2robotics2024_ws/install/scout_msgs/local/lib/python3.10/dist-packages/scout_msgs/msg/_scout_rc_state_s.c
[1.773s] -- Up-to-date: /home/jajayu/ros2robotics2024_ws/install/scout_msgs/local/lib/python3.10/dist-packages/scout_msgs/msg/_scout_light_cmd.py
[1.773s] -- Up-to-date: /home/jajayu/ros2robotics2024_ws/install/scout_msgs/local/lib/python3.10/dist-packages/scout_msgs/msg/_scout_actuator_state_s.c
[1.773s] -- Up-to-date: /home/jajayu/ros2robotics2024_ws/install/scout_msgs/local/lib/python3.10/dist-packages/scout_msgs/msg/_scout_status_s.c
[1.774s] -- Up-to-date: /home/jajayu/ros2robotics2024_ws/install/scout_msgs/local/lib/python3.10/dist-packages/scout_msgs/msg/__init__.py
[1.774s] -- Up-to-date: /home/jajayu/ros2robotics2024_ws/install/scout_msgs/local/lib/python3.10/dist-packages/scout_msgs/msg/_scout_rc_state.py
[1.774s] -- Up-to-date: /home/jajayu/ros2robotics2024_ws/install/scout_msgs/local/lib/python3.10/dist-packages/scout_msgs/msg/_scout_light_state.py
[1.774s] -- Up-to-date: /home/jajayu/ros2robotics2024_ws/install/scout_msgs/local/lib/python3.10/dist-packages/scout_msgs/msg/_scout_light_state_s.c
[1.774s] -- Up-to-date: /home/jajayu/ros2robotics2024_ws/install/scout_msgs/local/lib/python3.10/dist-packages/scout_msgs/msg/_scout_actuator_state.py
[1.774s] -- Up-to-date: /home/jajayu/ros2robotics2024_ws/install/scout_msgs/local/lib/python3.10/dist-packages/scout_msgs/__init__.py
[1.774s] -- Up-to-date: /home/jajayu/ros2robotics2024_ws/install/scout_msgs/local/lib/python3.10/dist-packages/scout_msgs/_scout_msgs_s.ep.rosidl_typesupport_c.c
[1.774s] -- Up-to-date: /home/jajayu/ros2robotics2024_ws/install/scout_msgs/local/lib/python3.10/dist-packages/scout_msgs/scout_msgs_s__rosidl_typesupport_fastrtps_c.cpython-310-x86_64-linux-gnu.so
[1.774s] -- Up-to-date: /home/jajayu/ros2robotics2024_ws/install/scout_msgs/local/lib/python3.10/dist-packages/scout_msgs/scout_msgs_s__rosidl_typesupport_c.cpython-310-x86_64-linux-gnu.so
[1.774s] -- Up-to-date: /home/jajayu/ros2robotics2024_ws/install/scout_msgs/local/lib/python3.10/dist-packages/scout_msgs/_scout_msgs_s.ep.rosidl_typesupport_fastrtps_c.c
[1.877s] Listing '/home/jajayu/ros2robotics2024_ws/install/scout_msgs/local/lib/python3.10/dist-packages/scout_msgs'...
[1.877s] Listing '/home/jajayu/ros2robotics2024_ws/install/scout_msgs/local/lib/python3.10/dist-packages/scout_msgs/msg'...
[1.892s] -- Up-to-date: /home/jajayu/ros2robotics2024_ws/install/scout_msgs/local/lib/python3.10/dist-packages/scout_msgs/scout_msgs_s__rosidl_typesupport_fastrtps_c.cpython-310-x86_64-linux-gnu.so
[1.893s] -- Up-to-date: /home/jajayu/ros2robotics2024_ws/install/scout_msgs/local/lib/python3.10/dist-packages/scout_msgs/scout_msgs_s__rosidl_typesupport_introspection_c.cpython-310-x86_64-linux-gnu.so
[1.893s] -- Up-to-date: /home/jajayu/ros2robotics2024_ws/install/scout_msgs/local/lib/python3.10/dist-packages/scout_msgs/scout_msgs_s__rosidl_typesupport_c.cpython-310-x86_64-linux-gnu.so
[1.896s] -- Up-to-date: /home/jajayu/ros2robotics2024_ws/install/scout_msgs/lib/libscout_msgs__rosidl_generator_py.so
[1.900s] -- Up-to-date: /home/jajayu/ros2robotics2024_ws/install/scout_msgs/share/scout_msgs/msg/ScoutActuatorState.idl
[1.900s] -- Up-to-date: /home/jajayu/ros2robotics2024_ws/install/scout_msgs/share/scout_msgs/msg/ScoutLightCmd.idl
[1.900s] -- Up-to-date: /home/jajayu/ros2robotics2024_ws/install/scout_msgs/share/scout_msgs/msg/ScoutLightState.idl
[1.900s] -- Up-to-date: /home/jajayu/ros2robotics2024_ws/install/scout_msgs/share/scout_msgs/msg/ScoutRCState.idl
[1.901s] -- Up-to-date: /home/jajayu/ros2robotics2024_ws/install/scout_msgs/share/scout_msgs/msg/ScoutStatus.idl
[1.901s] -- Up-to-date: /home/jajayu/ros2robotics2024_ws/install/scout_msgs/share/scout_msgs/msg/ScoutActuatorState.msg
[1.901s] -- Up-to-date: /home/jajayu/ros2robotics2024_ws/install/scout_msgs/share/scout_msgs/msg/ScoutLightCmd.msg
[1.901s] -- Up-to-date: /home/jajayu/ros2robotics2024_ws/install/scout_msgs/share/scout_msgs/msg/ScoutLightState.msg
[1.901s] -- Up-to-date: /home/jajayu/ros2robotics2024_ws/install/scout_msgs/share/scout_msgs/msg/ScoutRCState.msg
[1.901s] -- Up-to-date: /home/jajayu/ros2robotics2024_ws/install/scout_msgs/share/scout_msgs/msg/ScoutStatus.msg
[1.901s] -- Up-to-date: /home/jajayu/ros2robotics2024_ws/install/scout_msgs/share/ament_index/resource_index/package_run_dependencies/scout_msgs
[1.901s] -- Up-to-date: /home/jajayu/ros2robotics2024_ws/install/scout_msgs/share/ament_index/resource_index/parent_prefix_path/scout_msgs
[1.902s] -- Up-to-date: /home/jajayu/ros2robotics2024_ws/install/scout_msgs/share/scout_msgs/environment/ament_prefix_path.sh
[1.905s] -- Up-to-date: /home/jajayu/ros2robotics2024_ws/install/scout_msgs/share/scout_msgs/environment/ament_prefix_path.dsv
[1.905s] -- Up-to-date: /home/jajayu/ros2robotics2024_ws/install/scout_msgs/share/scout_msgs/environment/path.sh
[1.905s] -- Up-to-date: /home/jajayu/ros2robotics2024_ws/install/scout_msgs/share/scout_msgs/environment/path.dsv
[1.906s] -- Up-to-date: /home/jajayu/ros2robotics2024_ws/install/scout_msgs/share/scout_msgs/local_setup.bash
[1.906s] -- Up-to-date: /home/jajayu/ros2robotics2024_ws/install/scout_msgs/share/scout_msgs/local_setup.sh
[1.906s] -- Up-to-date: /home/jajayu/ros2robotics2024_ws/install/scout_msgs/share/scout_msgs/local_setup.zsh
[1.906s] -- Up-to-date: /home/jajayu/ros2robotics2024_ws/install/scout_msgs/share/scout_msgs/local_setup.dsv
[1.906s] -- Installing: /home/jajayu/ros2robotics2024_ws/install/scout_msgs/share/scout_msgs/package.dsv
[1.906s] -- Up-to-date: /home/jajayu/ros2robotics2024_ws/install/scout_msgs/share/ament_index/resource_index/packages/scout_msgs
[1.906s] -- Up-to-date: /home/jajayu/ros2robotics2024_ws/install/scout_msgs/share/scout_msgs/cmake/export_scout_msgs__rosidl_generator_cExport.cmake
[1.907s] -- Up-to-date: /home/jajayu/ros2robotics2024_ws/install/scout_msgs/share/scout_msgs/cmake/export_scout_msgs__rosidl_generator_cExport-noconfig.cmake
[1.907s] -- Up-to-date: /home/jajayu/ros2robotics2024_ws/install/scout_msgs/share/scout_msgs/cmake/export_scout_msgs__rosidl_typesupport_fastrtps_cExport.cmake
[1.907s] -- Up-to-date: /home/jajayu/ros2robotics2024_ws/install/scout_msgs/share/scout_msgs/cmake/export_scout_msgs__rosidl_typesupport_fastrtps_cExport-noconfig.cmake
[1.907s] -- Up-to-date: /home/jajayu/ros2robotics2024_ws/install/scout_msgs/share/scout_msgs/cmake/export_scout_msgs__rosidl_generator_cppExport.cmake
[1.907s] -- Up-to-date: /home/jajayu/ros2robotics2024_ws/install/scout_msgs/share/scout_msgs/cmake/export_scout_msgs__rosidl_typesupport_fastrtps_cppExport.cmake
[1.907s] -- Up-to-date: /home/jajayu/ros2robotics2024_ws/install/scout_msgs/share/scout_msgs/cmake/export_scout_msgs__rosidl_typesupport_fastrtps_cppExport-noconfig.cmake
[1.907s] -- Up-to-date: /home/jajayu/ros2robotics2024_ws/install/scout_msgs/share/scout_msgs/cmake/scout_msgs__rosidl_typesupport_introspection_cExport.cmake
[1.907s] -- Up-to-date: /home/jajayu/ros2robotics2024_ws/install/scout_msgs/share/scout_msgs/cmake/scout_msgs__rosidl_typesupport_introspection_cExport-noconfig.cmake
[1.907s] -- Up-to-date: /home/jajayu/ros2robotics2024_ws/install/scout_msgs/share/scout_msgs/cmake/scout_msgs__rosidl_typesupport_cExport.cmake
[1.907s] -- Up-to-date: /home/jajayu/ros2robotics2024_ws/install/scout_msgs/share/scout_msgs/cmake/scout_msgs__rosidl_typesupport_cExport-noconfig.cmake
[1.907s] -- Up-to-date: /home/jajayu/ros2robotics2024_ws/install/scout_msgs/share/scout_msgs/cmake/scout_msgs__rosidl_typesupport_introspection_cppExport.cmake
[1.907s] -- Up-to-date: /home/jajayu/ros2robotics2024_ws/install/scout_msgs/share/scout_msgs/cmake/scout_msgs__rosidl_typesupport_introspection_cppExport-noconfig.cmake
[1.907s] -- Up-to-date: /home/jajayu/ros2robotics2024_ws/install/scout_msgs/share/scout_msgs/cmake/scout_msgs__rosidl_typesupport_cppExport.cmake
[1.907s] -- Up-to-date: /home/jajayu/ros2robotics2024_ws/install/scout_msgs/share/scout_msgs/cmake/scout_msgs__rosidl_typesupport_cppExport-noconfig.cmake
[1.907s] -- Up-to-date: /home/jajayu/ros2robotics2024_ws/install/scout_msgs/share/scout_msgs/cmake/export_scout_msgs__rosidl_generator_pyExport.cmake
[1.908s] -- Up-to-date: /home/jajayu/ros2robotics2024_ws/install/scout_msgs/share/scout_msgs/cmake/export_scout_msgs__rosidl_generator_pyExport-noconfig.cmake
[1.908s] -- Up-to-date: /home/jajayu/ros2robotics2024_ws/install/scout_msgs/share/scout_msgs/cmake/rosidl_cmake-extras.cmake
[1.908s] -- Up-to-date: /home/jajayu/ros2robotics2024_ws/install/scout_msgs/share/scout_msgs/cmake/ament_cmake_export_dependencies-extras.cmake
[1.908s] -- Up-to-date: /home/jajayu/ros2robotics2024_ws/install/scout_msgs/share/scout_msgs/cmake/ament_cmake_export_include_directories-extras.cmake
[1.908s] -- Up-to-date: /home/jajayu/ros2robotics2024_ws/install/scout_msgs/share/scout_msgs/cmake/ament_cmake_export_libraries-extras.cmake
[1.908s] -- Up-to-date: /home/jajayu/ros2robotics2024_ws/install/scout_msgs/share/scout_msgs/cmake/ament_cmake_export_targets-extras.cmake
[1.908s] -- Up-to-date: /home/jajayu/ros2robotics2024_ws/install/scout_msgs/share/scout_msgs/cmake/rosidl_cmake_export_typesupport_targets-extras.cmake
[1.908s] -- Up-to-date: /home/jajayu/ros2robotics2024_ws/install/scout_msgs/share/scout_msgs/cmake/rosidl_cmake_export_typesupport_libraries-extras.cmake
[1.908s] -- Up-to-date: /home/jajayu/ros2robotics2024_ws/install/scout_msgs/share/scout_msgs/cmake/scout_msgsConfig.cmake
[1.908s] -- Up-to-date: /home/jajayu/ros2robotics2024_ws/install/scout_msgs/share/scout_msgs/cmake/scout_msgsConfig-version.cmake
[1.908s] -- Up-to-date: /home/jajayu/ros2robotics2024_ws/install/scout_msgs/share/scout_msgs/package.xml
[1.942s] Invoked command in '/home/jajayu/ros2robotics2024_ws/build/scout_msgs' returned '0': CMAKE_PREFIX_PATH=${CMAKE_PREFIX_PATH}:/home/jajayu/TomatoHarvesting_NextBestView/nbv_code/ros2_ws2/install/my_robot_nbv:/home/jajayu/TomatoHarvesting_NextBestView/nbv_code/ros2_ws2/install/my_robot_cam:/home/jajayu/ros2_ws/install/webots_ros2_tests:/home/jajayu/ros2_ws/install/webots_ros2:/home/jajayu/ros2_ws/install/pcd_demo:/home/jajayu/ros2_ws/install/my_robot_controller:/home/jajayu/ros2_ws/install/my_robot_cam:/home/jajayu/ros2_ws/install/gazebo_tutorial:/opt/ros/humble /home/jajayu/.local/bin/cmake --install /home/jajayu/ros2robotics2024_ws/build/scout_msgs
