[0.028s] Invoking command in '/home/jajayu/ros2robotics2024_ws/build/scout_msgs': CMAKE_PREFIX_PATH=/opt/ros/humble:/home/jajayu/TomatoHarvesting_NextBestView/nbv_code/ros2_ws2/install/my_robot_nbv:/home/jajayu/TomatoHarvesting_NextBestView/nbv_code/ros2_ws2/install/my_robot_cam:/home/jajayu/ros2_ws/install/webots_ros2_tests:/home/jajayu/ros2_ws/install/webots_ros2:/home/jajayu/ros2_ws/install/pcd_demo:/home/jajayu/ros2_ws/install/my_robot_controller:/home/jajayu/ros2_ws/install/my_robot_cam:/home/jajayu/ros2_ws/install/gazebo_tutorial:/home/jajayu/ros2robotics2024_ws/install/ugv_sdk:/home/jajayu/ros2robotics2024_ws/install/scout_msgs:/home/jajayu/ros2robotics2024_ws/install/scout_description:/home/jajayu/TomatoHarvesting_NextBestView/nbv_code/ros2_ws2/install/realsense2_description:/home/jajayu/TomatoHarvesting_NextBestView/nbv_code/ros2_ws2/install/realsense2_camera:/home/jajayu/TomatoHarvesting_NextBestView/nbv_code/ros2_ws2/install/realsense2_camera_msgs:/home/jajayu/TomatoHarvesting_NextBestView/nbv_code/ros2_ws2/install/octomap_server2:/home/jajayu/TomatoHarvesting_NextBestView/nbv_code/ros2_ws2/install/my_robot_nbv_cmake:/home/jajayu/TomatoHarvesting_NextBestView/nbv_code/ros2_ws2/install/my_bot:/home/jajayu/ros2_ws/install/urdf_example:/home/jajayu/ros2_ws/install/perception_pcl:/home/jajayu/ros2_ws/install/pcl_ros:/home/jajayu/ros2_ws/install/octomap_server2:/home/jajayu/ros2_ws/install/pcl_conversions:/home/jajayu/ros2_ws/install/pcl_msgs:/home/jajayu/ros2_ws/install/my_robot_cam_cmake:/home/jajayu/ros2_ws/install/my_bot:/home/jajayu/ros2_ws/install/depthimage_to_pointcloud2 /home/jajayu/.local/bin/cmake --build /home/jajayu/ros2robotics2024_ws/build/scout_msgs -- -j8 -l8
[0.151s] [  1%] Built target scout_msgs__cpp
[0.155s] [ 12%] Built target scout_msgs__rosidl_generator_c
[0.159s] [ 12%] Built target ament_cmake_python_copy_scout_msgs
[0.168s] [ 23%] Built target scout_msgs__rosidl_typesupport_cpp
[0.174s] [ 34%] Built target scout_msgs__rosidl_typesupport_fastrtps_cpp
[0.174s] [ 57%] Built target scout_msgs__rosidl_typesupport_introspection_cpp
[0.175s] [ 46%] Built target scout_msgs__rosidl_typesupport_fastrtps_c
[0.175s] [ 68%] Built target scout_msgs__rosidl_typesupport_introspection_c
[0.176s] [ 79%] Built target scout_msgs__rosidl_typesupport_c
[0.186s] [ 79%] Built target scout_msgs
[0.197s] [ 80%] Built target scout_msgs__py
[0.211s] [ 90%] Built target scout_msgs__rosidl_generator_py
[0.224s] [ 96%] Built target scout_msgs__rosidl_typesupport_introspection_c__pyext
[0.224s] [ 96%] Built target scout_msgs__rosidl_typesupport_fastrtps_c__pyext
[0.224s] [100%] Built target scout_msgs__rosidl_typesupport_c__pyext
[0.479s] running egg_info
[0.479s] writing scout_msgs.egg-info/PKG-INFO
[0.480s] writing dependency_links to scout_msgs.egg-info/dependency_links.txt
[0.480s] writing top-level names to scout_msgs.egg-info/top_level.txt
[0.486s] reading manifest file 'scout_msgs.egg-info/SOURCES.txt'
[0.486s] writing manifest file 'scout_msgs.egg-info/SOURCES.txt'
[0.513s] [100%] Built target ament_cmake_python_build_scout_msgs_egg
[0.532s] Invoked command in '/home/jajayu/ros2robotics2024_ws/build/scout_msgs' returned '0': CMAKE_PREFIX_PATH=/opt/ros/humble:/home/jajayu/TomatoHarvesting_NextBestView/nbv_code/ros2_ws2/install/my_robot_nbv:/home/jajayu/TomatoHarvesting_NextBestView/nbv_code/ros2_ws2/install/my_robot_cam:/home/jajayu/ros2_ws/install/webots_ros2_tests:/home/jajayu/ros2_ws/install/webots_ros2:/home/jajayu/ros2_ws/install/pcd_demo:/home/jajayu/ros2_ws/install/my_robot_controller:/home/jajayu/ros2_ws/install/my_robot_cam:/home/jajayu/ros2_ws/install/gazebo_tutorial:/home/jajayu/ros2robotics2024_ws/install/ugv_sdk:/home/jajayu/ros2robotics2024_ws/install/scout_msgs:/home/jajayu/ros2robotics2024_ws/install/scout_description:/home/jajayu/TomatoHarvesting_NextBestView/nbv_code/ros2_ws2/install/realsense2_description:/home/jajayu/TomatoHarvesting_NextBestView/nbv_code/ros2_ws2/install/realsense2_camera:/home/jajayu/TomatoHarvesting_NextBestView/nbv_code/ros2_ws2/install/realsense2_camera_msgs:/home/jajayu/TomatoHarvesting_NextBestView/nbv_code/ros2_ws2/install/octomap_server2:/home/jajayu/TomatoHarvesting_NextBestView/nbv_code/ros2_ws2/install/my_robot_nbv_cmake:/home/jajayu/TomatoHarvesting_NextBestView/nbv_code/ros2_ws2/install/my_bot:/home/jajayu/ros2_ws/install/urdf_example:/home/jajayu/ros2_ws/install/perception_pcl:/home/jajayu/ros2_ws/install/pcl_ros:/home/jajayu/ros2_ws/install/octomap_server2:/home/jajayu/ros2_ws/install/pcl_conversions:/home/jajayu/ros2_ws/install/pcl_msgs:/home/jajayu/ros2_ws/install/my_robot_cam_cmake:/home/jajayu/ros2_ws/install/my_bot:/home/jajayu/ros2_ws/install/depthimage_to_pointcloud2 /home/jajayu/.local/bin/cmake --build /home/jajayu/ros2robotics2024_ws/build/scout_msgs -- -j8 -l8
[0.803s] Invoking command in '/home/jajayu/ros2robotics2024_ws/build/scout_msgs': CMAKE_PREFIX_PATH=/opt/ros/humble:/home/jajayu/TomatoHarvesting_NextBestView/nbv_code/ros2_ws2/install/my_robot_nbv:/home/jajayu/TomatoHarvesting_NextBestView/nbv_code/ros2_ws2/install/my_robot_cam:/home/jajayu/ros2_ws/install/webots_ros2_tests:/home/jajayu/ros2_ws/install/webots_ros2:/home/jajayu/ros2_ws/install/pcd_demo:/home/jajayu/ros2_ws/install/my_robot_controller:/home/jajayu/ros2_ws/install/my_robot_cam:/home/jajayu/ros2_ws/install/gazebo_tutorial:/home/jajayu/ros2robotics2024_ws/install/ugv_sdk:/home/jajayu/ros2robotics2024_ws/install/scout_msgs:/home/jajayu/ros2robotics2024_ws/install/scout_description:/home/jajayu/TomatoHarvesting_NextBestView/nbv_code/ros2_ws2/install/realsense2_description:/home/jajayu/TomatoHarvesting_NextBestView/nbv_code/ros2_ws2/install/realsense2_camera:/home/jajayu/TomatoHarvesting_NextBestView/nbv_code/ros2_ws2/install/realsense2_camera_msgs:/home/jajayu/TomatoHarvesting_NextBestView/nbv_code/ros2_ws2/install/octomap_server2:/home/jajayu/TomatoHarvesting_NextBestView/nbv_code/ros2_ws2/install/my_robot_nbv_cmake:/home/jajayu/TomatoHarvesting_NextBestView/nbv_code/ros2_ws2/install/my_bot:/home/jajayu/ros2_ws/install/urdf_example:/home/jajayu/ros2_ws/install/perception_pcl:/home/jajayu/ros2_ws/install/pcl_ros:/home/jajayu/ros2_ws/install/octomap_server2:/home/jajayu/ros2_ws/install/pcl_conversions:/home/jajayu/ros2_ws/install/pcl_msgs:/home/jajayu/ros2_ws/install/my_robot_cam_cmake:/home/jajayu/ros2_ws/install/my_bot:/home/jajayu/ros2_ws/install/depthimage_to_pointcloud2 /home/jajayu/.local/bin/cmake --install /home/jajayu/ros2robotics2024_ws/build/scout_msgs
[0.904s] -- Install configuration: ""
[0.904s] -- Up-to-date: /home/jajayu/ros2robotics2024_ws/install/scout_msgs/share/ament_index/resource_index/rosidl_interfaces/scout_msgs
[0.905s] -- Up-to-date: /home/jajayu/ros2robotics2024_ws/install/scout_msgs/include/scout_msgs/scout_msgs
[0.905s] -- Up-to-date: /home/jajayu/ros2robotics2024_ws/install/scout_msgs/include/scout_msgs/scout_msgs/msg
[0.905s] -- Up-to-date: /home/jajayu/ros2robotics2024_ws/install/scout_msgs/include/scout_msgs/scout_msgs/msg/scout_light_state.h
[0.905s] -- Up-to-date: /home/jajayu/ros2robotics2024_ws/install/scout_msgs/include/scout_msgs/scout_msgs/msg/scout_status.h
[0.905s] -- Up-to-date: /home/jajayu/ros2robotics2024_ws/install/scout_msgs/include/scout_msgs/scout_msgs/msg/detail
[0.905s] -- Up-to-date: /home/jajayu/ros2robotics2024_ws/install/scout_msgs/include/scout_msgs/scout_msgs/msg/detail/scout_light_state__type_support.h
[0.905s] -- Up-to-date: /home/jajayu/ros2robotics2024_ws/install/scout_msgs/include/scout_msgs/scout_msgs/msg/detail/scout_light_cmd__functions.h
[0.905s] -- Up-to-date: /home/jajayu/ros2robotics2024_ws/install/scout_msgs/include/scout_msgs/scout_msgs/msg/detail/scout_status__type_support.h
[0.905s] -- Up-to-date: /home/jajayu/ros2robotics2024_ws/install/scout_msgs/include/scout_msgs/scout_msgs/msg/detail/scout_rc_state__struct.h
[0.905s] -- Up-to-date: /home/jajayu/ros2robotics2024_ws/install/scout_msgs/include/scout_msgs/scout_msgs/msg/detail/scout_light_state__functions.h
[0.905s] -- Up-to-date: /home/jajayu/ros2robotics2024_ws/install/scout_msgs/include/scout_msgs/scout_msgs/msg/detail/scout_rc_state__functions.h
[0.905s] -- Up-to-date: /home/jajayu/ros2robotics2024_ws/install/scout_msgs/include/scout_msgs/scout_msgs/msg/detail/scout_light_cmd__type_support.h
[0.906s] -- Up-to-date: /home/jajayu/ros2robotics2024_ws/install/scout_msgs/include/scout_msgs/scout_msgs/msg/detail/scout_status__struct.h
[0.906s] -- Up-to-date: /home/jajayu/ros2robotics2024_ws/install/scout_msgs/include/scout_msgs/scout_msgs/msg/detail/scout_light_cmd__functions.c
[0.906s] -- Up-to-date: /home/jajayu/ros2robotics2024_ws/install/scout_msgs/include/scout_msgs/scout_msgs/msg/detail/scout_actuator_state__struct.h
[0.906s] -- Up-to-date: /home/jajayu/ros2robotics2024_ws/install/scout_msgs/include/scout_msgs/scout_msgs/msg/detail/scout_light_state__struct.h
[0.906s] -- Up-to-date: /home/jajayu/ros2robotics2024_ws/install/scout_msgs/include/scout_msgs/scout_msgs/msg/detail/scout_rc_state__type_support.h
[0.906s] -- Up-to-date: /home/jajayu/ros2robotics2024_ws/install/scout_msgs/include/scout_msgs/scout_msgs/msg/detail/scout_rc_state__functions.c
[0.906s] -- Up-to-date: /home/jajayu/ros2robotics2024_ws/install/scout_msgs/include/scout_msgs/scout_msgs/msg/detail/scout_actuator_state__functions.h
[0.906s] -- Up-to-date: /home/jajayu/ros2robotics2024_ws/install/scout_msgs/include/scout_msgs/scout_msgs/msg/detail/scout_light_state__functions.c
[0.906s] -- Up-to-date: /home/jajayu/ros2robotics2024_ws/install/scout_msgs/include/scout_msgs/scout_msgs/msg/detail/scout_light_cmd__struct.h
[0.906s] -- Up-to-date: /home/jajayu/ros2robotics2024_ws/install/scout_msgs/include/scout_msgs/scout_msgs/msg/detail/scout_actuator_state__functions.c
[0.906s] -- Up-to-date: /home/jajayu/ros2robotics2024_ws/install/scout_msgs/include/scout_msgs/scout_msgs/msg/detail/scout_status__functions.c
[0.906s] -- Up-to-date: /home/jajayu/ros2robotics2024_ws/install/scout_msgs/include/scout_msgs/scout_msgs/msg/detail/scout_actuator_state__type_support.h
[0.906s] -- Up-to-date: /home/jajayu/ros2robotics2024_ws/install/scout_msgs/include/scout_msgs/scout_msgs/msg/detail/scout_status__functions.h
[0.907s] -- Up-to-date: /home/jajayu/ros2robotics2024_ws/install/scout_msgs/include/scout_msgs/scout_msgs/msg/rosidl_generator_c__visibility_control.h
[0.907s] -- Up-to-date: /home/jajayu/ros2robotics2024_ws/install/scout_msgs/include/scout_msgs/scout_msgs/msg/scout_rc_state.h
[0.907s] -- Up-to-date: /home/jajayu/ros2robotics2024_ws/install/scout_msgs/include/scout_msgs/scout_msgs/msg/scout_light_cmd.h
[0.907s] -- Up-to-date: /home/jajayu/ros2robotics2024_ws/install/scout_msgs/include/scout_msgs/scout_msgs/msg/scout_actuator_state.h
[0.907s] -- Up-to-date: /home/jajayu/ros2robotics2024_ws/install/scout_msgs/share/scout_msgs/environment/library_path.sh
[0.907s] -- Up-to-date: /home/jajayu/ros2robotics2024_ws/install/scout_msgs/share/scout_msgs/environment/library_path.dsv
[0.907s] -- Up-to-date: /home/jajayu/ros2robotics2024_ws/install/scout_msgs/lib/libscout_msgs__rosidl_generator_c.so
[0.907s] -- Up-to-date: /home/jajayu/ros2robotics2024_ws/install/scout_msgs/include/scout_msgs/scout_msgs
[0.907s] -- Up-to-date: /home/jajayu/ros2robotics2024_ws/install/scout_msgs/include/scout_msgs/scout_msgs/msg
[0.907s] -- Up-to-date: /home/jajayu/ros2robotics2024_ws/install/scout_msgs/include/scout_msgs/scout_msgs/msg/detail
[0.907s] -- Up-to-date: /home/jajayu/ros2robotics2024_ws/install/scout_msgs/include/scout_msgs/scout_msgs/msg/detail/scout_light_state__rosidl_typesupport_fastrtps_c.h
[0.907s] -- Up-to-date: /home/jajayu/ros2robotics2024_ws/install/scout_msgs/include/scout_msgs/scout_msgs/msg/detail/scout_actuator_state__rosidl_typesupport_fastrtps_c.h
[0.907s] -- Up-to-date: /home/jajayu/ros2robotics2024_ws/install/scout_msgs/include/scout_msgs/scout_msgs/msg/detail/scout_light_cmd__rosidl_typesupport_fastrtps_c.h
[0.907s] -- Up-to-date: /home/jajayu/ros2robotics2024_ws/install/scout_msgs/include/scout_msgs/scout_msgs/msg/detail/scout_status__rosidl_typesupport_fastrtps_c.h
[0.908s] -- Up-to-date: /home/jajayu/ros2robotics2024_ws/install/scout_msgs/include/scout_msgs/scout_msgs/msg/detail/scout_rc_state__rosidl_typesupport_fastrtps_c.h
[0.908s] -- Up-to-date: /home/jajayu/ros2robotics2024_ws/install/scout_msgs/include/scout_msgs/scout_msgs/msg/rosidl_typesupport_fastrtps_c__visibility_control.h
[0.908s] -- Up-to-date: /home/jajayu/ros2robotics2024_ws/install/scout_msgs/lib/libscout_msgs__rosidl_typesupport_fastrtps_c.so
[0.908s] -- Up-to-date: /home/jajayu/ros2robotics2024_ws/install/scout_msgs/include/scout_msgs/scout_msgs
[0.908s] -- Up-to-date: /home/jajayu/ros2robotics2024_ws/install/scout_msgs/include/scout_msgs/scout_msgs/msg
[0.908s] -- Up-to-date: /home/jajayu/ros2robotics2024_ws/install/scout_msgs/include/scout_msgs/scout_msgs/msg/scout_status.hpp
[0.908s] -- Up-to-date: /home/jajayu/ros2robotics2024_ws/install/scout_msgs/include/scout_msgs/scout_msgs/msg/scout_actuator_state.hpp
[0.908s] -- Up-to-date: /home/jajayu/ros2robotics2024_ws/install/scout_msgs/include/scout_msgs/scout_msgs/msg/detail
[0.908s] -- Up-to-date: /home/jajayu/ros2robotics2024_ws/install/scout_msgs/include/scout_msgs/scout_msgs/msg/detail/scout_light_cmd__builder.hpp
[0.908s] -- Up-to-date: /home/jajayu/ros2robotics2024_ws/install/scout_msgs/include/scout_msgs/scout_msgs/msg/detail/scout_rc_state__struct.hpp
[0.908s] -- Up-to-date: /home/jajayu/ros2robotics2024_ws/install/scout_msgs/include/scout_msgs/scout_msgs/msg/detail/scout_status__traits.hpp
[0.908s] -- Up-to-date: /home/jajayu/ros2robotics2024_ws/install/scout_msgs/include/scout_msgs/scout_msgs/msg/detail/scout_light_state__traits.hpp
[0.908s] -- Up-to-date: /home/jajayu/ros2robotics2024_ws/install/scout_msgs/include/scout_msgs/scout_msgs/msg/detail/scout_light_state__struct.hpp
[0.908s] -- Up-to-date: /home/jajayu/ros2robotics2024_ws/install/scout_msgs/include/scout_msgs/scout_msgs/msg/detail/scout_light_cmd__struct.hpp
[0.908s] -- Up-to-date: /home/jajayu/ros2robotics2024_ws/install/scout_msgs/include/scout_msgs/scout_msgs/msg/detail/scout_status__builder.hpp
[0.908s] -- Up-to-date: /home/jajayu/ros2robotics2024_ws/install/scout_msgs/include/scout_msgs/scout_msgs/msg/detail/scout_rc_state__builder.hpp
[0.909s] -- Up-to-date: /home/jajayu/ros2robotics2024_ws/install/scout_msgs/include/scout_msgs/scout_msgs/msg/detail/scout_rc_state__traits.hpp
[0.909s] -- Up-to-date: /home/jajayu/ros2robotics2024_ws/install/scout_msgs/include/scout_msgs/scout_msgs/msg/detail/scout_actuator_state__builder.hpp
[0.909s] -- Up-to-date: /home/jajayu/ros2robotics2024_ws/install/scout_msgs/include/scout_msgs/scout_msgs/msg/detail/scout_light_state__builder.hpp
[0.909s] -- Up-to-date: /home/jajayu/ros2robotics2024_ws/install/scout_msgs/include/scout_msgs/scout_msgs/msg/detail/scout_light_cmd__traits.hpp
[0.909s] -- Up-to-date: /home/jajayu/ros2robotics2024_ws/install/scout_msgs/include/scout_msgs/scout_msgs/msg/detail/scout_actuator_state__struct.hpp
[0.909s] -- Up-to-date: /home/jajayu/ros2robotics2024_ws/install/scout_msgs/include/scout_msgs/scout_msgs/msg/detail/scout_actuator_state__traits.hpp
[0.909s] -- Up-to-date: /home/jajayu/ros2robotics2024_ws/install/scout_msgs/include/scout_msgs/scout_msgs/msg/detail/scout_status__struct.hpp
[0.909s] -- Up-to-date: /home/jajayu/ros2robotics2024_ws/install/scout_msgs/include/scout_msgs/scout_msgs/msg/scout_light_state.hpp
[0.909s] -- Up-to-date: /home/jajayu/ros2robotics2024_ws/install/scout_msgs/include/scout_msgs/scout_msgs/msg/scout_rc_state.hpp
[0.909s] -- Up-to-date: /home/jajayu/ros2robotics2024_ws/install/scout_msgs/include/scout_msgs/scout_msgs/msg/scout_light_cmd.hpp
[0.909s] -- Up-to-date: /home/jajayu/ros2robotics2024_ws/install/scout_msgs/include/scout_msgs/scout_msgs
[0.909s] -- Up-to-date: /home/jajayu/ros2robotics2024_ws/install/scout_msgs/include/scout_msgs/scout_msgs/msg
[0.909s] -- Up-to-date: /home/jajayu/ros2robotics2024_ws/install/scout_msgs/include/scout_msgs/scout_msgs/msg/detail
[0.909s] -- Up-to-date: /home/jajayu/ros2robotics2024_ws/install/scout_msgs/include/scout_msgs/scout_msgs/msg/detail/scout_status__rosidl_typesupport_fastrtps_cpp.hpp
[0.909s] -- Up-to-date: /home/jajayu/ros2robotics2024_ws/install/scout_msgs/include/scout_msgs/scout_msgs/msg/detail/scout_rc_state__rosidl_typesupport_fastrtps_cpp.hpp
[0.909s] -- Up-to-date: /home/jajayu/ros2robotics2024_ws/install/scout_msgs/include/scout_msgs/scout_msgs/msg/detail/scout_light_cmd__rosidl_typesupport_fastrtps_cpp.hpp
[0.909s] -- Up-to-date: /home/jajayu/ros2robotics2024_ws/install/scout_msgs/include/scout_msgs/scout_msgs/msg/detail/dds_fastrtps
[0.909s] -- Up-to-date: /home/jajayu/ros2robotics2024_ws/install/scout_msgs/include/scout_msgs/scout_msgs/msg/detail/scout_light_state__rosidl_typesupport_fastrtps_cpp.hpp
[0.909s] -- Up-to-date: /home/jajayu/ros2robotics2024_ws/install/scout_msgs/include/scout_msgs/scout_msgs/msg/detail/scout_actuator_state__rosidl_typesupport_fastrtps_cpp.hpp
[0.910s] -- Up-to-date: /home/jajayu/ros2robotics2024_ws/install/scout_msgs/include/scout_msgs/scout_msgs/msg/rosidl_typesupport_fastrtps_cpp__visibility_control.h
[0.910s] -- Up-to-date: /home/jajayu/ros2robotics2024_ws/install/scout_msgs/lib/libscout_msgs__rosidl_typesupport_fastrtps_cpp.so
[0.910s] -- Up-to-date: /home/jajayu/ros2robotics2024_ws/install/scout_msgs/include/scout_msgs/scout_msgs
[0.910s] -- Up-to-date: /home/jajayu/ros2robotics2024_ws/install/scout_msgs/include/scout_msgs/scout_msgs/msg
[0.910s] -- Up-to-date: /home/jajayu/ros2robotics2024_ws/install/scout_msgs/include/scout_msgs/scout_msgs/msg/detail
[0.910s] -- Up-to-date: /home/jajayu/ros2robotics2024_ws/install/scout_msgs/include/scout_msgs/scout_msgs/msg/detail/scout_rc_state__type_support.c
[0.910s] -- Up-to-date: /home/jajayu/ros2robotics2024_ws/install/scout_msgs/include/scout_msgs/scout_msgs/msg/detail/scout_rc_state__rosidl_typesupport_introspection_c.h
[0.910s] -- Up-to-date: /home/jajayu/ros2robotics2024_ws/install/scout_msgs/include/scout_msgs/scout_msgs/msg/detail/scout_light_cmd__rosidl_typesupport_introspection_c.h
[0.910s] -- Up-to-date: /home/jajayu/ros2robotics2024_ws/install/scout_msgs/include/scout_msgs/scout_msgs/msg/detail/scout_actuator_state__rosidl_typesupport_introspection_c.h
[0.910s] -- Up-to-date: /home/jajayu/ros2robotics2024_ws/install/scout_msgs/include/scout_msgs/scout_msgs/msg/detail/scout_status__type_support.c
[0.910s] -- Up-to-date: /home/jajayu/ros2robotics2024_ws/install/scout_msgs/include/scout_msgs/scout_msgs/msg/detail/scout_light_cmd__type_support.c
[0.910s] -- Up-to-date: /home/jajayu/ros2robotics2024_ws/install/scout_msgs/include/scout_msgs/scout_msgs/msg/detail/scout_actuator_state__type_support.c
[0.910s] -- Up-to-date: /home/jajayu/ros2robotics2024_ws/install/scout_msgs/include/scout_msgs/scout_msgs/msg/detail/scout_status__rosidl_typesupport_introspection_c.h
[0.910s] -- Up-to-date: /home/jajayu/ros2robotics2024_ws/install/scout_msgs/include/scout_msgs/scout_msgs/msg/detail/scout_light_state__rosidl_typesupport_introspection_c.h
[0.910s] -- Up-to-date: /home/jajayu/ros2robotics2024_ws/install/scout_msgs/include/scout_msgs/scout_msgs/msg/detail/scout_light_state__type_support.c
[0.910s] -- Up-to-date: /home/jajayu/ros2robotics2024_ws/install/scout_msgs/include/scout_msgs/scout_msgs/msg/rosidl_typesupport_introspection_c__visibility_control.h
[0.910s] -- Up-to-date: /home/jajayu/ros2robotics2024_ws/install/scout_msgs/lib/libscout_msgs__rosidl_typesupport_introspection_c.so
[0.910s] -- Up-to-date: /home/jajayu/ros2robotics2024_ws/install/scout_msgs/lib/libscout_msgs__rosidl_typesupport_c.so
[0.910s] -- Up-to-date: /home/jajayu/ros2robotics2024_ws/install/scout_msgs/include/scout_msgs/scout_msgs
[0.911s] -- Up-to-date: /home/jajayu/ros2robotics2024_ws/install/scout_msgs/include/scout_msgs/scout_msgs/msg
[0.911s] -- Up-to-date: /home/jajayu/ros2robotics2024_ws/install/scout_msgs/include/scout_msgs/scout_msgs/msg/detail
[0.911s] -- Up-to-date: /home/jajayu/ros2robotics2024_ws/install/scout_msgs/include/scout_msgs/scout_msgs/msg/detail/scout_status__type_support.cpp
[0.911s] -- Up-to-date: /home/jajayu/ros2robotics2024_ws/install/scout_msgs/include/scout_msgs/scout_msgs/msg/detail/scout_actuator_state__type_support.cpp
[0.911s] -- Up-to-date: /home/jajayu/ros2robotics2024_ws/install/scout_msgs/include/scout_msgs/scout_msgs/msg/detail/scout_light_state__type_support.cpp
[0.911s] -- Up-to-date: /home/jajayu/ros2robotics2024_ws/install/scout_msgs/include/scout_msgs/scout_msgs/msg/detail/scout_status__rosidl_typesupport_introspection_cpp.hpp
[0.911s] -- Up-to-date: /home/jajayu/ros2robotics2024_ws/install/scout_msgs/include/scout_msgs/scout_msgs/msg/detail/scout_rc_state__rosidl_typesupport_introspection_cpp.hpp
[0.911s] -- Up-to-date: /home/jajayu/ros2robotics2024_ws/install/scout_msgs/include/scout_msgs/scout_msgs/msg/detail/scout_light_cmd__rosidl_typesupport_introspection_cpp.hpp
[0.911s] -- Up-to-date: /home/jajayu/ros2robotics2024_ws/install/scout_msgs/include/scout_msgs/scout_msgs/msg/detail/scout_rc_state__type_support.cpp
[0.911s] -- Up-to-date: /home/jajayu/ros2robotics2024_ws/install/scout_msgs/include/scout_msgs/scout_msgs/msg/detail/scout_light_cmd__type_support.cpp
[0.911s] -- Up-to-date: /home/jajayu/ros2robotics2024_ws/install/scout_msgs/include/scout_msgs/scout_msgs/msg/detail/scout_light_state__rosidl_typesupport_introspection_cpp.hpp
[0.911s] -- Up-to-date: /home/jajayu/ros2robotics2024_ws/install/scout_msgs/include/scout_msgs/scout_msgs/msg/detail/scout_actuator_state__rosidl_typesupport_introspection_cpp.hpp
[0.911s] -- Up-to-date: /home/jajayu/ros2robotics2024_ws/install/scout_msgs/lib/libscout_msgs__rosidl_typesupport_introspection_cpp.so
[0.911s] -- Up-to-date: /home/jajayu/ros2robotics2024_ws/install/scout_msgs/lib/libscout_msgs__rosidl_typesupport_cpp.so
[0.911s] -- Up-to-date: /home/jajayu/ros2robotics2024_ws/install/scout_msgs/share/scout_msgs/environment/pythonpath.sh
[0.911s] -- Up-to-date: /home/jajayu/ros2robotics2024_ws/install/scout_msgs/share/scout_msgs/environment/pythonpath.dsv
[0.911s] -- Up-to-date: /home/jajayu/ros2robotics2024_ws/install/scout_msgs/local/lib/python3.10/dist-packages/scout_msgs-0.1.0-py3.10.egg-info
[0.911s] -- Installing: /home/jajayu/ros2robotics2024_ws/install/scout_msgs/local/lib/python3.10/dist-packages/scout_msgs-0.1.0-py3.10.egg-info/PKG-INFO
[0.911s] -- Installing: /home/jajayu/ros2robotics2024_ws/install/scout_msgs/local/lib/python3.10/dist-packages/scout_msgs-0.1.0-py3.10.egg-info/dependency_links.txt
[0.912s] -- Installing: /home/jajayu/ros2robotics2024_ws/install/scout_msgs/local/lib/python3.10/dist-packages/scout_msgs-0.1.0-py3.10.egg-info/SOURCES.txt
[0.912s] -- Installing: /home/jajayu/ros2robotics2024_ws/install/scout_msgs/local/lib/python3.10/dist-packages/scout_msgs-0.1.0-py3.10.egg-info/top_level.txt
[0.912s] -- Up-to-date: /home/jajayu/ros2robotics2024_ws/install/scout_msgs/local/lib/python3.10/dist-packages/scout_msgs
[0.912s] -- Up-to-date: /home/jajayu/ros2robotics2024_ws/install/scout_msgs/local/lib/python3.10/dist-packages/scout_msgs/_scout_msgs_s.ep.rosidl_typesupport_introspection_c.c
[0.912s] -- Up-to-date: /home/jajayu/ros2robotics2024_ws/install/scout_msgs/local/lib/python3.10/dist-packages/scout_msgs/libscout_msgs__rosidl_generator_py.so
[0.912s] -- Up-to-date: /home/jajayu/ros2robotics2024_ws/install/scout_msgs/local/lib/python3.10/dist-packages/scout_msgs/scout_msgs_s__rosidl_typesupport_introspection_c.cpython-310-x86_64-linux-gnu.so
[0.912s] -- Up-to-date: /home/jajayu/ros2robotics2024_ws/install/scout_msgs/local/lib/python3.10/dist-packages/scout_msgs/msg
[0.912s] -- Up-to-date: /home/jajayu/ros2robotics2024_ws/install/scout_msgs/local/lib/python3.10/dist-packages/scout_msgs/msg/_scout_status.py
[0.912s] -- Up-to-date: /home/jajayu/ros2robotics2024_ws/install/scout_msgs/local/lib/python3.10/dist-packages/scout_msgs/msg/_scout_light_cmd_s.c
[0.912s] -- Up-to-date: /home/jajayu/ros2robotics2024_ws/install/scout_msgs/local/lib/python3.10/dist-packages/scout_msgs/msg/_scout_rc_state_s.c
[0.912s] -- Up-to-date: /home/jajayu/ros2robotics2024_ws/install/scout_msgs/local/lib/python3.10/dist-packages/scout_msgs/msg/_scout_light_cmd.py
[0.912s] -- Up-to-date: /home/jajayu/ros2robotics2024_ws/install/scout_msgs/local/lib/python3.10/dist-packages/scout_msgs/msg/_scout_actuator_state_s.c
[0.912s] -- Up-to-date: /home/jajayu/ros2robotics2024_ws/install/scout_msgs/local/lib/python3.10/dist-packages/scout_msgs/msg/_scout_status_s.c
[0.912s] -- Up-to-date: /home/jajayu/ros2robotics2024_ws/install/scout_msgs/local/lib/python3.10/dist-packages/scout_msgs/msg/__init__.py
[0.912s] -- Up-to-date: /home/jajayu/ros2robotics2024_ws/install/scout_msgs/local/lib/python3.10/dist-packages/scout_msgs/msg/_scout_rc_state.py
[0.912s] -- Up-to-date: /home/jajayu/ros2robotics2024_ws/install/scout_msgs/local/lib/python3.10/dist-packages/scout_msgs/msg/_scout_light_state.py
[0.912s] -- Up-to-date: /home/jajayu/ros2robotics2024_ws/install/scout_msgs/local/lib/python3.10/dist-packages/scout_msgs/msg/_scout_light_state_s.c
[0.912s] -- Up-to-date: /home/jajayu/ros2robotics2024_ws/install/scout_msgs/local/lib/python3.10/dist-packages/scout_msgs/msg/_scout_actuator_state.py
[0.913s] -- Up-to-date: /home/jajayu/ros2robotics2024_ws/install/scout_msgs/local/lib/python3.10/dist-packages/scout_msgs/__init__.py
[0.913s] -- Up-to-date: /home/jajayu/ros2robotics2024_ws/install/scout_msgs/local/lib/python3.10/dist-packages/scout_msgs/_scout_msgs_s.ep.rosidl_typesupport_c.c
[0.913s] -- Up-to-date: /home/jajayu/ros2robotics2024_ws/install/scout_msgs/local/lib/python3.10/dist-packages/scout_msgs/scout_msgs_s__rosidl_typesupport_fastrtps_c.cpython-310-x86_64-linux-gnu.so
[0.913s] -- Up-to-date: /home/jajayu/ros2robotics2024_ws/install/scout_msgs/local/lib/python3.10/dist-packages/scout_msgs/scout_msgs_s__rosidl_typesupport_c.cpython-310-x86_64-linux-gnu.so
[0.913s] -- Up-to-date: /home/jajayu/ros2robotics2024_ws/install/scout_msgs/local/lib/python3.10/dist-packages/scout_msgs/_scout_msgs_s.ep.rosidl_typesupport_fastrtps_c.c
[0.947s] Listing '/home/jajayu/ros2robotics2024_ws/install/scout_msgs/local/lib/python3.10/dist-packages/scout_msgs'...
[0.947s] Listing '/home/jajayu/ros2robotics2024_ws/install/scout_msgs/local/lib/python3.10/dist-packages/scout_msgs/msg'...
[0.953s] -- Up-to-date: /home/jajayu/ros2robotics2024_ws/install/scout_msgs/local/lib/python3.10/dist-packages/scout_msgs/scout_msgs_s__rosidl_typesupport_fastrtps_c.cpython-310-x86_64-linux-gnu.so
[0.953s] -- Up-to-date: /home/jajayu/ros2robotics2024_ws/install/scout_msgs/local/lib/python3.10/dist-packages/scout_msgs/scout_msgs_s__rosidl_typesupport_introspection_c.cpython-310-x86_64-linux-gnu.so
[0.953s] -- Up-to-date: /home/jajayu/ros2robotics2024_ws/install/scout_msgs/local/lib/python3.10/dist-packages/scout_msgs/scout_msgs_s__rosidl_typesupport_c.cpython-310-x86_64-linux-gnu.so
[0.953s] -- Up-to-date: /home/jajayu/ros2robotics2024_ws/install/scout_msgs/lib/libscout_msgs__rosidl_generator_py.so
[0.954s] -- Up-to-date: /home/jajayu/ros2robotics2024_ws/install/scout_msgs/share/scout_msgs/msg/ScoutActuatorState.idl
[0.954s] -- Up-to-date: /home/jajayu/ros2robotics2024_ws/install/scout_msgs/share/scout_msgs/msg/ScoutLightCmd.idl
[0.954s] -- Up-to-date: /home/jajayu/ros2robotics2024_ws/install/scout_msgs/share/scout_msgs/msg/ScoutLightState.idl
[0.954s] -- Up-to-date: /home/jajayu/ros2robotics2024_ws/install/scout_msgs/share/scout_msgs/msg/ScoutRCState.idl
[0.954s] -- Up-to-date: /home/jajayu/ros2robotics2024_ws/install/scout_msgs/share/scout_msgs/msg/ScoutStatus.idl
[0.954s] -- Up-to-date: /home/jajayu/ros2robotics2024_ws/install/scout_msgs/share/scout_msgs/msg/ScoutActuatorState.msg
[0.955s] -- Up-to-date: /home/jajayu/ros2robotics2024_ws/install/scout_msgs/share/scout_msgs/msg/ScoutLightCmd.msg
[0.955s] -- Up-to-date: /home/jajayu/ros2robotics2024_ws/install/scout_msgs/share/scout_msgs/msg/ScoutLightState.msg
[0.955s] -- Up-to-date: /home/jajayu/ros2robotics2024_ws/install/scout_msgs/share/scout_msgs/msg/ScoutRCState.msg
[0.955s] -- Up-to-date: /home/jajayu/ros2robotics2024_ws/install/scout_msgs/share/scout_msgs/msg/ScoutStatus.msg
[0.955s] -- Up-to-date: /home/jajayu/ros2robotics2024_ws/install/scout_msgs/share/ament_index/resource_index/package_run_dependencies/scout_msgs
[0.955s] -- Up-to-date: /home/jajayu/ros2robotics2024_ws/install/scout_msgs/share/ament_index/resource_index/parent_prefix_path/scout_msgs
[0.955s] -- Up-to-date: /home/jajayu/ros2robotics2024_ws/install/scout_msgs/share/scout_msgs/environment/ament_prefix_path.sh
[0.955s] -- Up-to-date: /home/jajayu/ros2robotics2024_ws/install/scout_msgs/share/scout_msgs/environment/ament_prefix_path.dsv
[0.955s] -- Up-to-date: /home/jajayu/ros2robotics2024_ws/install/scout_msgs/share/scout_msgs/environment/path.sh
[0.956s] -- Up-to-date: /home/jajayu/ros2robotics2024_ws/install/scout_msgs/share/scout_msgs/environment/path.dsv
[0.956s] -- Up-to-date: /home/jajayu/ros2robotics2024_ws/install/scout_msgs/share/scout_msgs/local_setup.bash
[0.956s] -- Up-to-date: /home/jajayu/ros2robotics2024_ws/install/scout_msgs/share/scout_msgs/local_setup.sh
[0.956s] -- Up-to-date: /home/jajayu/ros2robotics2024_ws/install/scout_msgs/share/scout_msgs/local_setup.zsh
[0.956s] -- Up-to-date: /home/jajayu/ros2robotics2024_ws/install/scout_msgs/share/scout_msgs/local_setup.dsv
[0.956s] -- Installing: /home/jajayu/ros2robotics2024_ws/install/scout_msgs/share/scout_msgs/package.dsv
[0.956s] -- Up-to-date: /home/jajayu/ros2robotics2024_ws/install/scout_msgs/share/ament_index/resource_index/packages/scout_msgs
[0.956s] -- Up-to-date: /home/jajayu/ros2robotics2024_ws/install/scout_msgs/share/scout_msgs/cmake/export_scout_msgs__rosidl_generator_cExport.cmake
[0.956s] -- Up-to-date: /home/jajayu/ros2robotics2024_ws/install/scout_msgs/share/scout_msgs/cmake/export_scout_msgs__rosidl_generator_cExport-noconfig.cmake
[0.956s] -- Up-to-date: /home/jajayu/ros2robotics2024_ws/install/scout_msgs/share/scout_msgs/cmake/export_scout_msgs__rosidl_typesupport_fastrtps_cExport.cmake
[0.956s] -- Up-to-date: /home/jajayu/ros2robotics2024_ws/install/scout_msgs/share/scout_msgs/cmake/export_scout_msgs__rosidl_typesupport_fastrtps_cExport-noconfig.cmake
[0.956s] -- Up-to-date: /home/jajayu/ros2robotics2024_ws/install/scout_msgs/share/scout_msgs/cmake/export_scout_msgs__rosidl_generator_cppExport.cmake
[0.957s] -- Up-to-date: /home/jajayu/ros2robotics2024_ws/install/scout_msgs/share/scout_msgs/cmake/export_scout_msgs__rosidl_typesupport_fastrtps_cppExport.cmake
[0.957s] -- Up-to-date: /home/jajayu/ros2robotics2024_ws/install/scout_msgs/share/scout_msgs/cmake/export_scout_msgs__rosidl_typesupport_fastrtps_cppExport-noconfig.cmake
[0.957s] -- Up-to-date: /home/jajayu/ros2robotics2024_ws/install/scout_msgs/share/scout_msgs/cmake/scout_msgs__rosidl_typesupport_introspection_cExport.cmake
[0.957s] -- Up-to-date: /home/jajayu/ros2robotics2024_ws/install/scout_msgs/share/scout_msgs/cmake/scout_msgs__rosidl_typesupport_introspection_cExport-noconfig.cmake
[0.957s] -- Up-to-date: /home/jajayu/ros2robotics2024_ws/install/scout_msgs/share/scout_msgs/cmake/scout_msgs__rosidl_typesupport_cExport.cmake
[0.957s] -- Up-to-date: /home/jajayu/ros2robotics2024_ws/install/scout_msgs/share/scout_msgs/cmake/scout_msgs__rosidl_typesupport_cExport-noconfig.cmake
[0.957s] -- Up-to-date: /home/jajayu/ros2robotics2024_ws/install/scout_msgs/share/scout_msgs/cmake/scout_msgs__rosidl_typesupport_introspection_cppExport.cmake
[0.957s] -- Up-to-date: /home/jajayu/ros2robotics2024_ws/install/scout_msgs/share/scout_msgs/cmake/scout_msgs__rosidl_typesupport_introspection_cppExport-noconfig.cmake
[0.957s] -- Up-to-date: /home/jajayu/ros2robotics2024_ws/install/scout_msgs/share/scout_msgs/cmake/scout_msgs__rosidl_typesupport_cppExport.cmake
[0.957s] -- Up-to-date: /home/jajayu/ros2robotics2024_ws/install/scout_msgs/share/scout_msgs/cmake/scout_msgs__rosidl_typesupport_cppExport-noconfig.cmake
[0.957s] -- Up-to-date: /home/jajayu/ros2robotics2024_ws/install/scout_msgs/share/scout_msgs/cmake/export_scout_msgs__rosidl_generator_pyExport.cmake
[0.957s] -- Up-to-date: /home/jajayu/ros2robotics2024_ws/install/scout_msgs/share/scout_msgs/cmake/export_scout_msgs__rosidl_generator_pyExport-noconfig.cmake
[0.957s] -- Up-to-date: /home/jajayu/ros2robotics2024_ws/install/scout_msgs/share/scout_msgs/cmake/rosidl_cmake-extras.cmake
[0.957s] -- Up-to-date: /home/jajayu/ros2robotics2024_ws/install/scout_msgs/share/scout_msgs/cmake/ament_cmake_export_dependencies-extras.cmake
[0.957s] -- Up-to-date: /home/jajayu/ros2robotics2024_ws/install/scout_msgs/share/scout_msgs/cmake/ament_cmake_export_include_directories-extras.cmake
[0.957s] -- Up-to-date: /home/jajayu/ros2robotics2024_ws/install/scout_msgs/share/scout_msgs/cmake/ament_cmake_export_libraries-extras.cmake
[0.957s] -- Up-to-date: /home/jajayu/ros2robotics2024_ws/install/scout_msgs/share/scout_msgs/cmake/ament_cmake_export_targets-extras.cmake
[0.958s] -- Up-to-date: /home/jajayu/ros2robotics2024_ws/install/scout_msgs/share/scout_msgs/cmake/rosidl_cmake_export_typesupport_targets-extras.cmake
[0.958s] -- Up-to-date: /home/jajayu/ros2robotics2024_ws/install/scout_msgs/share/scout_msgs/cmake/rosidl_cmake_export_typesupport_libraries-extras.cmake
[0.958s] -- Up-to-date: /home/jajayu/ros2robotics2024_ws/install/scout_msgs/share/scout_msgs/cmake/scout_msgsConfig.cmake
[0.958s] -- Up-to-date: /home/jajayu/ros2robotics2024_ws/install/scout_msgs/share/scout_msgs/cmake/scout_msgsConfig-version.cmake
[0.958s] -- Up-to-date: /home/jajayu/ros2robotics2024_ws/install/scout_msgs/share/scout_msgs/package.xml
[0.970s] Invoked command in '/home/jajayu/ros2robotics2024_ws/build/scout_msgs' returned '0': CMAKE_PREFIX_PATH=/opt/ros/humble:/home/jajayu/TomatoHarvesting_NextBestView/nbv_code/ros2_ws2/install/my_robot_nbv:/home/jajayu/TomatoHarvesting_NextBestView/nbv_code/ros2_ws2/install/my_robot_cam:/home/jajayu/ros2_ws/install/webots_ros2_tests:/home/jajayu/ros2_ws/install/webots_ros2:/home/jajayu/ros2_ws/install/pcd_demo:/home/jajayu/ros2_ws/install/my_robot_controller:/home/jajayu/ros2_ws/install/my_robot_cam:/home/jajayu/ros2_ws/install/gazebo_tutorial:/home/jajayu/ros2robotics2024_ws/install/ugv_sdk:/home/jajayu/ros2robotics2024_ws/install/scout_msgs:/home/jajayu/ros2robotics2024_ws/install/scout_description:/home/jajayu/TomatoHarvesting_NextBestView/nbv_code/ros2_ws2/install/realsense2_description:/home/jajayu/TomatoHarvesting_NextBestView/nbv_code/ros2_ws2/install/realsense2_camera:/home/jajayu/TomatoHarvesting_NextBestView/nbv_code/ros2_ws2/install/realsense2_camera_msgs:/home/jajayu/TomatoHarvesting_NextBestView/nbv_code/ros2_ws2/install/octomap_server2:/home/jajayu/TomatoHarvesting_NextBestView/nbv_code/ros2_ws2/install/my_robot_nbv_cmake:/home/jajayu/TomatoHarvesting_NextBestView/nbv_code/ros2_ws2/install/my_bot:/home/jajayu/ros2_ws/install/urdf_example:/home/jajayu/ros2_ws/install/perception_pcl:/home/jajayu/ros2_ws/install/pcl_ros:/home/jajayu/ros2_ws/install/octomap_server2:/home/jajayu/ros2_ws/install/pcl_conversions:/home/jajayu/ros2_ws/install/pcl_msgs:/home/jajayu/ros2_ws/install/my_robot_cam_cmake:/home/jajayu/ros2_ws/install/my_bot:/home/jajayu/ros2_ws/install/depthimage_to_pointcloud2 /home/jajayu/.local/bin/cmake --install /home/jajayu/ros2robotics2024_ws/build/scout_msgs
