[0.018s] Invoking command in '/home/jajayu/Documents/ros2robotics2024_ws/build/scout_base': AMENT_PREFIX_PATH=/home/jajayu/ros2robotics2024_ws/install/scout_msgs:${AMENT_PREFIX_PATH} CMAKE_PREFIX_PATH=/home/jajayu/TomatoHarvesting_NextBestView/nbv_code/ros2_ws2/install/my_robot_nbv:/home/jajayu/TomatoHarvesting_NextBestView/nbv_code/ros2_ws2/install/my_robot_cam:/home/jajayu/ros2_ws/install/webots_ros2_tests:/home/jajayu/ros2_ws/install/webots_ros2:/home/jajayu/ros2_ws/install/pcd_demo:/home/jajayu/ros2_ws/install/my_robot_controller:/home/jajayu/ros2_ws/install/my_robot_cam:/home/jajayu/ros2_ws/install/gazebo_tutorial:/opt/ros/humble:/home/jajayu/Documents/ros2robotics2024_ws/install/ugv_sdk:/home/jajayu/Documents/ros2robotics2024_ws/install/scout_msgs:${CMAKE_PREFIX_PATH} LD_LIBRARY_PATH=/home/jajayu/ros2robotics2024_ws/install/scout_msgs/lib:/home/jajayu/Documents/ros2robotics2024_ws/install/scout_msgs/lib:${LD_LIBRARY_PATH} PYTHONPATH=/home/jajayu/ros2robotics2024_ws/install/scout_msgs/local/lib/python3.10/dist-packages:${PYTHONPATH} /home/jajayu/.local/bin/cmake --build /home/jajayu/Documents/ros2robotics2024_ws/build/scout_base -- -j8 -l8
[0.116s] [0mCMake Error: The current CMakeCache.txt directory /home/jajayu/Documents/ros2robotics2024_ws/build/scout_base/CMakeCache.txt is different than the directory /home/jajayu/ros2robotics2024_ws/build/scout_base where CMakeCache.txt was created. This may result in binaries being created in the wrong place. If you are not sure, reedit the CMakeCache.txt[0m
[0.151s] [100%] Built target scout_base_node
[0.171s] Invoked command in '/home/jajayu/Documents/ros2robotics2024_ws/build/scout_base' returned '0': AMENT_PREFIX_PATH=/home/jajayu/ros2robotics2024_ws/install/scout_msgs:${AMENT_PREFIX_PATH} CMAKE_PREFIX_PATH=/home/jajayu/TomatoHarvesting_NextBestView/nbv_code/ros2_ws2/install/my_robot_nbv:/home/jajayu/TomatoHarvesting_NextBestView/nbv_code/ros2_ws2/install/my_robot_cam:/home/jajayu/ros2_ws/install/webots_ros2_tests:/home/jajayu/ros2_ws/install/webots_ros2:/home/jajayu/ros2_ws/install/pcd_demo:/home/jajayu/ros2_ws/install/my_robot_controller:/home/jajayu/ros2_ws/install/my_robot_cam:/home/jajayu/ros2_ws/install/gazebo_tutorial:/opt/ros/humble:/home/jajayu/Documents/ros2robotics2024_ws/install/ugv_sdk:/home/jajayu/Documents/ros2robotics2024_ws/install/scout_msgs:${CMAKE_PREFIX_PATH} LD_LIBRARY_PATH=/home/jajayu/ros2robotics2024_ws/install/scout_msgs/lib:/home/jajayu/Documents/ros2robotics2024_ws/install/scout_msgs/lib:${LD_LIBRARY_PATH} PYTHONPATH=/home/jajayu/ros2robotics2024_ws/install/scout_msgs/local/lib/python3.10/dist-packages:${PYTHONPATH} /home/jajayu/.local/bin/cmake --build /home/jajayu/Documents/ros2robotics2024_ws/build/scout_base -- -j8 -l8
[0.308s] Invoking command in '/home/jajayu/Documents/ros2robotics2024_ws/build/scout_base': AMENT_PREFIX_PATH=/home/jajayu/ros2robotics2024_ws/install/scout_msgs:${AMENT_PREFIX_PATH} CMAKE_PREFIX_PATH=/home/jajayu/TomatoHarvesting_NextBestView/nbv_code/ros2_ws2/install/my_robot_nbv:/home/jajayu/TomatoHarvesting_NextBestView/nbv_code/ros2_ws2/install/my_robot_cam:/home/jajayu/ros2_ws/install/webots_ros2_tests:/home/jajayu/ros2_ws/install/webots_ros2:/home/jajayu/ros2_ws/install/pcd_demo:/home/jajayu/ros2_ws/install/my_robot_controller:/home/jajayu/ros2_ws/install/my_robot_cam:/home/jajayu/ros2_ws/install/gazebo_tutorial:/opt/ros/humble:/home/jajayu/Documents/ros2robotics2024_ws/install/ugv_sdk:/home/jajayu/Documents/ros2robotics2024_ws/install/scout_msgs:${CMAKE_PREFIX_PATH} LD_LIBRARY_PATH=/home/jajayu/ros2robotics2024_ws/install/scout_msgs/lib:/home/jajayu/Documents/ros2robotics2024_ws/install/scout_msgs/lib:${LD_LIBRARY_PATH} PYTHONPATH=/home/jajayu/ros2robotics2024_ws/install/scout_msgs/local/lib/python3.10/dist-packages:${PYTHONPATH} /home/jajayu/.local/bin/cmake --install /home/jajayu/Documents/ros2robotics2024_ws/build/scout_base
[0.414s] -- Install configuration: ""
[0.415s] -- Up-to-date: /home/jajayu/ros2robotics2024_ws/install/scout_base/lib/scout_base/scout_base_node
[0.415s] -- Up-to-date: /home/jajayu/ros2robotics2024_ws/install/scout_base/share/scout_base//launch
[0.415s] -- Up-to-date: /home/jajayu/ros2robotics2024_ws/install/scout_base/share/scout_base//launch/scout_mini_base.launch.py
[0.415s] -- Up-to-date: /home/jajayu/ros2robotics2024_ws/install/scout_base/share/scout_base//launch/scout_base.launch.py
[0.415s] -- Up-to-date: /home/jajayu/ros2robotics2024_ws/install/scout_base/share/scout_base//launch/scout_mini_omni_base.launch.py
[0.416s] -- Up-to-date: /home/jajayu/ros2robotics2024_ws/install/scout_base/share/ament_index/resource_index/package_run_dependencies/scout_base
[0.416s] -- Up-to-date: /home/jajayu/ros2robotics2024_ws/install/scout_base/share/ament_index/resource_index/parent_prefix_path/scout_base
[0.416s] -- Up-to-date: /home/jajayu/ros2robotics2024_ws/install/scout_base/share/scout_base/environment/ament_prefix_path.sh
[0.416s] -- Up-to-date: /home/jajayu/ros2robotics2024_ws/install/scout_base/share/scout_base/environment/ament_prefix_path.dsv
[0.416s] -- Up-to-date: /home/jajayu/ros2robotics2024_ws/install/scout_base/share/scout_base/environment/path.sh
[0.416s] -- Up-to-date: /home/jajayu/ros2robotics2024_ws/install/scout_base/share/scout_base/environment/path.dsv
[0.416s] -- Up-to-date: /home/jajayu/ros2robotics2024_ws/install/scout_base/share/scout_base/local_setup.bash
[0.416s] -- Up-to-date: /home/jajayu/ros2robotics2024_ws/install/scout_base/share/scout_base/local_setup.sh
[0.416s] -- Up-to-date: /home/jajayu/ros2robotics2024_ws/install/scout_base/share/scout_base/local_setup.zsh
[0.416s] -- Up-to-date: /home/jajayu/ros2robotics2024_ws/install/scout_base/share/scout_base/local_setup.dsv
[0.416s] -- Installing: /home/jajayu/ros2robotics2024_ws/install/scout_base/share/scout_base/package.dsv
[0.416s] -- Up-to-date: /home/jajayu/ros2robotics2024_ws/install/scout_base/share/ament_index/resource_index/packages/scout_base
[0.416s] -- Up-to-date: /home/jajayu/ros2robotics2024_ws/install/scout_base/share/scout_base/cmake/scout_baseConfig.cmake
[0.416s] -- Up-to-date: /home/jajayu/ros2robotics2024_ws/install/scout_base/share/scout_base/cmake/scout_baseConfig-version.cmake
[0.416s] -- Up-to-date: /home/jajayu/ros2robotics2024_ws/install/scout_base/share/scout_base/package.xml
[0.433s] Invoked command in '/home/jajayu/Documents/ros2robotics2024_ws/build/scout_base' returned '0': AMENT_PREFIX_PATH=/home/jajayu/ros2robotics2024_ws/install/scout_msgs:${AMENT_PREFIX_PATH} CMAKE_PREFIX_PATH=/home/jajayu/TomatoHarvesting_NextBestView/nbv_code/ros2_ws2/install/my_robot_nbv:/home/jajayu/TomatoHarvesting_NextBestView/nbv_code/ros2_ws2/install/my_robot_cam:/home/jajayu/ros2_ws/install/webots_ros2_tests:/home/jajayu/ros2_ws/install/webots_ros2:/home/jajayu/ros2_ws/install/pcd_demo:/home/jajayu/ros2_ws/install/my_robot_controller:/home/jajayu/ros2_ws/install/my_robot_cam:/home/jajayu/ros2_ws/install/gazebo_tutorial:/opt/ros/humble:/home/jajayu/Documents/ros2robotics2024_ws/install/ugv_sdk:/home/jajayu/Documents/ros2robotics2024_ws/install/scout_msgs:${CMAKE_PREFIX_PATH} LD_LIBRARY_PATH=/home/jajayu/ros2robotics2024_ws/install/scout_msgs/lib:/home/jajayu/Documents/ros2robotics2024_ws/install/scout_msgs/lib:${LD_LIBRARY_PATH} PYTHONPATH=/home/jajayu/ros2robotics2024_ws/install/scout_msgs/local/lib/python3.10/dist-packages:${PYTHONPATH} /home/jajayu/.local/bin/cmake --install /home/jajayu/Documents/ros2robotics2024_ws/build/scout_base
