[  1%] Built target scout_msgs__cpp
[ 12%] Built target ament_cmake_python_copy_scout_msgs
[ 12%] Built target scout_msgs__rosidl_generator_c
[ 28%] Built target scout_msgs__rosidl_typesupport_introspection_cpp
[ 34%] Built target scout_msgs__rosidl_typesupport_cpp
[ 49%] Built target scout_msgs__rosidl_typesupport_introspection_c
[ 57%] Built target scout_msgs__rosidl_typesupport_fastrtps_cpp
[ 69%] Built target scout_msgs__rosidl_typesupport_c
[ 79%] Built target scout_msgs__rosidl_typesupport_fastrtps_c
[ 79%] Built target scout_msgs
[ 80%] Built target scout_msgs__py
[ 90%] Built target scout_msgs__rosidl_generator_py
[ 93%] Built target scout_msgs__rosidl_typesupport_introspection_c__pyext
[ 96%] Built target scout_msgs__rosidl_typesupport_fastrtps_c__pyext
[100%] Built target scout_msgs__rosidl_typesupport_c__pyext
running egg_info
writing scout_msgs.egg-info/PKG-INFO
writing dependency_links to scout_msgs.egg-info/dependency_links.txt
writing top-level names to scout_msgs.egg-info/top_level.txt
reading manifest file 'scout_msgs.egg-info/SOURCES.txt'
writing manifest file 'scout_msgs.egg-info/SOURCES.txt'
[100%] Built target ament_cmake_python_build_scout_msgs_egg
