[0.029s] Invoking command in '/home/jajayu/ros2robotics2024_ws/build/scout_msgs': CMAKE_PREFIX_PATH=${CMAKE_PREFIX_PATH}:/home/jajayu/TomatoHarvesting_NextBestView/nbv_code/ros2_ws2/install/my_robot_nbv:/home/jajayu/TomatoHarvesting_NextBestView/nbv_code/ros2_ws2/install/my_robot_cam:/home/jajayu/ros2_ws/install/webots_ros2_tests:/home/jajayu/ros2_ws/install/webots_ros2:/home/jajayu/ros2_ws/install/pcd_demo:/home/jajayu/ros2_ws/install/my_robot_controller:/home/jajayu/ros2_ws/install/my_robot_cam:/home/jajayu/ros2_ws/install/gazebo_tutorial:/opt/ros/humble /home/jajayu/.local/bin/cmake --build /home/jajayu/ros2robotics2024_ws/build/scout_msgs -- -j8 -l8
[0.151s] [  1%] Built target scout_msgs__cpp
[0.155s] [ 12%] Built target ament_cmake_python_copy_scout_msgs
[0.155s] [ 12%] Built target scout_msgs__rosidl_generator_c
[0.173s] [ 28%] Built target scout_msgs__rosidl_typesupport_introspection_cpp
[0.174s] [ 34%] Built target scout_msgs__rosidl_typesupport_cpp
[0.174s] [ 49%] Built target scout_msgs__rosidl_typesupport_introspection_c
[0.174s] [ 57%] Built target scout_msgs__rosidl_typesupport_fastrtps_cpp
[0.175s] [ 69%] Built target scout_msgs__rosidl_typesupport_c
[0.176s] [ 79%] Built target scout_msgs__rosidl_typesupport_fastrtps_c
[0.186s] [ 79%] Built target scout_msgs
[0.198s] [ 80%] Built target scout_msgs__py
[0.224s] [ 90%] Built target scout_msgs__rosidl_generator_py
[0.264s] [ 93%] Built target scout_msgs__rosidl_typesupport_introspection_c__pyext
[0.265s] [ 96%] Built target scout_msgs__rosidl_typesupport_fastrtps_c__pyext
[0.268s] [100%] Built target scout_msgs__rosidl_typesupport_c__pyext
[0.521s] running egg_info
[0.522s] writing scout_msgs.egg-info/PKG-INFO
[0.523s] writing dependency_links to scout_msgs.egg-info/dependency_links.txt
[0.523s] writing top-level names to scout_msgs.egg-info/top_level.txt
[0.526s] reading manifest file 'scout_msgs.egg-info/SOURCES.txt'
[0.527s] writing manifest file 'scout_msgs.egg-info/SOURCES.txt'
[0.553s] [100%] Built target ament_cmake_python_build_scout_msgs_egg
[0.572s] Invoked command in '/home/jajayu/ros2robotics2024_ws/build/scout_msgs' returned '0': CMAKE_PREFIX_PATH=${CMAKE_PREFIX_PATH}:/home/jajayu/TomatoHarvesting_NextBestView/nbv_code/ros2_ws2/install/my_robot_nbv:/home/jajayu/TomatoHarvesting_NextBestView/nbv_code/ros2_ws2/install/my_robot_cam:/home/jajayu/ros2_ws/install/webots_ros2_tests:/home/jajayu/ros2_ws/install/webots_ros2:/home/jajayu/ros2_ws/install/pcd_demo:/home/jajayu/ros2_ws/install/my_robot_controller:/home/jajayu/ros2_ws/install/my_robot_cam:/home/jajayu/ros2_ws/install/gazebo_tutorial:/opt/ros/humble /home/jajayu/.local/bin/cmake --build /home/jajayu/ros2robotics2024_ws/build/scout_msgs -- -j8 -l8
