[0.016s] Invoking command in '/home/jajayu/ros2robotics2024_ws/build/scout_base': AMENT_PREFIX_PATH=/home/jajayu/ros2robotics2024_ws/install/scout_msgs:${AMENT_PREFIX_PATH} CMAKE_PREFIX_PATH=/home/jajayu/TomatoHarvesting_NextBestView/nbv_code/ros2_ws2/install/my_robot_nbv:/home/jajayu/TomatoHarvesting_NextBestView/nbv_code/ros2_ws2/install/my_robot_cam:/home/jajayu/ros2_ws/install/webots_ros2_tests:/home/jajayu/ros2_ws/install/webots_ros2:/home/jajayu/ros2_ws/install/pcd_demo:/home/jajayu/ros2_ws/install/my_robot_controller:/home/jajayu/ros2_ws/install/my_robot_cam:/home/jajayu/ros2_ws/install/gazebo_tutorial:/opt/ros/humble:/home/jajayu/ros2robotics2024_ws/install/ugv_sdk:/home/jajayu/ros2robotics2024_ws/install/scout_msgs:${CMAKE_PREFIX_PATH} LD_LIBRARY_PATH=/home/jajayu/ros2robotics2024_ws/install/scout_msgs/lib:${LD_LIBRARY_PATH} PYTHONPATH=/home/jajayu/ros2robotics2024_ws/install/scout_msgs/local/lib/python3.10/dist-packages:${PYTHONPATH} /home/jajayu/.local/bin/cmake --build /home/jajayu/ros2robotics2024_ws/build/scout_base -- -j8 -l8
[0.162s] [ 33%] [32mBuilding CXX object CMakeFiles/scout_base_node.dir/src/scout_base_ros.cpp.o[0m
[0.434s] In file included from [01m[K/home/jajayu/ros2robotics2024_ws/src/scout_ros2/scout_base/include/scout_base/scout_messenger.hpp:21[m[K,
[0.434s]                  from [01m[K/home/jajayu/ros2robotics2024_ws/src/scout_ros2/scout_base/src/scout_base_ros.cpp:12[m[K:
[0.434s] [01m[K/opt/ros/humble/include/tf2_geometry_msgs/tf2_geometry_msgs/tf2_geometry_msgs.h:35:2:[m[K [01;35m[Kwarning: [m[K#warning This header is obsolete, please include tf2_geometry_msgs/tf2_geometry_msgs.hpp instead [[01;35m[K]8;;https://gcc.gnu.org/onlinedocs/gcc/Warning-Options.html#index-Wcpp-Wcpp]8;;[m[K]
[0.434s]    35 | #[01;35m[Kwarning[m[K This header is obsolete, please include tf2_geometry_msgs/tf2_geometry_msgs.hpp instead
[0.434s]       |  [01;35m[K^~~~~~~[m[K
[15.650s] [ 66%] [32m[1mLinking CXX executable scout_base_node[0m
[16.733s] [100%] Built target scout_base_node
[16.756s] Invoked command in '/home/jajayu/ros2robotics2024_ws/build/scout_base' returned '0': AMENT_PREFIX_PATH=/home/jajayu/ros2robotics2024_ws/install/scout_msgs:${AMENT_PREFIX_PATH} CMAKE_PREFIX_PATH=/home/jajayu/TomatoHarvesting_NextBestView/nbv_code/ros2_ws2/install/my_robot_nbv:/home/jajayu/TomatoHarvesting_NextBestView/nbv_code/ros2_ws2/install/my_robot_cam:/home/jajayu/ros2_ws/install/webots_ros2_tests:/home/jajayu/ros2_ws/install/webots_ros2:/home/jajayu/ros2_ws/install/pcd_demo:/home/jajayu/ros2_ws/install/my_robot_controller:/home/jajayu/ros2_ws/install/my_robot_cam:/home/jajayu/ros2_ws/install/gazebo_tutorial:/opt/ros/humble:/home/jajayu/ros2robotics2024_ws/install/ugv_sdk:/home/jajayu/ros2robotics2024_ws/install/scout_msgs:${CMAKE_PREFIX_PATH} LD_LIBRARY_PATH=/home/jajayu/ros2robotics2024_ws/install/scout_msgs/lib:${LD_LIBRARY_PATH} PYTHONPATH=/home/jajayu/ros2robotics2024_ws/install/scout_msgs/local/lib/python3.10/dist-packages:${PYTHONPATH} /home/jajayu/.local/bin/cmake --build /home/jajayu/ros2robotics2024_ws/build/scout_base -- -j8 -l8
[16.879s] Invoking command in '/home/jajayu/ros2robotics2024_ws/build/scout_base': AMENT_PREFIX_PATH=/home/jajayu/ros2robotics2024_ws/install/scout_msgs:${AMENT_PREFIX_PATH} CMAKE_PREFIX_PATH=/home/jajayu/TomatoHarvesting_NextBestView/nbv_code/ros2_ws2/install/my_robot_nbv:/home/jajayu/TomatoHarvesting_NextBestView/nbv_code/ros2_ws2/install/my_robot_cam:/home/jajayu/ros2_ws/install/webots_ros2_tests:/home/jajayu/ros2_ws/install/webots_ros2:/home/jajayu/ros2_ws/install/pcd_demo:/home/jajayu/ros2_ws/install/my_robot_controller:/home/jajayu/ros2_ws/install/my_robot_cam:/home/jajayu/ros2_ws/install/gazebo_tutorial:/opt/ros/humble:/home/jajayu/ros2robotics2024_ws/install/ugv_sdk:/home/jajayu/ros2robotics2024_ws/install/scout_msgs:${CMAKE_PREFIX_PATH} LD_LIBRARY_PATH=/home/jajayu/ros2robotics2024_ws/install/scout_msgs/lib:${LD_LIBRARY_PATH} PYTHONPATH=/home/jajayu/ros2robotics2024_ws/install/scout_msgs/local/lib/python3.10/dist-packages:${PYTHONPATH} /home/jajayu/.local/bin/cmake --install /home/jajayu/ros2robotics2024_ws/build/scout_base
[16.979s] -- Install configuration: ""
[16.981s] -- Installing: /home/jajayu/ros2robotics2024_ws/install/scout_base/lib/scout_base/scout_base_node
[16.990s] -- Set non-toolchain portion of runtime path of "/home/jajayu/ros2robotics2024_ws/install/scout_base/lib/scout_base/scout_base_node" to ""
[16.990s] -- Up-to-date: /home/jajayu/ros2robotics2024_ws/install/scout_base/share/scout_base//launch
[16.990s] -- Up-to-date: /home/jajayu/ros2robotics2024_ws/install/scout_base/share/scout_base//launch/scout_mini_base.launch.py
[16.990s] -- Up-to-date: /home/jajayu/ros2robotics2024_ws/install/scout_base/share/scout_base//launch/scout_base.launch.py
[16.990s] -- Up-to-date: /home/jajayu/ros2robotics2024_ws/install/scout_base/share/scout_base//launch/scout_mini_omni_base.launch.py
[16.990s] -- Up-to-date: /home/jajayu/ros2robotics2024_ws/install/scout_base/share/ament_index/resource_index/package_run_dependencies/scout_base
[16.991s] -- Up-to-date: /home/jajayu/ros2robotics2024_ws/install/scout_base/share/ament_index/resource_index/parent_prefix_path/scout_base
[16.991s] -- Up-to-date: /home/jajayu/ros2robotics2024_ws/install/scout_base/share/scout_base/environment/ament_prefix_path.sh
[16.991s] -- Up-to-date: /home/jajayu/ros2robotics2024_ws/install/scout_base/share/scout_base/environment/ament_prefix_path.dsv
[16.991s] -- Up-to-date: /home/jajayu/ros2robotics2024_ws/install/scout_base/share/scout_base/environment/path.sh
[16.991s] -- Up-to-date: /home/jajayu/ros2robotics2024_ws/install/scout_base/share/scout_base/environment/path.dsv
[16.991s] -- Up-to-date: /home/jajayu/ros2robotics2024_ws/install/scout_base/share/scout_base/local_setup.bash
[16.991s] -- Up-to-date: /home/jajayu/ros2robotics2024_ws/install/scout_base/share/scout_base/local_setup.sh
[16.991s] -- Up-to-date: /home/jajayu/ros2robotics2024_ws/install/scout_base/share/scout_base/local_setup.zsh
[16.991s] -- Up-to-date: /home/jajayu/ros2robotics2024_ws/install/scout_base/share/scout_base/local_setup.dsv
[16.992s] -- Installing: /home/jajayu/ros2robotics2024_ws/install/scout_base/share/scout_base/package.dsv
[16.992s] -- Up-to-date: /home/jajayu/ros2robotics2024_ws/install/scout_base/share/ament_index/resource_index/packages/scout_base
[16.992s] -- Up-to-date: /home/jajayu/ros2robotics2024_ws/install/scout_base/share/scout_base/cmake/scout_baseConfig.cmake
[16.992s] -- Up-to-date: /home/jajayu/ros2robotics2024_ws/install/scout_base/share/scout_base/cmake/scout_baseConfig-version.cmake
[16.992s] -- Up-to-date: /home/jajayu/ros2robotics2024_ws/install/scout_base/share/scout_base/package.xml
[17.009s] Invoked command in '/home/jajayu/ros2robotics2024_ws/build/scout_base' returned '0': AMENT_PREFIX_PATH=/home/jajayu/ros2robotics2024_ws/install/scout_msgs:${AMENT_PREFIX_PATH} CMAKE_PREFIX_PATH=/home/jajayu/TomatoHarvesting_NextBestView/nbv_code/ros2_ws2/install/my_robot_nbv:/home/jajayu/TomatoHarvesting_NextBestView/nbv_code/ros2_ws2/install/my_robot_cam:/home/jajayu/ros2_ws/install/webots_ros2_tests:/home/jajayu/ros2_ws/install/webots_ros2:/home/jajayu/ros2_ws/install/pcd_demo:/home/jajayu/ros2_ws/install/my_robot_controller:/home/jajayu/ros2_ws/install/my_robot_cam:/home/jajayu/ros2_ws/install/gazebo_tutorial:/opt/ros/humble:/home/jajayu/ros2robotics2024_ws/install/ugv_sdk:/home/jajayu/ros2robotics2024_ws/install/scout_msgs:${CMAKE_PREFIX_PATH} LD_LIBRARY_PATH=/home/jajayu/ros2robotics2024_ws/install/scout_msgs/lib:${LD_LIBRARY_PATH} PYTHONPATH=/home/jajayu/ros2robotics2024_ws/install/scout_msgs/local/lib/python3.10/dist-packages:${PYTHONPATH} /home/jajayu/.local/bin/cmake --install /home/jajayu/ros2robotics2024_ws/build/scout_base
