[0.020s] Invoking command in '/home/jajayu/ros2robotics2024_ws/build/scout_description': CMAKE_PREFIX_PATH=/home/jajayu/TomatoHarvesting_NextBestView/nbv_code/ros2_ws2/install/my_robot_nbv:/home/jajayu/TomatoHarvesting_NextBestView/nbv_code/ros2_ws2/install/my_robot_cam:/home/jajayu/ros2_ws/install/webots_ros2_tests:/home/jajayu/ros2_ws/install/webots_ros2:/home/jajayu/ros2_ws/install/pcd_demo:/home/jajayu/ros2_ws/install/my_robot_controller:/home/jajayu/ros2_ws/install/my_robot_cam:/home/jajayu/ros2_ws/install/gazebo_tutorial:/opt/ros/humble:${CMAKE_PREFIX_PATH} /home/jajayu/.local/bin/cmake --build /home/jajayu/ros2robotics2024_ws/build/scout_description -- -j8 -l8
[0.148s] Invoked command in '/home/jajayu/ros2robotics2024_ws/build/scout_description' returned '0': CMAKE_PREFIX_PATH=/home/jajayu/TomatoHarvesting_NextBestView/nbv_code/ros2_ws2/install/my_robot_nbv:/home/jajayu/TomatoHarvesting_NextBestView/nbv_code/ros2_ws2/install/my_robot_cam:/home/jajayu/ros2_ws/install/webots_ros2_tests:/home/jajayu/ros2_ws/install/webots_ros2:/home/jajayu/ros2_ws/install/pcd_demo:/home/jajayu/ros2_ws/install/my_robot_controller:/home/jajayu/ros2_ws/install/my_robot_cam:/home/jajayu/ros2_ws/install/gazebo_tutorial:/opt/ros/humble:${CMAKE_PREFIX_PATH} /home/jajayu/.local/bin/cmake --build /home/jajayu/ros2robotics2024_ws/build/scout_description -- -j8 -l8
[0.393s] Invoking command in '/home/jajayu/ros2robotics2024_ws/build/scout_description': CMAKE_PREFIX_PATH=/home/jajayu/TomatoHarvesting_NextBestView/nbv_code/ros2_ws2/install/my_robot_nbv:/home/jajayu/TomatoHarvesting_NextBestView/nbv_code/ros2_ws2/install/my_robot_cam:/home/jajayu/ros2_ws/install/webots_ros2_tests:/home/jajayu/ros2_ws/install/webots_ros2:/home/jajayu/ros2_ws/install/pcd_demo:/home/jajayu/ros2_ws/install/my_robot_controller:/home/jajayu/ros2_ws/install/my_robot_cam:/home/jajayu/ros2_ws/install/gazebo_tutorial:/opt/ros/humble:${CMAKE_PREFIX_PATH} /home/jajayu/.local/bin/cmake --install /home/jajayu/ros2robotics2024_ws/build/scout_description
[0.493s] -- Install configuration: ""
[0.493s] -- Up-to-date: /home/jajayu/ros2robotics2024_ws/install/scout_description/share/scout_description//launch
[0.493s] -- Up-to-date: /home/jajayu/ros2robotics2024_ws/install/scout_description/share/scout_description//launch/scout_base_description.launch.py
[0.493s] -- Up-to-date: /home/jajayu/ros2robotics2024_ws/install/scout_description/share/scout_description//urdf
[0.494s] -- Up-to-date: /home/jajayu/ros2robotics2024_ws/install/scout_description/share/scout_description//urdf/scout_v2.urdf
[0.494s] -- Up-to-date: /home/jajayu/ros2robotics2024_ws/install/scout_description/share/scout_description//urdf/scout_wheel_type2.xacro
[0.494s] -- Up-to-date: /home/jajayu/ros2robotics2024_ws/install/scout_description/share/scout_description//urdf/scout_wheel_type1.xacro
[0.494s] -- Up-to-date: /home/jajayu/ros2robotics2024_ws/install/scout_description/share/scout_description//urdf/generate_urdf.sh
[0.494s] -- Up-to-date: /home/jajayu/ros2robotics2024_ws/install/scout_description/share/scout_description//urdf/scout_v2.xacro
[0.494s] -- Up-to-date: /home/jajayu/ros2robotics2024_ws/install/scout_description/share/scout_description//meshes
[0.494s] -- Up-to-date: /home/jajayu/ros2robotics2024_ws/install/scout_description/share/scout_description//meshes/base_link.dae
[0.494s] -- Up-to-date: /home/jajayu/ros2robotics2024_ws/install/scout_description/share/scout_description//meshes/base_link_full.dae
[0.495s] -- Up-to-date: /home/jajayu/ros2robotics2024_ws/install/scout_description/share/scout_description//meshes/wheel_type2.dae
[0.495s] -- Up-to-date: /home/jajayu/ros2robotics2024_ws/install/scout_description/share/scout_description//meshes/wheel_type1.dae
[0.495s] -- Up-to-date: /home/jajayu/ros2robotics2024_ws/install/scout_description/share/scout_description//meshes/hokuyo.dae
[0.495s] -- Up-to-date: /home/jajayu/ros2robotics2024_ws/install/scout_description/share/ament_index/resource_index/package_run_dependencies/scout_description
[0.495s] -- Up-to-date: /home/jajayu/ros2robotics2024_ws/install/scout_description/share/ament_index/resource_index/parent_prefix_path/scout_description
[0.495s] -- Up-to-date: /home/jajayu/ros2robotics2024_ws/install/scout_description/share/scout_description/environment/ament_prefix_path.sh
[0.495s] -- Up-to-date: /home/jajayu/ros2robotics2024_ws/install/scout_description/share/scout_description/environment/ament_prefix_path.dsv
[0.495s] -- Up-to-date: /home/jajayu/ros2robotics2024_ws/install/scout_description/share/scout_description/environment/path.sh
[0.495s] -- Up-to-date: /home/jajayu/ros2robotics2024_ws/install/scout_description/share/scout_description/environment/path.dsv
[0.496s] -- Up-to-date: /home/jajayu/ros2robotics2024_ws/install/scout_description/share/scout_description/local_setup.bash
[0.496s] -- Up-to-date: /home/jajayu/ros2robotics2024_ws/install/scout_description/share/scout_description/local_setup.sh
[0.496s] -- Up-to-date: /home/jajayu/ros2robotics2024_ws/install/scout_description/share/scout_description/local_setup.zsh
[0.496s] -- Up-to-date: /home/jajayu/ros2robotics2024_ws/install/scout_description/share/scout_description/local_setup.dsv
[0.496s] -- Installing: /home/jajayu/ros2robotics2024_ws/install/scout_description/share/scout_description/package.dsv
[0.496s] -- Up-to-date: /home/jajayu/ros2robotics2024_ws/install/scout_description/share/ament_index/resource_index/packages/scout_description
[0.496s] -- Up-to-date: /home/jajayu/ros2robotics2024_ws/install/scout_description/share/scout_description/cmake/scout_descriptionConfig.cmake
[0.496s] -- Up-to-date: /home/jajayu/ros2robotics2024_ws/install/scout_description/share/scout_description/cmake/scout_descriptionConfig-version.cmake
[0.496s] -- Up-to-date: /home/jajayu/ros2robotics2024_ws/install/scout_description/share/scout_description/package.xml
[0.513s] Invoked command in '/home/jajayu/ros2robotics2024_ws/build/scout_description' returned '0': CMAKE_PREFIX_PATH=/home/jajayu/TomatoHarvesting_NextBestView/nbv_code/ros2_ws2/install/my_robot_nbv:/home/jajayu/TomatoHarvesting_NextBestView/nbv_code/ros2_ws2/install/my_robot_cam:/home/jajayu/ros2_ws/install/webots_ros2_tests:/home/jajayu/ros2_ws/install/webots_ros2:/home/jajayu/ros2_ws/install/pcd_demo:/home/jajayu/ros2_ws/install/my_robot_controller:/home/jajayu/ros2_ws/install/my_robot_cam:/home/jajayu/ros2_ws/install/gazebo_tutorial:/opt/ros/humble:${CMAKE_PREFIX_PATH} /home/jajayu/.local/bin/cmake --install /home/jajayu/ros2robotics2024_ws/build/scout_description
