[0mCMake Error: The current CMakeCache.txt directory /home/jajayu/Documents/ros2robotics2024_ws/build/ugv_sdk/CMakeCache.txt is different than the directory /home/jajayu/ros2robotics2024_ws/build/ugv_sdk where CMakeCache.txt was created. This may result in binaries being created in the wrong place. If you are not sure, reedit the CMakeCache.txt[0m
CMake Error: Target DependInfo.cmake file not found
Built target ugv_sdk
CMake Error: Target DependInfo.cmake file not found
CMake Error: Target DependInfo.cmake file not found
CMake Error: Target DependInfo.cmake file not found
CMake Error: Target DependInfo.cmake file not found
CMake Error: Target DependInfo.cmake file not found
CMake Error: Target DependInfo.cmake file not found
CMake Error: Target DependInfo.cmake file not found
Built target demo_scout_robot
CMake Error: Target DependInfo.cmake file not found
Built target demo_scout_mini_omni_robot
Built target demo_tracer_robot
Built target demo_ranger_robot
Built target demo_hunter_robot
Built target demo_bunker_robot
Built target demo_protocol_detector
Built target demo_robot_version
-- Install configuration: "Release"
[31mCMake Error at cmake_install.cmake:46 (file):
  file INSTALL cannot find
  "/home/jajayu/ros2robotics2024_ws/build/ugv_sdk/lib/libugv_sdk.a": No such
  file or directory.

[0m
