[0.024s] Invoking command in '/home/jajayu/ros2robotics2024_ws/build/scout_msgs': CMAKE_PREFIX_PATH=${CMAKE_PREFIX_PATH}:/home/jajayu/TomatoHarvesting_NextBestView/nbv_code/ros2_ws2/install/my_robot_nbv:/home/jajayu/TomatoHarvesting_NextBestView/nbv_code/ros2_ws2/install/my_robot_cam:/home/jajayu/ros2_ws/install/webots_ros2_tests:/home/jajayu/ros2_ws/install/webots_ros2:/home/jajayu/ros2_ws/install/pcd_demo:/home/jajayu/ros2_ws/install/my_robot_controller:/home/jajayu/ros2_ws/install/my_robot_cam:/home/jajayu/ros2_ws/install/gazebo_tutorial:/opt/ros/humble /home/jajayu/.local/bin/cmake /home/jajayu/ros2robotics2024_ws/src/scout_ros2/scout_msgs -DCMAKE_INSTALL_PREFIX=/home/jajayu/ros2robotics2024_ws/install/scout_msgs
[0.282s] -- The C compiler identification is GNU 11.4.0
[0.392s] -- The CXX compiler identification is GNU 11.4.0
[0.406s] -- Detecting C compiler ABI info
[0.475s] -- Detecting C compiler ABI info - done
[0.493s] -- Check for working C compiler: /usr/bin/cc - skipped
[0.494s] -- Detecting C compile features
[0.495s] -- Detecting C compile features - done
[0.500s] -- Detecting CXX compiler ABI info
[0.579s] -- Detecting CXX compiler ABI info - done
[0.597s] -- Check for working CXX compiler: /usr/bin/c++ - skipped
[0.599s] -- Detecting CXX compile features
[0.599s] -- Detecting CXX compile features - done
[0.628s] -- Found ament_cmake: 1.3.9 (/opt/ros/humble/share/ament_cmake/cmake)
[0.808s] -- Found Python3: /usr/bin/python3 (found version "3.10.12") found components: Interpreter
[0.996s] -- Found builtin_interfaces: 1.2.1 (/opt/ros/humble/share/builtin_interfaces/cmake)
[1.082s] -- Found rosidl_generator_c: 3.1.5 (/opt/ros/humble/share/rosidl_generator_c/cmake)
[1.094s] -- Found rosidl_adapter: 3.1.5 (/opt/ros/humble/share/rosidl_adapter/cmake)
[1.117s] -- Found rosidl_generator_cpp: 3.1.5 (/opt/ros/humble/share/rosidl_generator_cpp/cmake)
[1.157s] -- Using all available rosidl_typesupport_c: rosidl_typesupport_fastrtps_c;rosidl_typesupport_introspection_c
[1.199s] -- Using all available rosidl_typesupport_cpp: rosidl_typesupport_fastrtps_cpp;rosidl_typesupport_introspection_cpp
[1.239s] -- Found rosidl_default_generators: 1.2.0 (/opt/ros/humble/share/rosidl_default_generators/cmake)
[1.261s] -- Found std_msgs: 4.2.4 (/opt/ros/humble/share/std_msgs/cmake)
[1.903s] -- Found ament_cmake_ros: 0.10.0 (/opt/ros/humble/share/ament_cmake_ros/cmake)
[2.891s] -- Using all available rosidl_typesupport_c: rosidl_typesupport_fastrtps_c;rosidl_typesupport_introspection_c
[3.290s] -- Using all available rosidl_typesupport_cpp: rosidl_typesupport_fastrtps_cpp;rosidl_typesupport_introspection_cpp
[3.293s] [33mCMake Warning (dev) at /opt/ros/humble/share/rosidl_generator_py/cmake/rosidl_generator_py_generate_interfaces.cmake:20 (find_package):
[3.293s]   Policy CMP0148 is not set: The FindPythonInterp and FindPythonLibs modules
[3.293s]   are removed.  Run "cmake --help-policy CMP0148" for policy details.  Use
[3.293s]   the cmake_policy command to set the policy and suppress this warning.
[3.293s] 
[3.293s] Call Stack (most recent call first):
[3.293s]   /opt/ros/humble/share/ament_cmake_core/cmake/core/ament_execute_extensions.cmake:48 (include)
[3.293s]   /opt/ros/humble/share/rosidl_cmake/cmake/rosidl_generate_interfaces.cmake:286 (ament_execute_extensions)
[3.293s]   CMakeLists.txt:34 (rosidl_generate_interfaces)
[3.293s] This warning is for project developers.  Use -Wno-dev to suppress it.
[3.293s] [0m
[3.312s] -- Found PythonInterp: /usr/bin/python3 (found suitable version "3.10.12", minimum required is "3.6")
[3.315s] -- Found python_cmake_module: 0.10.0 (/opt/ros/humble/share/python_cmake_module/cmake)
[3.316s] [33mCMake Warning (dev) at /opt/ros/humble/share/python_cmake_module/cmake/Modules/FindPythonExtra.cmake:52 (find_package):
[3.316s]   Policy CMP0148 is not set: The FindPythonInterp and FindPythonLibs modules
[3.316s]   are removed.  Run "cmake --help-policy CMP0148" for policy details.  Use
[3.316s]   the cmake_policy command to set the policy and suppress this warning.
[3.316s] 
[3.316s] Call Stack (most recent call first):
[3.316s]   /opt/ros/humble/share/rosidl_generator_py/cmake/rosidl_generator_py_generate_interfaces.cmake:23 (find_package)
[3.316s]   /opt/ros/humble/share/ament_cmake_core/cmake/core/ament_execute_extensions.cmake:48 (include)
[3.316s]   /opt/ros/humble/share/rosidl_cmake/cmake/rosidl_generate_interfaces.cmake:286 (ament_execute_extensions)
[3.316s]   CMakeLists.txt:34 (rosidl_generate_interfaces)
[3.316s] This warning is for project developers.  Use -Wno-dev to suppress it.
[3.316s] [0m
[3.344s] [33mCMake Warning (dev) at /opt/ros/humble/share/python_cmake_module/cmake/Modules/FindPythonExtra.cmake:140 (find_package):
[3.344s]   Policy CMP0148 is not set: The FindPythonInterp and FindPythonLibs modules
[3.344s]   are removed.  Run "cmake --help-policy CMP0148" for policy details.  Use
[3.344s]   the cmake_policy command to set the policy and suppress this warning.
[3.344s] 
[3.344s] Call Stack (most recent call first):
[3.344s]   /opt/ros/humble/share/rosidl_generator_py/cmake/rosidl_generator_py_generate_interfaces.cmake:23 (find_package)
[3.344s]   /opt/ros/humble/share/ament_cmake_core/cmake/core/ament_execute_extensions.cmake:48 (include)
[3.344s]   /opt/ros/humble/share/rosidl_cmake/cmake/rosidl_generate_interfaces.cmake:286 (ament_execute_extensions)
[3.344s]   CMakeLists.txt:34 (rosidl_generate_interfaces)
[3.344s] This warning is for project developers.  Use -Wno-dev to suppress it.
[3.344s] [0m
[3.351s] -- Found PythonLibs: /usr/lib/x86_64-linux-gnu/libpython3.10.so (found suitable version "3.10.12", minimum required is "3.5")
[3.351s] -- Using PYTHON_EXECUTABLE: /usr/bin/python3
[3.351s] -- Using PYTHON_INCLUDE_DIRS: /usr/include/python3.10
[3.351s] -- Using PYTHON_LIBRARIES: /usr/lib/x86_64-linux-gnu/libpython3.10.so
[3.369s] -- Found PythonExtra: .so
[3.433s] -- Found ament_lint_auto: 0.12.11 (/opt/ros/humble/share/ament_lint_auto/cmake)
[3.472s] -- Added test 'copyright' to check source files copyright and LICENSE
[3.474s] -- Added test 'lint_cmake' to check CMake code style
[3.476s] -- Added test 'xmllint' to check XML markup files
[3.478s] -- Configuring done (3.3s)
[3.523s] -- Generating done (0.0s)
[3.523s] -- Build files have been written to: /home/jajayu/ros2robotics2024_ws/build/scout_msgs
