-- Found tf2_geometry_msgs: 0.25.7 (/opt/ros/humble/share/tf2_geometry_msgs/cmake)
-- Found rosidl_generator_c: 3.1.5 (/opt/ros/humble/share/rosidl_generator_c/cmake)
-- Found rosidl_adapter: 3.1.5 (/opt/ros/humble/share/rosidl_adapter/cmake)
-- Found rosidl_generator_cpp: 3.1.5 (/opt/ros/humble/share/rosidl_generator_cpp/cmake)
-- Using all available rosidl_typesupport_c: rosidl_typesupport_fastrtps_c;rosidl_typesupport_introspection_c
-- Using all available rosidl_typesupport_cpp: rosidl_typesupport_fastrtps_cpp;rosidl_typesupport_introspection_cpp
-- Found eigen3_cmake_module: 0.1.1 (/opt/ros/humble/share/eigen3_cmake_module/cmake)
-- Ensuring Eigen3 include directory is part of orocos-kdl CMake target
-- Found rmw_implementation_cmake: 6.1.2 (/opt/ros/humble/share/rmw_implementation_cmake/cmake)
-- Found rmw_fastrtps_cpp: 6.2.6 (/opt/ros/humble/share/rmw_fastrtps_cpp/cmake)
-- Using RMW implementation 'rmw_fastrtps_cpp' as default
-- Build package with cmake
-- Tests will not be built
[31mCMake Error at /opt/ros/humble/share/ament_cmake_target_dependencies/cmake/ament_target_dependencies.cmake:145 (target_link_libraries):
  The keyword signature for target_link_libraries has already been used with
  the target "ugv_sdk".  All uses of target_link_libraries with a target must
  be either all-keyword or all-plain.

  The uses of the keyword signature are here:

   * CMakeLists.txt:155 (target_link_libraries)

Call Stack (most recent call first):
  CMakeLists.txt:170 (ament_target_dependencies)

[0m
-- Project will be installed to /home/jajayu/ros2robotics2024_ws/install/ugv_sdk with 'make install'
--  - To install LIB components to /home/jajayu/ros2robotics2024_ws/install/ugv_sdk/lib
--  - To install BIN components to /home/jajayu/ros2robotics2024_ws/install/ugv_sdk/bin
--  - To install INCLUDE components to /home/jajayu/ros2robotics2024_ws/install/ugv_sdk/include
--  - To install CMAKE components to /home/jajayu/ros2robotics2024_ws/install/ugv_sdk/share/cmake/ugv_sdk
-- Configuring incomplete, errors occurred!
gmake: *** [Makefile:671: cmake_check_build_system] Error 1
