[0.025s] Invoking command in '/home/jajayu/ros2robotics2024_ws/build/ugv_sdk': /home/jajayu/.local/bin/cmake --build /home/jajayu/ros2robotics2024_ws/build/ugv_sdk -- -j8 -l8
[0.147s] -- Found tf2_geometry_msgs: 0.25.7 (/opt/ros/humble/share/tf2_geometry_msgs/cmake)
[0.467s] -- Found rosidl_generator_c: 3.1.5 (/opt/ros/humble/share/rosidl_generator_c/cmake)
[0.467s] -- Found rosidl_adapter: 3.1.5 (/opt/ros/humble/share/rosidl_adapter/cmake)
[0.477s] -- Found rosidl_generator_cpp: 3.1.5 (/opt/ros/humble/share/rosidl_generator_cpp/cmake)
[0.491s] -- Using all available rosidl_typesupport_c: rosidl_typesupport_fastrtps_c;rosidl_typesupport_introspection_c
[0.516s] -- Using all available rosidl_typesupport_cpp: rosidl_typesupport_fastrtps_cpp;rosidl_typesupport_introspection_cpp
[0.678s] -- Found eigen3_cmake_module: 0.1.1 (/opt/ros/humble/share/eigen3_cmake_module/cmake)
[0.680s] -- Ensuring Eigen3 include directory is part of orocos-kdl CMake target
[0.847s] -- Found rmw_implementation_cmake: 6.1.2 (/opt/ros/humble/share/rmw_implementation_cmake/cmake)
[0.850s] -- Found rmw_fastrtps_cpp: 6.2.6 (/opt/ros/humble/share/rmw_fastrtps_cpp/cmake)
[1.001s] -- Using RMW implementation 'rmw_fastrtps_cpp' as default
[1.538s] -- Build package with cmake
[1.538s] -- Tests will not be built
[1.545s] [31mCMake Error at /opt/ros/humble/share/ament_cmake_target_dependencies/cmake/ament_target_dependencies.cmake:145 (target_link_libraries):
[1.545s]   The keyword signature for target_link_libraries has already been used with
[1.545s]   the target "ugv_sdk".  All uses of target_link_libraries with a target must
[1.545s]   be either all-keyword or all-plain.
[1.545s] 
[1.545s]   The uses of the keyword signature are here:
[1.545s] 
[1.546s]    * CMakeLists.txt:155 (target_link_libraries)
[1.546s] 
[1.546s] Call Stack (most recent call first):
[1.546s]   CMakeLists.txt:170 (ament_target_dependencies)
[1.546s] 
[1.546s] [0m
[1.555s] -- Project will be installed to /home/jajayu/ros2robotics2024_ws/install/ugv_sdk with 'make install'
[1.555s] --  - To install LIB components to /home/jajayu/ros2robotics2024_ws/install/ugv_sdk/lib
[1.555s] --  - To install BIN components to /home/jajayu/ros2robotics2024_ws/install/ugv_sdk/bin
[1.555s] --  - To install INCLUDE components to /home/jajayu/ros2robotics2024_ws/install/ugv_sdk/include
[1.555s] --  - To install CMAKE components to /home/jajayu/ros2robotics2024_ws/install/ugv_sdk/share/cmake/ugv_sdk
[1.577s] -- Configuring incomplete, errors occurred!
[1.591s] gmake: *** [Makefile:671: cmake_check_build_system] Error 1
[1.602s] Invoked command in '/home/jajayu/ros2robotics2024_ws/build/ugv_sdk' returned '2': /home/jajayu/.local/bin/cmake --build /home/jajayu/ros2robotics2024_ws/build/ugv_sdk -- -j8 -l8
