[0.020s] Invoking command in '/home/jajayu/ros2robotics2024_ws/build/scout_base': CMAKE_PREFIX_PATH=/home/jajayu/TomatoHarvesting_NextBestView/nbv_code/ros2_ws2/install/my_robot_nbv:/home/jajayu/TomatoHarvesting_NextBestView/nbv_code/ros2_ws2/install/my_robot_cam:/home/jajayu/ros2_ws/install/webots_ros2_tests:/home/jajayu/ros2_ws/install/webots_ros2:/home/jajayu/ros2_ws/install/pcd_demo:/home/jajayu/ros2_ws/install/my_robot_controller:/home/jajayu/ros2_ws/install/my_robot_cam:/home/jajayu/ros2_ws/install/gazebo_tutorial:/home/jajayu/ros2robotics2024_ws/install/ugv_sdk:/home/jajayu/ros2robotics2024_ws/install/scout_msgs:/opt/ros/humble:/home/jajayu/ros2robotics2024_ws/install/scout_description:/home/jajayu/TomatoHarvesting_NextBestView/nbv_code/ros2_ws2/install/realsense2_description:/home/jajayu/TomatoHarvesting_NextBestView/nbv_code/ros2_ws2/install/realsense2_camera:/home/jajayu/TomatoHarvesting_NextBestView/nbv_code/ros2_ws2/install/realsense2_camera_msgs:/home/jajayu/TomatoHarvesting_NextBestView/nbv_code/ros2_ws2/install/octomap_server2:/home/jajayu/TomatoHarvesting_NextBestView/nbv_code/ros2_ws2/install/my_robot_nbv_cmake:/home/jajayu/TomatoHarvesting_NextBestView/nbv_code/ros2_ws2/install/my_bot:/home/jajayu/ros2_ws/install/urdf_example:/home/jajayu/ros2_ws/install/perception_pcl:/home/jajayu/ros2_ws/install/pcl_ros:/home/jajayu/ros2_ws/install/octomap_server2:/home/jajayu/ros2_ws/install/pcl_conversions:/home/jajayu/ros2_ws/install/pcl_msgs:/home/jajayu/ros2_ws/install/my_robot_cam_cmake:/home/jajayu/ros2_ws/install/my_bot:/home/jajayu/ros2_ws/install/depthimage_to_pointcloud2 /home/jajayu/.local/bin/cmake --build /home/jajayu/ros2robotics2024_ws/build/scout_base -- -j8 -l8
[0.143s] -- Found ament_cmake: 1.3.9 (/opt/ros/humble/share/ament_cmake/cmake)
[0.432s] -- Found rclcpp: 16.0.9 (/opt/ros/humble/share/rclcpp/cmake)
[0.470s] -- Found rosidl_generator_c: 3.1.5 (/opt/ros/humble/share/rosidl_generator_c/cmake)
[0.473s] -- Found rosidl_adapter: 3.1.5 (/opt/ros/humble/share/rosidl_adapter/cmake)
[0.480s] -- Found rosidl_generator_cpp: 3.1.5 (/opt/ros/humble/share/rosidl_generator_cpp/cmake)
[0.494s] -- Using all available rosidl_typesupport_c: rosidl_typesupport_fastrtps_c;rosidl_typesupport_introspection_c
[0.519s] -- Using all available rosidl_typesupport_cpp: rosidl_typesupport_fastrtps_cpp;rosidl_typesupport_introspection_cpp
[0.599s] -- Found rmw_implementation_cmake: 6.1.2 (/opt/ros/humble/share/rmw_implementation_cmake/cmake)
[0.601s] -- Found rmw_fastrtps_cpp: 6.2.6 (/opt/ros/humble/share/rmw_fastrtps_cpp/cmake)
[0.728s] -- Using RMW implementation 'rmw_fastrtps_cpp' as default
[0.927s] -- Found geometry_msgs: 4.2.4 (/opt/ros/humble/share/geometry_msgs/cmake)
[0.986s] -- Found nav_msgs: 4.2.4 (/opt/ros/humble/share/nav_msgs/cmake)
[1.088s] -- Found sensor_msgs: 4.2.4 (/opt/ros/humble/share/sensor_msgs/cmake)
[1.191s] -- Found tf2: 0.25.7 (/opt/ros/humble/share/tf2/cmake)
[1.199s] -- Found tf2_ros: 0.25.8 (/opt/ros/humble/share/tf2_ros/cmake)
[1.606s] -- Found scout_msgs: 0.1.0 (/home/jajayu/ros2robotics2024_ws/install/scout_msgs/share/scout_msgs/cmake)
[1.693s] -- Found ament_lint_auto: 0.12.11 (/opt/ros/humble/share/ament_lint_auto/cmake)
[1.784s] -- Added test 'copyright' to check source files copyright and LICENSE
[1.784s] -- Added test 'cppcheck' to perform static code analysis on C / C++ code
[1.784s] -- Configured cppcheck include dirs: /home/jajayu/ros2robotics2024_ws/src/scout_ros2/scout_base/include
[1.784s] -- Configured cppcheck exclude dirs and/or files: 
[1.789s] -- Added test 'cpplint' to check C / C++ code against the Google style
[1.789s] -- Configured cpplint exclude dirs and/or files: 
[1.789s] -- Added test 'flake8' to check Python code syntax and style conventions
[1.789s] -- Added test 'lint_cmake' to check CMake code style
[1.789s] -- Added test 'pep257' to check Python code against some of the docstring style conventions in PEP 257
[1.789s] -- Added test 'uncrustify' to check C / C++ code style
[1.789s] -- Configured uncrustify additional arguments: 
[1.789s] -- Added test 'xmllint' to check XML markup files
[1.789s] -- Configuring done (1.7s)
[1.823s] -- Generating done (0.0s)
[1.823s] -- Build files have been written to: /home/jajayu/ros2robotics2024_ws/build/scout_base
[1.853s] [ 33%] [32mBuilding CXX object CMakeFiles/scout_base_node.dir/src/scout_base_ros.cpp.o[0m
[2.112s] In file included from [01m[K/home/jajayu/ros2robotics2024_ws/src/scout_ros2/scout_base/src/scout_base_ros.cpp:12[m[K:
[2.112s] [01m[K/home/jajayu/ros2robotics2024_ws/src/scout_ros2/scout_base/include/scout_base/scout_messenger.hpp:21:10:[m[K [01;31m[Kfatal error: [m[Ktf2_geometry_msgs/tf2_geometry_msgs.h: No such file or directory
[2.112s]    21 | #include [01;31m[K<tf2_geometry_msgs/tf2_geometry_msgs.h>[m[K
[2.112s]       |          [01;31m[K^~~~~~~~~~~~~~~~~~~~~~~~~~~~~~~~~~~~~~~[m[K
[2.112s] compilation terminated.
[2.116s] gmake[2]: *** [CMakeFiles/scout_base_node.dir/build.make:76: CMakeFiles/scout_base_node.dir/src/scout_base_ros.cpp.o] Error 1
[2.117s] gmake[1]: *** [CMakeFiles/Makefile2:137: CMakeFiles/scout_base_node.dir/all] Error 2
[2.117s] gmake: *** [Makefile:146: all] Error 2
[2.136s] Invoked command in '/home/jajayu/ros2robotics2024_ws/build/scout_base' returned '2': CMAKE_PREFIX_PATH=/home/jajayu/TomatoHarvesting_NextBestView/nbv_code/ros2_ws2/install/my_robot_nbv:/home/jajayu/TomatoHarvesting_NextBestView/nbv_code/ros2_ws2/install/my_robot_cam:/home/jajayu/ros2_ws/install/webots_ros2_tests:/home/jajayu/ros2_ws/install/webots_ros2:/home/jajayu/ros2_ws/install/pcd_demo:/home/jajayu/ros2_ws/install/my_robot_controller:/home/jajayu/ros2_ws/install/my_robot_cam:/home/jajayu/ros2_ws/install/gazebo_tutorial:/home/jajayu/ros2robotics2024_ws/install/ugv_sdk:/home/jajayu/ros2robotics2024_ws/install/scout_msgs:/opt/ros/humble:/home/jajayu/ros2robotics2024_ws/install/scout_description:/home/jajayu/TomatoHarvesting_NextBestView/nbv_code/ros2_ws2/install/realsense2_description:/home/jajayu/TomatoHarvesting_NextBestView/nbv_code/ros2_ws2/install/realsense2_camera:/home/jajayu/TomatoHarvesting_NextBestView/nbv_code/ros2_ws2/install/realsense2_camera_msgs:/home/jajayu/TomatoHarvesting_NextBestView/nbv_code/ros2_ws2/install/octomap_server2:/home/jajayu/TomatoHarvesting_NextBestView/nbv_code/ros2_ws2/install/my_robot_nbv_cmake:/home/jajayu/TomatoHarvesting_NextBestView/nbv_code/ros2_ws2/install/my_bot:/home/jajayu/ros2_ws/install/urdf_example:/home/jajayu/ros2_ws/install/perception_pcl:/home/jajayu/ros2_ws/install/pcl_ros:/home/jajayu/ros2_ws/install/octomap_server2:/home/jajayu/ros2_ws/install/pcl_conversions:/home/jajayu/ros2_ws/install/pcl_msgs:/home/jajayu/ros2_ws/install/my_robot_cam_cmake:/home/jajayu/ros2_ws/install/my_bot:/home/jajayu/ros2_ws/install/depthimage_to_pointcloud2 /home/jajayu/.local/bin/cmake --build /home/jajayu/ros2robotics2024_ws/build/scout_base -- -j8 -l8
