[0.026s] Invoking command in '/home/jajayu/ros2robotics2024_ws/build/ugv_sdk': /home/jajayu/.local/bin/cmake --build /home/jajayu/ros2robotics2024_ws/build/ugv_sdk -- -j8 -l8
[0.134s] -- Build package with cmake
[0.134s] -- Tests will not be built
[0.142s] -- Project will be installed to /home/jajayu/ros2robotics2024_ws/install/ugv_sdk with 'make install'
[0.142s] --  - To install LIB components to /home/jajayu/ros2robotics2024_ws/install/ugv_sdk/lib
[0.142s] --  - To install BIN components to /home/jajayu/ros2robotics2024_ws/install/ugv_sdk/bin
[0.142s] --  - To install INCLUDE components to /home/jajayu/ros2robotics2024_ws/install/ugv_sdk/include
[0.142s] --  - To install CMAKE components to /home/jajayu/ros2robotics2024_ws/install/ugv_sdk/share/cmake/ugv_sdk
[0.163s] -- Configuring done (0.0s)
[0.194s] -- Generating done (0.0s)
[0.195s] -- Build files have been written to: /home/jajayu/ros2robotics2024_ws/build/ugv_sdk
[0.245s] [  3%] [32mBuilding CXX object CMakeFiles/ugv_sdk.dir/src/async_port/async_serial.cpp.o[0m
[0.245s] [  7%] [32mBuilding CXX object CMakeFiles/ugv_sdk.dir/src/async_port/async_can.cpp.o[0m
[0.247s] [ 10%] [32mBuilding CXX object CMakeFiles/ugv_sdk.dir/src/utilities/protocol_detector.cpp.o[0m
[0.248s] [ 14%] [32mBuilding CXX object CMakeFiles/ugv_sdk.dir/src/mobile_robot/scout_robot.cpp.o[0m
[0.248s] [ 17%] [32mBuilding CXX object CMakeFiles/ugv_sdk.dir/src/mobile_robot/hunter_robot.cpp.o[0m
[0.251s] [ 21%] [32mBuilding CXX object CMakeFiles/ugv_sdk.dir/src/mobile_robot/bunker_robot.cpp.o[0m
[0.262s] [ 25%] [32mBuilding CXX object CMakeFiles/ugv_sdk.dir/src/mobile_robot/ranger_robot.cpp.o[0m
[0.274s] [ 28%] [32mBuilding CXX object CMakeFiles/ugv_sdk.dir/src/mobile_robot/titan_robot.cpp.o[0m
[2.446s] [ 32%] [32mBuilding C object CMakeFiles/ugv_sdk.dir/src/protocol_v2/agilex_msg_parser_v2.c.o[0m
[2.612s] [ 35%] [32mBuilding CXX object CMakeFiles/ugv_sdk.dir/src/protocol_v2/protocol_v2_parser.cpp.o[0m
[2.671s] [ 39%] [32mBuilding C object CMakeFiles/ugv_sdk.dir/src/protocol_v1/agilex_msg_parser_v1.c.o[0m
[4.409s] [ 42%] [32m[1mLinking CXX static library lib/libugv_sdk.a[0m
[4.446s] [ 42%] Built target ugv_sdk
[4.461s] [ 46%] [32m[1mLinking CXX executable ../../bin/demo_bunker_robot[0m
[4.465s] [ 50%] [32m[1mLinking CXX executable ../../bin/demo_scout_mini_omni_robot[0m
[4.465s] [ 53%] [32m[1mLinking CXX executable ../../bin/demo_scout_robot[0m
[4.465s] [ 57%] [32m[1mLinking CXX executable ../../bin/demo_ranger_robot[0m
[4.466s] [ 60%] [32m[1mLinking CXX executable ../../bin/demo_tracer_robot[0m
[4.467s] [ 64%] [32m[1mLinking CXX executable ../../bin/demo_protocol_detector[0m
[4.467s] [ 67%] [32m[1mLinking CXX executable ../../bin/demo_robot_version[0m
[4.470s] [ 71%] [32m[1mLinking CXX executable ../../bin/demo_hunter_robot[0m
[4.664s] [ 75%] Built target demo_ranger_robot
[4.667s] [ 82%] Built target demo_bunker_robot
[4.672s] [ 82%] Built target demo_scout_robot
[4.675s] [ 85%] Built target demo_scout_mini_omni_robot
[4.677s] [ 92%] Built target demo_protocol_detector
[4.677s] [ 92%] Built target demo_tracer_robot
[4.678s] [ 96%] Built target demo_hunter_robot
[4.686s] [100%] Built target demo_robot_version
[4.705s] Invoked command in '/home/jajayu/ros2robotics2024_ws/build/ugv_sdk' returned '0': /home/jajayu/.local/bin/cmake --build /home/jajayu/ros2robotics2024_ws/build/ugv_sdk -- -j8 -l8
[5.018s] Invoking command in '/home/jajayu/ros2robotics2024_ws/build/ugv_sdk': /home/jajayu/.local/bin/cmake --install /home/jajayu/ros2robotics2024_ws/build/ugv_sdk
[5.124s] -- Install configuration: "Release"
[5.124s] -- Installing: /home/jajayu/ros2robotics2024_ws/install/ugv_sdk/lib/libugv_sdk.a
[5.126s] -- Installing: /home/jajayu/ros2robotics2024_ws/install/ugv_sdk/include/ugv_sdk
[5.126s] -- Installing: /home/jajayu/ros2robotics2024_ws/install/ugv_sdk/include/ugv_sdk/details
[5.127s] -- Installing: /home/jajayu/ros2robotics2024_ws/install/ugv_sdk/include/ugv_sdk/details/protocol_v2
[5.127s] -- Installing: /home/jajayu/ros2robotics2024_ws/install/ugv_sdk/include/ugv_sdk/details/protocol_v2/protocol_v2_parser.hpp
[5.127s] -- Installing: /home/jajayu/ros2robotics2024_ws/install/ugv_sdk/include/ugv_sdk/details/protocol_v1
[5.127s] -- Installing: /home/jajayu/ros2robotics2024_ws/install/ugv_sdk/include/ugv_sdk/details/protocol_v1/protocol_v1_parser.hpp
[5.127s] -- Installing: /home/jajayu/ros2robotics2024_ws/install/ugv_sdk/include/ugv_sdk/details/protocol_v1/robot_limits.hpp
[5.127s] -- Installing: /home/jajayu/ros2robotics2024_ws/install/ugv_sdk/include/ugv_sdk/details/protocol_v1/agilex_msg_parser_v1.h
[5.128s] -- Installing: /home/jajayu/ros2robotics2024_ws/install/ugv_sdk/include/ugv_sdk/details/parser_base.hpp
[5.128s] -- Installing: /home/jajayu/ros2robotics2024_ws/install/ugv_sdk/include/ugv_sdk/details/interface
[5.128s] -- Installing: /home/jajayu/ros2robotics2024_ws/install/ugv_sdk/include/ugv_sdk/details/interface/agilex_message.h
[5.128s] -- Installing: /home/jajayu/ros2robotics2024_ws/install/ugv_sdk/include/ugv_sdk/details/interface/tracer_interface.hpp
[5.128s] -- Installing: /home/jajayu/ros2robotics2024_ws/install/ugv_sdk/include/ugv_sdk/details/interface/titan_interface.hpp
[5.128s] -- Installing: /home/jajayu/ros2robotics2024_ws/install/ugv_sdk/include/ugv_sdk/details/interface/scout_interface.hpp
[5.128s] -- Installing: /home/jajayu/ros2robotics2024_ws/install/ugv_sdk/include/ugv_sdk/details/interface/robot_common_interface.hpp
[5.128s] -- Installing: /home/jajayu/ros2robotics2024_ws/install/ugv_sdk/include/ugv_sdk/details/interface/agilex_types.h
[5.128s] -- Installing: /home/jajayu/ros2robotics2024_ws/install/ugv_sdk/include/ugv_sdk/details/interface/ranger_interface.hpp
[5.129s] -- Installing: /home/jajayu/ros2robotics2024_ws/install/ugv_sdk/include/ugv_sdk/details/interface/hunter_interface.hpp
[5.129s] -- Installing: /home/jajayu/ros2robotics2024_ws/install/ugv_sdk/include/ugv_sdk/details/interface/bunker_interface.hpp
[5.129s] -- Installing: /home/jajayu/ros2robotics2024_ws/install/ugv_sdk/include/ugv_sdk/details/robot_base
[5.130s] -- Installing: /home/jajayu/ros2robotics2024_ws/install/ugv_sdk/include/ugv_sdk/details/robot_base/titan_base.hpp
[5.130s] -- Installing: /home/jajayu/ros2robotics2024_ws/install/ugv_sdk/include/ugv_sdk/details/robot_base/scout_base.hpp
[5.130s] -- Installing: /home/jajayu/ros2robotics2024_ws/install/ugv_sdk/include/ugv_sdk/details/robot_base/ranger_base.hpp
[5.130s] -- Installing: /home/jajayu/ros2robotics2024_ws/install/ugv_sdk/include/ugv_sdk/details/robot_base/bunker_base.hpp
[5.130s] -- Installing: /home/jajayu/ros2robotics2024_ws/install/ugv_sdk/include/ugv_sdk/details/robot_base/agilex_base.hpp
[5.130s] -- Installing: /home/jajayu/ros2robotics2024_ws/install/ugv_sdk/include/ugv_sdk/details/robot_base/hunter_base.hpp
[5.130s] -- Installing: /home/jajayu/ros2robotics2024_ws/install/ugv_sdk/include/ugv_sdk/details/robot_base/tracer_base.hpp
[5.131s] -- Installing: /home/jajayu/ros2robotics2024_ws/install/ugv_sdk/include/ugv_sdk/details/async_port
[5.131s] -- Installing: /home/jajayu/ros2robotics2024_ws/install/ugv_sdk/include/ugv_sdk/details/async_port/async_serial.hpp
[5.131s] -- Installing: /home/jajayu/ros2robotics2024_ws/install/ugv_sdk/include/ugv_sdk/details/async_port/ring_buffer.hpp
[5.131s] -- Installing: /home/jajayu/ros2robotics2024_ws/install/ugv_sdk/include/ugv_sdk/details/async_port/async_can.hpp
[5.132s] -- Installing: /home/jajayu/ros2robotics2024_ws/install/ugv_sdk/include/ugv_sdk/mobile_robot
[5.132s] -- Installing: /home/jajayu/ros2robotics2024_ws/install/ugv_sdk/include/ugv_sdk/mobile_robot/ranger_robot.hpp
[5.132s] -- Installing: /home/jajayu/ros2robotics2024_ws/install/ugv_sdk/include/ugv_sdk/mobile_robot/scout_robot.hpp
[5.132s] -- Installing: /home/jajayu/ros2robotics2024_ws/install/ugv_sdk/include/ugv_sdk/mobile_robot/titan_robot.hpp
[5.132s] -- Installing: /home/jajayu/ros2robotics2024_ws/install/ugv_sdk/include/ugv_sdk/mobile_robot/hunter_robot.hpp
[5.132s] -- Installing: /home/jajayu/ros2robotics2024_ws/install/ugv_sdk/include/ugv_sdk/mobile_robot/bunker_robot.hpp
[5.132s] -- Installing: /home/jajayu/ros2robotics2024_ws/install/ugv_sdk/include/ugv_sdk/mobile_robot/tracer_robot.hpp
[5.132s] -- Installing: /home/jajayu/ros2robotics2024_ws/install/ugv_sdk/include/ugv_sdk/utilities
[5.132s] -- Installing: /home/jajayu/ros2robotics2024_ws/install/ugv_sdk/include/ugv_sdk/utilities/protocol_detector.hpp
[5.132s] -- Installing: /home/jajayu/ros2robotics2024_ws/install/ugv_sdk/lib/cmake/ugv_sdk/ugv_sdkTargets.cmake
[5.132s] -- Installing: /home/jajayu/ros2robotics2024_ws/install/ugv_sdk/lib/cmake/ugv_sdk/ugv_sdkTargets-release.cmake
[5.132s] -- Installing: /home/jajayu/ros2robotics2024_ws/install/ugv_sdk/lib/cmake/ugv_sdk/ugv_sdkConfig.cmake
[5.132s] -- Installing: /home/jajayu/ros2robotics2024_ws/install/ugv_sdk/lib/cmake/ugv_sdk/ugv_sdkConfigVersion.cmake
[5.148s] Invoked command in '/home/jajayu/ros2robotics2024_ws/build/ugv_sdk' returned '0': /home/jajayu/.local/bin/cmake --install /home/jajayu/ros2robotics2024_ws/build/ugv_sdk
