[0.020s] Invoking command in '/home/jajayu/ros2robotics2024_ws/build/ugv_sdk': /home/jajayu/.local/bin/cmake /home/jajayu/ros2robotics2024_ws/src/ugv_sdk -DCATKIN_INSTALL_INTO_PREFIX_ROOT=0 -DCMAKE_INSTALL_PREFIX=/home/jajayu/ros2robotics2024_ws/install/ugv_sdk
[0.272s] -- The C compiler identification is GNU 11.4.0
[0.381s] -- The CXX compiler identification is GNU 11.4.0
[0.395s] -- Detecting C compiler ABI info
[0.466s] -- Detecting C compiler ABI info - done
[0.482s] -- Check for working C compiler: /usr/bin/cc - skipped
[0.484s] -- Detecting C compile features
[0.485s] -- Detecting C compile features - done
[0.490s] -- Detecting CXX compiler ABI info
[0.570s] -- Detecting CXX compiler ABI info - done
[0.588s] -- Check for working CXX compiler: /usr/bin/c++ - skipped
[0.589s] -- Detecting CXX compile features
[0.589s] -- Detecting CXX compile features - done
[0.591s] -- Build package with cmake
[0.592s] -- Setting build type to 'Release' as none was specified.
[0.592s] -- Tests will not be built
[0.595s] -- Performing Test CMAKE_HAVE_LIBC_PTHREAD
[0.681s] -- Performing Test CMAKE_HAVE_LIBC_PTHREAD - Success
[0.682s] -- Found Threads: TRUE
[0.686s] -- Project will be installed to /home/jajayu/ros2robotics2024_ws/install/ugv_sdk with 'make install'
[0.686s] --  - To install LIB components to /home/jajayu/ros2robotics2024_ws/install/ugv_sdk/lib
[0.686s] --  - To install BIN components to /home/jajayu/ros2robotics2024_ws/install/ugv_sdk/bin
[0.686s] --  - To install INCLUDE components to /home/jajayu/ros2robotics2024_ws/install/ugv_sdk/include
[0.686s] --  - To install CMAKE components to /home/jajayu/ros2robotics2024_ws/install/ugv_sdk/share/cmake/ugv_sdk
[0.701s] -- Configuring done (0.6s)
[0.722s] -- Generating done (0.0s)
[0.722s] [33mCMake Warning:
[0.722s]   Manually-specified variables were not used by the project:
[0.722s] 
[0.722s]     CATKIN_INSTALL_INTO_PREFIX_ROOT
[0.722s] 
[0.722s] [0m
[0.722s] -- Build files have been written to: /home/jajayu/ros2robotics2024_ws/build/ugv_sdk
[0.734s] Invoked command in '/home/jajayu/ros2robotics2024_ws/build/ugv_sdk' returned '0': /home/jajayu/.local/bin/cmake /home/jajayu/ros2robotics2024_ws/src/ugv_sdk -DCATKIN_INSTALL_INTO_PREFIX_ROOT=0 -DCMAKE_INSTALL_PREFIX=/home/jajayu/ros2robotics2024_ws/install/ugv_sdk
[0.736s] Invoking command in '/home/jajayu/ros2robotics2024_ws/build/ugv_sdk': /home/jajayu/.local/bin/cmake --build /home/jajayu/ros2robotics2024_ws/build/ugv_sdk -- -j8 -l8
[0.858s] [  3%] [32mBuilding CXX object CMakeFiles/ugv_sdk.dir/src/async_port/async_serial.cpp.o[0m
[0.862s] [ 10%] [32mBuilding CXX object CMakeFiles/ugv_sdk.dir/src/utilities/protocol_detector.cpp.o[0m
[0.862s] [ 10%] [32mBuilding CXX object CMakeFiles/ugv_sdk.dir/src/async_port/async_can.cpp.o[0m
[0.862s] [ 14%] [32mBuilding CXX object CMakeFiles/ugv_sdk.dir/src/mobile_robot/scout_robot.cpp.o[0m
[0.863s] [ 17%] [32mBuilding CXX object CMakeFiles/ugv_sdk.dir/src/mobile_robot/hunter_robot.cpp.o[0m
[0.866s] [ 21%] [32mBuilding CXX object CMakeFiles/ugv_sdk.dir/src/mobile_robot/bunker_robot.cpp.o[0m
[0.866s] [ 25%] [32mBuilding CXX object CMakeFiles/ugv_sdk.dir/src/mobile_robot/ranger_robot.cpp.o[0m
[0.873s] [ 28%] [32mBuilding CXX object CMakeFiles/ugv_sdk.dir/src/mobile_robot/titan_robot.cpp.o[0m
[0.943s] In file included from [01m[K/home/jajayu/ros2robotics2024_ws/src/ugv_sdk/src/async_port/async_can.cpp:10[m[K:
[0.943s] [01m[K/home/jajayu/ros2robotics2024_ws/src/ugv_sdk/include/ugv_sdk/details/async_port/async_can.hpp:24:10:[m[K [01;31m[Kfatal error: [m[Kasio.hpp: No such file or directory
[0.943s]    24 | #include [01;31m[K"asio.hpp"[m[K
[0.943s]       |          [01;31m[K^~~~~~~~~~[m[K
[0.943s] compilation terminated.
[0.943s] In file included from [01m[K/home/jajayu/ros2robotics2024_ws/src/ugv_sdk/include/ugv_sdk/utilities/protocol_detector.hpp:15[m[K,
[0.944s]                  from [01m[K/home/jajayu/ros2robotics2024_ws/src/ugv_sdk/src/utilities/protocol_detector.cpp:10[m[K:
[0.944s] [01m[K/home/jajayu/ros2robotics2024_ws/src/ugv_sdk/include/ugv_sdk/details/async_port/async_can.hpp:24:10:[m[K [01;31m[Kfatal error: [m[Kasio.hpp: No such file or directory
[0.944s]    24 | #include [01;31m[K"asio.hpp"[m[K
[0.944s]       |          [01;31m[K^~~~~~~~~~[m[K
[0.944s] compilation terminated.
[0.946s] gmake[2]: *** [CMakeFiles/ugv_sdk.dir/build.make:90: CMakeFiles/ugv_sdk.dir/src/async_port/async_can.cpp.o] Error 1
[0.946s] gmake[2]: *** Waiting for unfinished jobs....
[0.946s] gmake[2]: *** [CMakeFiles/ugv_sdk.dir/build.make:104: CMakeFiles/ugv_sdk.dir/src/utilities/protocol_detector.cpp.o] Error 1
[0.958s] In file included from [01m[K/home/jajayu/ros2robotics2024_ws/src/ugv_sdk/src/async_port/async_serial.cpp:10[m[K:
[0.958s] [01m[K/home/jajayu/ros2robotics2024_ws/src/ugv_sdk/include/ugv_sdk/details/async_port/async_serial.hpp:20:10:[m[K [01;31m[Kfatal error: [m[Kasio.hpp: No such file or directory
[0.959s]    20 | #include [01;31m[K"asio.hpp"[m[K
[0.959s]       |          [01;31m[K^~~~~~~~~~[m[K
[0.959s] compilation terminated.
[0.960s] gmake[2]: *** [CMakeFiles/ugv_sdk.dir/build.make:76: CMakeFiles/ugv_sdk.dir/src/async_port/async_serial.cpp.o] Error 1
[0.976s] In file included from [01m[K/home/jajayu/ros2robotics2024_ws/src/ugv_sdk/include/ugv_sdk/details/robot_base/agilex_base.hpp:21[m[K,
[0.976s]                  from [01m[K/home/jajayu/ros2robotics2024_ws/src/ugv_sdk/include/ugv_sdk/details/robot_base/bunker_base.hpp:19[m[K,
[0.976s]                  from [01m[K/home/jajayu/ros2robotics2024_ws/src/ugv_sdk/src/mobile_robot/bunker_robot.cpp:11[m[K:
[0.976s] [01m[K/home/jajayu/ros2robotics2024_ws/src/ugv_sdk/include/ugv_sdk/details/async_port/async_can.hpp:24:10:[m[K [01;31m[Kfatal error: [m[Kasio.hpp: No such file or directory
[0.977s]    24 | #include [01;31m[K"asio.hpp"[m[K
[0.977s]       |          [01;31m[K^~~~~~~~~~[m[K
[0.977s] In file included from [01m[K/home/jajayu/ros2robotics2024_ws/src/ugv_sdk/include/ugv_sdk/details/robot_base/agilex_base.hpp:21[m[K,
[0.978s]                  from [01m[K/home/jajayu/ros2robotics2024_ws/src/ugv_sdk/include/ugv_sdk/details/robot_base/hunter_base.hpp:19[m[K,
[0.978s]                  from [01m[K/home/jajayu/ros2robotics2024_ws/src/ugv_sdk/src/mobile_robot/hunter_robot.cpp:11[m[K:
[0.978s] [01m[K/home/jajayu/ros2robotics2024_ws/src/ugv_sdk/include/ugv_sdk/details/async_port/async_can.hpp:24:10:[m[K [01;31m[Kfatal error: [m[Kasio.hpp: No such file or directory
[0.978s]    24 | #include [01;31m[K"asio.hpp"[m[K
[0.978s]       |          [01;31m[K^~~~~~~~~~[m[K
[0.978s] compilation terminated.
[0.979s] compilation terminated.
[0.979s] In file included from [01m[K/home/jajayu/ros2robotics2024_ws/src/ugv_sdk/include/ugv_sdk/details/robot_base/agilex_base.hpp:21[m[K,
[0.979s]                  from [01m[K/home/jajayu/ros2robotics2024_ws/src/ugv_sdk/include/ugv_sdk/details/robot_base/scout_base.hpp:19[m[K,
[0.979s]                  from [01m[K/home/jajayu/ros2robotics2024_ws/src/ugv_sdk/src/mobile_robot/scout_robot.cpp:11[m[K:
[0.979s] [01m[K/home/jajayu/ros2robotics2024_ws/src/ugv_sdk/include/ugv_sdk/details/async_port/async_can.hpp:24:10:[m[K [01;31m[Kfatal error: [m[Kasio.hpp: No such file or directory
[0.979s]    24 | #include [01;31m[K"asio.hpp"[m[K
[0.979s]       |          [01;31m[K^~~~~~~~~~[m[K
[0.979s] compilation terminated.
[0.980s] gmake[2]: *** [CMakeFiles/ugv_sdk.dir/build.make:146: CMakeFiles/ugv_sdk.dir/src/mobile_robot/bunker_robot.cpp.o] Error 1
[0.980s] gmake[2]: *** [CMakeFiles/ugv_sdk.dir/build.make:132: CMakeFiles/ugv_sdk.dir/src/mobile_robot/hunter_robot.cpp.o] Error 1
[0.980s] gmake[2]: *** [CMakeFiles/ugv_sdk.dir/build.make:118: CMakeFiles/ugv_sdk.dir/src/mobile_robot/scout_robot.cpp.o] Error 1
[0.980s] In file included from [01m[K/home/jajayu/ros2robotics2024_ws/src/ugv_sdk/include/ugv_sdk/details/robot_base/agilex_base.hpp:21[m[K,
[0.980s]                  from [01m[K/home/jajayu/ros2robotics2024_ws/src/ugv_sdk/include/ugv_sdk/details/robot_base/titan_base.hpp:18[m[K,
[0.980s]                  from [01m[K/home/jajayu/ros2robotics2024_ws/src/ugv_sdk/include/ugv_sdk/mobile_robot/titan_robot.hpp:15[m[K,
[0.980s]                  from [01m[K/home/jajayu/ros2robotics2024_ws/src/ugv_sdk/src/mobile_robot/titan_robot.cpp:9[m[K:
[0.981s] [01m[K/home/jajayu/ros2robotics2024_ws/src/ugv_sdk/include/ugv_sdk/details/async_port/async_can.hpp:24:10:[m[K [01;31m[Kfatal error: [m[Kasio.hpp: No such file or directory
[0.981s]    24 | #include [01;31m[K"asio.hpp"[m[K
[0.981s]       |          [01;31m[K^~~~~~~~~~[m[K
[0.981s] compilation terminated.
[0.981s] In file included from [01m[K/home/jajayu/ros2robotics2024_ws/src/ugv_sdk/include/ugv_sdk/details/robot_base/agilex_base.hpp:21[m[K,
[0.981s]                  from [01m[K/home/jajayu/ros2robotics2024_ws/src/ugv_sdk/include/ugv_sdk/details/robot_base/ranger_base.hpp:19[m[K,
[0.981s]                  from [01m[K/home/jajayu/ros2robotics2024_ws/src/ugv_sdk/include/ugv_sdk/mobile_robot/ranger_robot.hpp:15[m[K,
[0.981s]                  from [01m[K/home/jajayu/ros2robotics2024_ws/src/ugv_sdk/src/mobile_robot/ranger_robot.cpp:9[m[K:
[0.981s] [01m[K/home/jajayu/ros2robotics2024_ws/src/ugv_sdk/include/ugv_sdk/details/async_port/async_can.hpp:24:10:[m[K [01;31m[Kfatal error: [m[Kasio.hpp: No such file or directory
[0.981s]    24 | #include [01;31m[K"asio.hpp"[m[K
[0.981s]       |          [01;31m[K^~~~~~~~~~[m[K
[0.981s] compilation terminated.
[0.981s] gmake[2]: *** [CMakeFiles/ugv_sdk.dir/build.make:160: CMakeFiles/ugv_sdk.dir/src/mobile_robot/ranger_robot.cpp.o] Error 1
[0.982s] gmake[2]: *** [CMakeFiles/ugv_sdk.dir/build.make:174: CMakeFiles/ugv_sdk.dir/src/mobile_robot/titan_robot.cpp.o] Error 1
[0.982s] gmake[1]: *** [CMakeFiles/Makefile2:209: CMakeFiles/ugv_sdk.dir/all] Error 2
[0.982s] gmake: *** [Makefile:156: all] Error 2
[0.996s] Invoked command in '/home/jajayu/ros2robotics2024_ws/build/ugv_sdk' returned '2': /home/jajayu/.local/bin/cmake --build /home/jajayu/ros2robotics2024_ws/build/ugv_sdk -- -j8 -l8
