[0.027s] Invoking command in '/home/jajayu/ros2robotics2024_ws/build/ugv_sdk': /home/jajayu/.local/bin/cmake --build /home/jajayu/ros2robotics2024_ws/build/ugv_sdk -- -j8 -l8
[0.135s] -- Found tf2_geometry_msgs: 0.25.7 (/opt/ros/humble/share/tf2_geometry_msgs/cmake)
[0.439s] -- Found rosidl_generator_c: 3.1.5 (/opt/ros/humble/share/rosidl_generator_c/cmake)
[0.442s] -- Found rosidl_adapter: 3.1.5 (/opt/ros/humble/share/rosidl_adapter/cmake)
[0.451s] -- Found rosidl_generator_cpp: 3.1.5 (/opt/ros/humble/share/rosidl_generator_cpp/cmake)
[0.466s] -- Using all available rosidl_typesupport_c: rosidl_typesupport_fastrtps_c;rosidl_typesupport_introspection_c
[0.487s] -- Using all available rosidl_typesupport_cpp: rosidl_typesupport_fastrtps_cpp;rosidl_typesupport_introspection_cpp
[0.641s] -- Found eigen3_cmake_module: 0.1.1 (/opt/ros/humble/share/eigen3_cmake_module/cmake)
[0.643s] -- Ensuring Eigen3 include directory is part of orocos-kdl CMake target
[0.796s] -- Found rmw_implementation_cmake: 6.1.2 (/opt/ros/humble/share/rmw_implementation_cmake/cmake)
[0.797s] -- Found rmw_fastrtps_cpp: 6.2.6 (/opt/ros/humble/share/rmw_fastrtps_cpp/cmake)
[0.953s] -- Using RMW implementation 'rmw_fastrtps_cpp' as default
[1.477s] -- Build package with cmake
[1.477s] -- Tests will not be built
[1.490s] -- Project will be installed to /home/jajayu/ros2robotics2024_ws/install/ugv_sdk with 'make install'
[1.490s] --  - To install LIB components to /home/jajayu/ros2robotics2024_ws/install/ugv_sdk/lib
[1.490s] --  - To install BIN components to /home/jajayu/ros2robotics2024_ws/install/ugv_sdk/bin
[1.490s] --  - To install INCLUDE components to /home/jajayu/ros2robotics2024_ws/install/ugv_sdk/include
[1.491s] --  - To install CMAKE components to /home/jajayu/ros2robotics2024_ws/install/ugv_sdk/share/cmake/ugv_sdk
[1.516s] -- Configuring done (1.4s)
[1.732s] -- Generating done (0.2s)
[1.732s] -- Build files have been written to: /home/jajayu/ros2robotics2024_ws/build/ugv_sdk
[1.796s] [  3%] [32mBuilding CXX object CMakeFiles/ugv_sdk.dir/src/async_port/async_serial.cpp.o[0m
[1.797s] [  7%] [32mBuilding CXX object CMakeFiles/ugv_sdk.dir/src/async_port/async_can.cpp.o[0m
[1.798s] [ 10%] [32mBuilding CXX object CMakeFiles/ugv_sdk.dir/src/utilities/protocol_detector.cpp.o[0m
[1.799s] [ 14%] [32mBuilding CXX object CMakeFiles/ugv_sdk.dir/src/mobile_robot/scout_robot.cpp.o[0m
[1.800s] [ 17%] [32mBuilding CXX object CMakeFiles/ugv_sdk.dir/src/mobile_robot/hunter_robot.cpp.o[0m
[1.808s] [ 21%] [32mBuilding CXX object CMakeFiles/ugv_sdk.dir/src/mobile_robot/bunker_robot.cpp.o[0m
[1.808s] [ 25%] [32mBuilding CXX object CMakeFiles/ugv_sdk.dir/src/mobile_robot/titan_robot.cpp.o[0m
[1.809s] [ 28%] [32mBuilding CXX object CMakeFiles/ugv_sdk.dir/src/mobile_robot/ranger_robot.cpp.o[0m
[4.218s] [ 32%] [32mBuilding C object CMakeFiles/ugv_sdk.dir/src/protocol_v2/agilex_msg_parser_v2.c.o[0m
[4.361s] [ 35%] [32mBuilding CXX object CMakeFiles/ugv_sdk.dir/src/protocol_v2/protocol_v2_parser.cpp.o[0m
[4.409s] [ 39%] [32mBuilding C object CMakeFiles/ugv_sdk.dir/src/protocol_v1/agilex_msg_parser_v1.c.o[0m
[6.331s] [ 42%] [32m[1mLinking CXX static library lib/libugv_sdk.a[0m
[6.363s] [ 42%] Built target ugv_sdk
[6.382s] [ 46%] [32mBuilding CXX object sample/bunker_demo/CMakeFiles/demo_bunker_robot.dir/bunker_robot_demo.cpp.o[0m
[6.384s] [ 53%] [32mBuilding CXX object sample/scout_demo/CMakeFiles/demo_scout_mini_omni_robot.dir/scout_mini_omni_demo.cpp.o[0m
[6.384s] [ 53%] [32mBuilding CXX object sample/scout_demo/CMakeFiles/demo_scout_robot.dir/scout_robot_demo.cpp.o[0m
[6.384s] [ 57%] [32mBuilding CXX object sample/tracer_demo/CMakeFiles/demo_tracer_robot.dir/tracer_robot_demo.cpp.o[0m
[6.384s] [ 60%] [32mBuilding CXX object sample/ranger_demo/CMakeFiles/demo_ranger_robot.dir/ranger_robot_demo.cpp.o[0m
[6.385s] [ 64%] [32mBuilding CXX object sample/utils_demo/CMakeFiles/demo_protocol_detector.dir/demo_protocol_detector.cpp.o[0m
[6.391s] [ 67%] [32mBuilding CXX object sample/hunter_demo/CMakeFiles/demo_hunter_robot.dir/hunter_robot_demo.cpp.o[0m
[6.396s] [ 71%] [32mBuilding CXX object sample/utils_demo/CMakeFiles/demo_robot_version.dir/demo_robot_version.cpp.o[0m
[7.061s] [ 75%] [32m[1mLinking CXX executable ../../bin/demo_bunker_robot[0m
[7.489s] [ 75%] Built target demo_bunker_robot
[8.599s] [ 78%] [32m[1mLinking CXX executable ../../bin/demo_protocol_detector[0m
[8.703s] [ 82%] [32m[1mLinking CXX executable ../../bin/demo_robot_version[0m
[8.706s] [ 85%] [32m[1mLinking CXX executable ../../bin/demo_scout_mini_omni_robot[0m
[8.707s] [ 92%] [32m[1mLinking CXX executable ../../bin/demo_hunter_robot[0m
[8.707s] [ 92%] [32m[1mLinking CXX executable ../../bin/demo_scout_robot[0m
[8.918s] [ 92%] Built target demo_protocol_detector
[8.929s] [ 96%] [32m[1mLinking CXX executable ../../bin/demo_ranger_robot[0m
[8.986s] [100%] [32m[1mLinking CXX executable ../../bin/demo_tracer_robot[0m
[9.047s] [100%] Built target demo_robot_version
[9.054s] [100%] Built target demo_hunter_robot
[9.060s] [100%] Built target demo_scout_robot
[9.062s] [100%] Built target demo_scout_mini_omni_robot
[9.230s] [100%] Built target demo_ranger_robot
[9.285s] [100%] Built target demo_tracer_robot
[9.308s] Invoked command in '/home/jajayu/ros2robotics2024_ws/build/ugv_sdk' returned '0': /home/jajayu/.local/bin/cmake --build /home/jajayu/ros2robotics2024_ws/build/ugv_sdk -- -j8 -l8
[9.654s] Invoking command in '/home/jajayu/ros2robotics2024_ws/build/ugv_sdk': /home/jajayu/.local/bin/cmake --install /home/jajayu/ros2robotics2024_ws/build/ugv_sdk
[9.700s] -- Install configuration: "Release"
[9.700s] -- Installing: /home/jajayu/ros2robotics2024_ws/install/ugv_sdk/lib/libugv_sdk.a
[9.703s] -- Up-to-date: /home/jajayu/ros2robotics2024_ws/install/ugv_sdk/include/ugv_sdk
[9.703s] -- Up-to-date: /home/jajayu/ros2robotics2024_ws/install/ugv_sdk/include/ugv_sdk/details
[9.703s] -- Up-to-date: /home/jajayu/ros2robotics2024_ws/install/ugv_sdk/include/ugv_sdk/details/protocol_v2
[9.703s] -- Up-to-date: /home/jajayu/ros2robotics2024_ws/install/ugv_sdk/include/ugv_sdk/details/protocol_v2/protocol_v2_parser.hpp
[9.703s] -- Up-to-date: /home/jajayu/ros2robotics2024_ws/install/ugv_sdk/include/ugv_sdk/details/protocol_v1
[9.704s] -- Up-to-date: /home/jajayu/ros2robotics2024_ws/install/ugv_sdk/include/ugv_sdk/details/protocol_v1/protocol_v1_parser.hpp
[9.704s] -- Up-to-date: /home/jajayu/ros2robotics2024_ws/install/ugv_sdk/include/ugv_sdk/details/protocol_v1/robot_limits.hpp
[9.704s] -- Up-to-date: /home/jajayu/ros2robotics2024_ws/install/ugv_sdk/include/ugv_sdk/details/protocol_v1/agilex_msg_parser_v1.h
[9.704s] -- Up-to-date: /home/jajayu/ros2robotics2024_ws/install/ugv_sdk/include/ugv_sdk/details/parser_base.hpp
[9.704s] -- Up-to-date: /home/jajayu/ros2robotics2024_ws/install/ugv_sdk/include/ugv_sdk/details/interface
[9.704s] -- Up-to-date: /home/jajayu/ros2robotics2024_ws/install/ugv_sdk/include/ugv_sdk/details/interface/agilex_message.h
[9.704s] -- Up-to-date: /home/jajayu/ros2robotics2024_ws/install/ugv_sdk/include/ugv_sdk/details/interface/tracer_interface.hpp
[9.704s] -- Up-to-date: /home/jajayu/ros2robotics2024_ws/install/ugv_sdk/include/ugv_sdk/details/interface/titan_interface.hpp
[9.704s] -- Up-to-date: /home/jajayu/ros2robotics2024_ws/install/ugv_sdk/include/ugv_sdk/details/interface/scout_interface.hpp
[9.705s] -- Up-to-date: /home/jajayu/ros2robotics2024_ws/install/ugv_sdk/include/ugv_sdk/details/interface/robot_common_interface.hpp
[9.705s] -- Up-to-date: /home/jajayu/ros2robotics2024_ws/install/ugv_sdk/include/ugv_sdk/details/interface/agilex_types.h
[9.705s] -- Up-to-date: /home/jajayu/ros2robotics2024_ws/install/ugv_sdk/include/ugv_sdk/details/interface/ranger_interface.hpp
[9.705s] -- Up-to-date: /home/jajayu/ros2robotics2024_ws/install/ugv_sdk/include/ugv_sdk/details/interface/hunter_interface.hpp
[9.705s] -- Up-to-date: /home/jajayu/ros2robotics2024_ws/install/ugv_sdk/include/ugv_sdk/details/interface/bunker_interface.hpp
[9.705s] -- Up-to-date: /home/jajayu/ros2robotics2024_ws/install/ugv_sdk/include/ugv_sdk/details/robot_base
[9.705s] -- Up-to-date: /home/jajayu/ros2robotics2024_ws/install/ugv_sdk/include/ugv_sdk/details/robot_base/titan_base.hpp
[9.705s] -- Up-to-date: /home/jajayu/ros2robotics2024_ws/install/ugv_sdk/include/ugv_sdk/details/robot_base/scout_base.hpp
[9.705s] -- Up-to-date: /home/jajayu/ros2robotics2024_ws/install/ugv_sdk/include/ugv_sdk/details/robot_base/ranger_base.hpp
[9.705s] -- Up-to-date: /home/jajayu/ros2robotics2024_ws/install/ugv_sdk/include/ugv_sdk/details/robot_base/bunker_base.hpp
[9.705s] -- Up-to-date: /home/jajayu/ros2robotics2024_ws/install/ugv_sdk/include/ugv_sdk/details/robot_base/agilex_base.hpp
[9.705s] -- Up-to-date: /home/jajayu/ros2robotics2024_ws/install/ugv_sdk/include/ugv_sdk/details/robot_base/hunter_base.hpp
[9.705s] -- Up-to-date: /home/jajayu/ros2robotics2024_ws/install/ugv_sdk/include/ugv_sdk/details/robot_base/tracer_base.hpp
[9.705s] -- Up-to-date: /home/jajayu/ros2robotics2024_ws/install/ugv_sdk/include/ugv_sdk/details/async_port
[9.705s] -- Up-to-date: /home/jajayu/ros2robotics2024_ws/install/ugv_sdk/include/ugv_sdk/details/async_port/async_serial.hpp
[9.705s] -- Up-to-date: /home/jajayu/ros2robotics2024_ws/install/ugv_sdk/include/ugv_sdk/details/async_port/ring_buffer.hpp
[9.705s] -- Up-to-date: /home/jajayu/ros2robotics2024_ws/install/ugv_sdk/include/ugv_sdk/details/async_port/async_can.hpp
[9.705s] -- Up-to-date: /home/jajayu/ros2robotics2024_ws/install/ugv_sdk/include/ugv_sdk/mobile_robot
[9.706s] -- Up-to-date: /home/jajayu/ros2robotics2024_ws/install/ugv_sdk/include/ugv_sdk/mobile_robot/ranger_robot.hpp
[9.706s] -- Up-to-date: /home/jajayu/ros2robotics2024_ws/install/ugv_sdk/include/ugv_sdk/mobile_robot/scout_robot.hpp
[9.706s] -- Up-to-date: /home/jajayu/ros2robotics2024_ws/install/ugv_sdk/include/ugv_sdk/mobile_robot/titan_robot.hpp
[9.706s] -- Up-to-date: /home/jajayu/ros2robotics2024_ws/install/ugv_sdk/include/ugv_sdk/mobile_robot/hunter_robot.hpp
[9.706s] -- Up-to-date: /home/jajayu/ros2robotics2024_ws/install/ugv_sdk/include/ugv_sdk/mobile_robot/bunker_robot.hpp
[9.706s] -- Up-to-date: /home/jajayu/ros2robotics2024_ws/install/ugv_sdk/include/ugv_sdk/mobile_robot/tracer_robot.hpp
[9.706s] -- Up-to-date: /home/jajayu/ros2robotics2024_ws/install/ugv_sdk/include/ugv_sdk/utilities
[9.706s] -- Up-to-date: /home/jajayu/ros2robotics2024_ws/install/ugv_sdk/include/ugv_sdk/utilities/protocol_detector.hpp
[9.706s] -- Old export file "/home/jajayu/ros2robotics2024_ws/install/ugv_sdk/lib/cmake/ugv_sdk/ugv_sdkTargets.cmake" will be replaced.  Removing files [/home/jajayu/ros2robotics2024_ws/install/ugv_sdk/lib/cmake/ugv_sdk/ugv_sdkTargets-release.cmake].
[9.706s] -- Installing: /home/jajayu/ros2robotics2024_ws/install/ugv_sdk/lib/cmake/ugv_sdk/ugv_sdkTargets.cmake
[9.706s] -- Installing: /home/jajayu/ros2robotics2024_ws/install/ugv_sdk/lib/cmake/ugv_sdk/ugv_sdkTargets-release.cmake
[9.706s] -- Up-to-date: /home/jajayu/ros2robotics2024_ws/install/ugv_sdk/lib/cmake/ugv_sdk/ugv_sdkConfig.cmake
[9.706s] -- Up-to-date: /home/jajayu/ros2robotics2024_ws/install/ugv_sdk/lib/cmake/ugv_sdk/ugv_sdkConfigVersion.cmake
[9.722s] Invoked command in '/home/jajayu/ros2robotics2024_ws/build/ugv_sdk' returned '0': /home/jajayu/.local/bin/cmake --install /home/jajayu/ros2robotics2024_ws/build/ugv_sdk
