[  1%] Built target scout_msgs__cpp
[ 12%] Built target scout_msgs__rosidl_generator_c
[ 12%] Built target ament_cmake_python_copy_scout_msgs
[ 23%] Built target scout_msgs__rosidl_typesupport_cpp
[ 34%] Built target scout_msgs__rosidl_typesupport_fastrtps_cpp
[ 46%] Built target scout_msgs__rosidl_typesupport_introspection_cpp
[ 57%] Built target scout_msgs__rosidl_typesupport_introspection_c
[ 68%] Built target scout_msgs__rosidl_typesupport_fastrtps_c
[ 79%] Built target scout_msgs__rosidl_typesupport_c
[ 79%] Built target scout_msgs
[ 80%] Built target scout_msgs__py
[ 90%] Built target scout_msgs__rosidl_generator_py
[ 93%] Built target scout_msgs__rosidl_typesupport_introspection_c__pyext
[ 96%] Built target scout_msgs__rosidl_typesupport_c__pyext
[100%] Built target scout_msgs__rosidl_typesupport_fastrtps_c__pyext
running egg_info
writing scout_msgs.egg-info/PKG-INFO
writing dependency_links to scout_msgs.egg-info/dependency_links.txt
writing top-level names to scout_msgs.egg-info/top_level.txt
reading manifest file 'scout_msgs.egg-info/SOURCES.txt'
writing manifest file 'scout_msgs.egg-info/SOURCES.txt'
[100%] Built target ament_cmake_python_build_scout_msgs_egg
-- Install configuration: ""
-- Installing: /home/jajayu/ros2robotics2024_ws/install/scout_msgs/share/ament_index/resource_index/rosidl_interfaces/scout_msgs
-- Installing: /home/jajayu/ros2robotics2024_ws/install/scout_msgs/include/scout_msgs/scout_msgs
-- Installing: /home/jajayu/ros2robotics2024_ws/install/scout_msgs/include/scout_msgs/scout_msgs/msg
-- Installing: /home/jajayu/ros2robotics2024_ws/install/scout_msgs/include/scout_msgs/scout_msgs/msg/scout_light_state.h
-- Installing: /home/jajayu/ros2robotics2024_ws/install/scout_msgs/include/scout_msgs/scout_msgs/msg/scout_status.h
-- Installing: /home/jajayu/ros2robotics2024_ws/install/scout_msgs/include/scout_msgs/scout_msgs/msg/detail
-- Installing: /home/jajayu/ros2robotics2024_ws/install/scout_msgs/include/scout_msgs/scout_msgs/msg/detail/scout_light_state__type_support.h
-- Installing: /home/jajayu/ros2robotics2024_ws/install/scout_msgs/include/scout_msgs/scout_msgs/msg/detail/scout_light_cmd__functions.h
-- Installing: /home/jajayu/ros2robotics2024_ws/install/scout_msgs/include/scout_msgs/scout_msgs/msg/detail/scout_status__type_support.h
-- Installing: /home/jajayu/ros2robotics2024_ws/install/scout_msgs/include/scout_msgs/scout_msgs/msg/detail/scout_rc_state__struct.h
-- Installing: /home/jajayu/ros2robotics2024_ws/install/scout_msgs/include/scout_msgs/scout_msgs/msg/detail/scout_light_state__functions.h
-- Installing: /home/jajayu/ros2robotics2024_ws/install/scout_msgs/include/scout_msgs/scout_msgs/msg/detail/scout_rc_state__functions.h
-- Installing: /home/jajayu/ros2robotics2024_ws/install/scout_msgs/include/scout_msgs/scout_msgs/msg/detail/scout_light_cmd__type_support.h
-- Installing: /home/jajayu/ros2robotics2024_ws/install/scout_msgs/include/scout_msgs/scout_msgs/msg/detail/scout_status__struct.h
-- Installing: /home/jajayu/ros2robotics2024_ws/install/scout_msgs/include/scout_msgs/scout_msgs/msg/detail/scout_light_cmd__functions.c
-- Installing: /home/jajayu/ros2robotics2024_ws/install/scout_msgs/include/scout_msgs/scout_msgs/msg/detail/scout_actuator_state__struct.h
-- Installing: /home/jajayu/ros2robotics2024_ws/install/scout_msgs/include/scout_msgs/scout_msgs/msg/detail/scout_light_state__struct.h
-- Installing: /home/jajayu/ros2robotics2024_ws/install/scout_msgs/include/scout_msgs/scout_msgs/msg/detail/scout_rc_state__type_support.h
-- Installing: /home/jajayu/ros2robotics2024_ws/install/scout_msgs/include/scout_msgs/scout_msgs/msg/detail/scout_rc_state__functions.c
-- Installing: /home/jajayu/ros2robotics2024_ws/install/scout_msgs/include/scout_msgs/scout_msgs/msg/detail/scout_actuator_state__functions.h
-- Installing: /home/jajayu/ros2robotics2024_ws/install/scout_msgs/include/scout_msgs/scout_msgs/msg/detail/scout_light_state__functions.c
-- Installing: /home/jajayu/ros2robotics2024_ws/install/scout_msgs/include/scout_msgs/scout_msgs/msg/detail/scout_light_cmd__struct.h
-- Installing: /home/jajayu/ros2robotics2024_ws/install/scout_msgs/include/scout_msgs/scout_msgs/msg/detail/scout_actuator_state__functions.c
-- Installing: /home/jajayu/ros2robotics2024_ws/install/scout_msgs/include/scout_msgs/scout_msgs/msg/detail/scout_status__functions.c
-- Installing: /home/jajayu/ros2robotics2024_ws/install/scout_msgs/include/scout_msgs/scout_msgs/msg/detail/scout_actuator_state__type_support.h
-- Installing: /home/jajayu/ros2robotics2024_ws/install/scout_msgs/include/scout_msgs/scout_msgs/msg/detail/scout_status__functions.h
-- Installing: /home/jajayu/ros2robotics2024_ws/install/scout_msgs/include/scout_msgs/scout_msgs/msg/rosidl_generator_c__visibility_control.h
-- Installing: /home/jajayu/ros2robotics2024_ws/install/scout_msgs/include/scout_msgs/scout_msgs/msg/scout_rc_state.h
-- Installing: /home/jajayu/ros2robotics2024_ws/install/scout_msgs/include/scout_msgs/scout_msgs/msg/scout_light_cmd.h
-- Installing: /home/jajayu/ros2robotics2024_ws/install/scout_msgs/include/scout_msgs/scout_msgs/msg/scout_actuator_state.h
-- Installing: /home/jajayu/ros2robotics2024_ws/install/scout_msgs/share/scout_msgs/environment/library_path.sh
-- Installing: /home/jajayu/ros2robotics2024_ws/install/scout_msgs/share/scout_msgs/environment/library_path.dsv
-- Installing: /home/jajayu/ros2robotics2024_ws/install/scout_msgs/lib/libscout_msgs__rosidl_generator_c.so
-- Set non-toolchain portion of runtime path of "/home/jajayu/ros2robotics2024_ws/install/scout_msgs/lib/libscout_msgs__rosidl_generator_c.so" to ""
-- Up-to-date: /home/jajayu/ros2robotics2024_ws/install/scout_msgs/include/scout_msgs/scout_msgs
-- Up-to-date: /home/jajayu/ros2robotics2024_ws/install/scout_msgs/include/scout_msgs/scout_msgs/msg
-- Up-to-date: /home/jajayu/ros2robotics2024_ws/install/scout_msgs/include/scout_msgs/scout_msgs/msg/detail
-- Installing: /home/jajayu/ros2robotics2024_ws/install/scout_msgs/include/scout_msgs/scout_msgs/msg/detail/scout_light_state__rosidl_typesupport_fastrtps_c.h
-- Installing: /home/jajayu/ros2robotics2024_ws/install/scout_msgs/include/scout_msgs/scout_msgs/msg/detail/scout_actuator_state__rosidl_typesupport_fastrtps_c.h
-- Installing: /home/jajayu/ros2robotics2024_ws/install/scout_msgs/include/scout_msgs/scout_msgs/msg/detail/scout_light_cmd__rosidl_typesupport_fastrtps_c.h
-- Installing: /home/jajayu/ros2robotics2024_ws/install/scout_msgs/include/scout_msgs/scout_msgs/msg/detail/scout_status__rosidl_typesupport_fastrtps_c.h
-- Installing: /home/jajayu/ros2robotics2024_ws/install/scout_msgs/include/scout_msgs/scout_msgs/msg/detail/scout_rc_state__rosidl_typesupport_fastrtps_c.h
-- Installing: /home/jajayu/ros2robotics2024_ws/install/scout_msgs/include/scout_msgs/scout_msgs/msg/rosidl_typesupport_fastrtps_c__visibility_control.h
-- Installing: /home/jajayu/ros2robotics2024_ws/install/scout_msgs/lib/libscout_msgs__rosidl_typesupport_fastrtps_c.so
-- Set non-toolchain portion of runtime path of "/home/jajayu/ros2robotics2024_ws/install/scout_msgs/lib/libscout_msgs__rosidl_typesupport_fastrtps_c.so" to ""
-- Up-to-date: /home/jajayu/ros2robotics2024_ws/install/scout_msgs/include/scout_msgs/scout_msgs
-- Up-to-date: /home/jajayu/ros2robotics2024_ws/install/scout_msgs/include/scout_msgs/scout_msgs/msg
-- Installing: /home/jajayu/ros2robotics2024_ws/install/scout_msgs/include/scout_msgs/scout_msgs/msg/scout_status.hpp
-- Installing: /home/jajayu/ros2robotics2024_ws/install/scout_msgs/include/scout_msgs/scout_msgs/msg/scout_actuator_state.hpp
-- Up-to-date: /home/jajayu/ros2robotics2024_ws/install/scout_msgs/include/scout_msgs/scout_msgs/msg/detail
-- Installing: /home/jajayu/ros2robotics2024_ws/install/scout_msgs/include/scout_msgs/scout_msgs/msg/detail/scout_light_cmd__builder.hpp
-- Installing: /home/jajayu/ros2robotics2024_ws/install/scout_msgs/include/scout_msgs/scout_msgs/msg/detail/scout_rc_state__struct.hpp
-- Installing: /home/jajayu/ros2robotics2024_ws/install/scout_msgs/include/scout_msgs/scout_msgs/msg/detail/scout_status__traits.hpp
-- Installing: /home/jajayu/ros2robotics2024_ws/install/scout_msgs/include/scout_msgs/scout_msgs/msg/detail/scout_light_state__traits.hpp
-- Installing: /home/jajayu/ros2robotics2024_ws/install/scout_msgs/include/scout_msgs/scout_msgs/msg/detail/scout_light_state__struct.hpp
-- Installing: /home/jajayu/ros2robotics2024_ws/install/scout_msgs/include/scout_msgs/scout_msgs/msg/detail/scout_light_cmd__struct.hpp
-- Installing: /home/jajayu/ros2robotics2024_ws/install/scout_msgs/include/scout_msgs/scout_msgs/msg/detail/scout_status__builder.hpp
-- Installing: /home/jajayu/ros2robotics2024_ws/install/scout_msgs/include/scout_msgs/scout_msgs/msg/detail/scout_rc_state__builder.hpp
-- Installing: /home/jajayu/ros2robotics2024_ws/install/scout_msgs/include/scout_msgs/scout_msgs/msg/detail/scout_rc_state__traits.hpp
-- Installing: /home/jajayu/ros2robotics2024_ws/install/scout_msgs/include/scout_msgs/scout_msgs/msg/detail/scout_actuator_state__builder.hpp
-- Installing: /home/jajayu/ros2robotics2024_ws/install/scout_msgs/include/scout_msgs/scout_msgs/msg/detail/scout_light_state__builder.hpp
-- Installing: /home/jajayu/ros2robotics2024_ws/install/scout_msgs/include/scout_msgs/scout_msgs/msg/detail/scout_light_cmd__traits.hpp
-- Installing: /home/jajayu/ros2robotics2024_ws/install/scout_msgs/include/scout_msgs/scout_msgs/msg/detail/scout_actuator_state__struct.hpp
-- Installing: /home/jajayu/ros2robotics2024_ws/install/scout_msgs/include/scout_msgs/scout_msgs/msg/detail/scout_actuator_state__traits.hpp
-- Installing: /home/jajayu/ros2robotics2024_ws/install/scout_msgs/include/scout_msgs/scout_msgs/msg/detail/scout_status__struct.hpp
-- Installing: /home/jajayu/ros2robotics2024_ws/install/scout_msgs/include/scout_msgs/scout_msgs/msg/scout_light_state.hpp
-- Installing: /home/jajayu/ros2robotics2024_ws/install/scout_msgs/include/scout_msgs/scout_msgs/msg/scout_rc_state.hpp
-- Installing: /home/jajayu/ros2robotics2024_ws/install/scout_msgs/include/scout_msgs/scout_msgs/msg/scout_light_cmd.hpp
-- Up-to-date: /home/jajayu/ros2robotics2024_ws/install/scout_msgs/include/scout_msgs/scout_msgs
-- Up-to-date: /home/jajayu/ros2robotics2024_ws/install/scout_msgs/include/scout_msgs/scout_msgs/msg
-- Up-to-date: /home/jajayu/ros2robotics2024_ws/install/scout_msgs/include/scout_msgs/scout_msgs/msg/detail
-- Installing: /home/jajayu/ros2robotics2024_ws/install/scout_msgs/include/scout_msgs/scout_msgs/msg/detail/scout_status__rosidl_typesupport_fastrtps_cpp.hpp
-- Installing: /home/jajayu/ros2robotics2024_ws/install/scout_msgs/include/scout_msgs/scout_msgs/msg/detail/scout_rc_state__rosidl_typesupport_fastrtps_cpp.hpp
-- Installing: /home/jajayu/ros2robotics2024_ws/install/scout_msgs/include/scout_msgs/scout_msgs/msg/detail/scout_light_cmd__rosidl_typesupport_fastrtps_cpp.hpp
-- Installing: /home/jajayu/ros2robotics2024_ws/install/scout_msgs/include/scout_msgs/scout_msgs/msg/detail/dds_fastrtps
-- Installing: /home/jajayu/ros2robotics2024_ws/install/scout_msgs/include/scout_msgs/scout_msgs/msg/detail/scout_light_state__rosidl_typesupport_fastrtps_cpp.hpp
-- Installing: /home/jajayu/ros2robotics2024_ws/install/scout_msgs/include/scout_msgs/scout_msgs/msg/detail/scout_actuator_state__rosidl_typesupport_fastrtps_cpp.hpp
-- Installing: /home/jajayu/ros2robotics2024_ws/install/scout_msgs/include/scout_msgs/scout_msgs/msg/rosidl_typesupport_fastrtps_cpp__visibility_control.h
-- Installing: /home/jajayu/ros2robotics2024_ws/install/scout_msgs/lib/libscout_msgs__rosidl_typesupport_fastrtps_cpp.so
-- Set non-toolchain portion of runtime path of "/home/jajayu/ros2robotics2024_ws/install/scout_msgs/lib/libscout_msgs__rosidl_typesupport_fastrtps_cpp.so" to ""
-- Up-to-date: /home/jajayu/ros2robotics2024_ws/install/scout_msgs/include/scout_msgs/scout_msgs
-- Up-to-date: /home/jajayu/ros2robotics2024_ws/install/scout_msgs/include/scout_msgs/scout_msgs/msg
-- Up-to-date: /home/jajayu/ros2robotics2024_ws/install/scout_msgs/include/scout_msgs/scout_msgs/msg/detail
-- Installing: /home/jajayu/ros2robotics2024_ws/install/scout_msgs/include/scout_msgs/scout_msgs/msg/detail/scout_rc_state__type_support.c
-- Installing: /home/jajayu/ros2robotics2024_ws/install/scout_msgs/include/scout_msgs/scout_msgs/msg/detail/scout_rc_state__rosidl_typesupport_introspection_c.h
-- Installing: /home/jajayu/ros2robotics2024_ws/install/scout_msgs/include/scout_msgs/scout_msgs/msg/detail/scout_light_cmd__rosidl_typesupport_introspection_c.h
-- Installing: /home/jajayu/ros2robotics2024_ws/install/scout_msgs/include/scout_msgs/scout_msgs/msg/detail/scout_actuator_state__rosidl_typesupport_introspection_c.h
-- Installing: /home/jajayu/ros2robotics2024_ws/install/scout_msgs/include/scout_msgs/scout_msgs/msg/detail/scout_status__type_support.c
-- Installing: /home/jajayu/ros2robotics2024_ws/install/scout_msgs/include/scout_msgs/scout_msgs/msg/detail/scout_light_cmd__type_support.c
-- Installing: /home/jajayu/ros2robotics2024_ws/install/scout_msgs/include/scout_msgs/scout_msgs/msg/detail/scout_actuator_state__type_support.c
-- Installing: /home/jajayu/ros2robotics2024_ws/install/scout_msgs/include/scout_msgs/scout_msgs/msg/detail/scout_status__rosidl_typesupport_introspection_c.h
-- Installing: /home/jajayu/ros2robotics2024_ws/install/scout_msgs/include/scout_msgs/scout_msgs/msg/detail/scout_light_state__rosidl_typesupport_introspection_c.h
-- Installing: /home/jajayu/ros2robotics2024_ws/install/scout_msgs/include/scout_msgs/scout_msgs/msg/detail/scout_light_state__type_support.c
-- Installing: /home/jajayu/ros2robotics2024_ws/install/scout_msgs/include/scout_msgs/scout_msgs/msg/rosidl_typesupport_introspection_c__visibility_control.h
-- Installing: /home/jajayu/ros2robotics2024_ws/install/scout_msgs/lib/libscout_msgs__rosidl_typesupport_introspection_c.so
-- Set non-toolchain portion of runtime path of "/home/jajayu/ros2robotics2024_ws/install/scout_msgs/lib/libscout_msgs__rosidl_typesupport_introspection_c.so" to ""
-- Installing: /home/jajayu/ros2robotics2024_ws/install/scout_msgs/lib/libscout_msgs__rosidl_typesupport_c.so
-- Set non-toolchain portion of runtime path of "/home/jajayu/ros2robotics2024_ws/install/scout_msgs/lib/libscout_msgs__rosidl_typesupport_c.so" to ""
-- Up-to-date: /home/jajayu/ros2robotics2024_ws/install/scout_msgs/include/scout_msgs/scout_msgs
-- Up-to-date: /home/jajayu/ros2robotics2024_ws/install/scout_msgs/include/scout_msgs/scout_msgs/msg
-- Up-to-date: /home/jajayu/ros2robotics2024_ws/install/scout_msgs/include/scout_msgs/scout_msgs/msg/detail
-- Installing: /home/jajayu/ros2robotics2024_ws/install/scout_msgs/include/scout_msgs/scout_msgs/msg/detail/scout_status__type_support.cpp
-- Installing: /home/jajayu/ros2robotics2024_ws/install/scout_msgs/include/scout_msgs/scout_msgs/msg/detail/scout_actuator_state__type_support.cpp
-- Installing: /home/jajayu/ros2robotics2024_ws/install/scout_msgs/include/scout_msgs/scout_msgs/msg/detail/scout_light_state__type_support.cpp
-- Installing: /home/jajayu/ros2robotics2024_ws/install/scout_msgs/include/scout_msgs/scout_msgs/msg/detail/scout_status__rosidl_typesupport_introspection_cpp.hpp
-- Installing: /home/jajayu/ros2robotics2024_ws/install/scout_msgs/include/scout_msgs/scout_msgs/msg/detail/scout_rc_state__rosidl_typesupport_introspection_cpp.hpp
-- Installing: /home/jajayu/ros2robotics2024_ws/install/scout_msgs/include/scout_msgs/scout_msgs/msg/detail/scout_light_cmd__rosidl_typesupport_introspection_cpp.hpp
-- Installing: /home/jajayu/ros2robotics2024_ws/install/scout_msgs/include/scout_msgs/scout_msgs/msg/detail/scout_rc_state__type_support.cpp
-- Installing: /home/jajayu/ros2robotics2024_ws/install/scout_msgs/include/scout_msgs/scout_msgs/msg/detail/scout_light_cmd__type_support.cpp
-- Installing: /home/jajayu/ros2robotics2024_ws/install/scout_msgs/include/scout_msgs/scout_msgs/msg/detail/scout_light_state__rosidl_typesupport_introspection_cpp.hpp
-- Installing: /home/jajayu/ros2robotics2024_ws/install/scout_msgs/include/scout_msgs/scout_msgs/msg/detail/scout_actuator_state__rosidl_typesupport_introspection_cpp.hpp
-- Installing: /home/jajayu/ros2robotics2024_ws/install/scout_msgs/lib/libscout_msgs__rosidl_typesupport_introspection_cpp.so
-- Set non-toolchain portion of runtime path of "/home/jajayu/ros2robotics2024_ws/install/scout_msgs/lib/libscout_msgs__rosidl_typesupport_introspection_cpp.so" to ""
-- Installing: /home/jajayu/ros2robotics2024_ws/install/scout_msgs/lib/libscout_msgs__rosidl_typesupport_cpp.so
-- Set non-toolchain portion of runtime path of "/home/jajayu/ros2robotics2024_ws/install/scout_msgs/lib/libscout_msgs__rosidl_typesupport_cpp.so" to ""
-- Installing: /home/jajayu/ros2robotics2024_ws/install/scout_msgs/share/scout_msgs/environment/pythonpath.sh
-- Installing: /home/jajayu/ros2robotics2024_ws/install/scout_msgs/share/scout_msgs/environment/pythonpath.dsv
-- Installing: /home/jajayu/ros2robotics2024_ws/install/scout_msgs/local/lib/python3.10/dist-packages/scout_msgs-0.1.0-py3.10.egg-info
-- Installing: /home/jajayu/ros2robotics2024_ws/install/scout_msgs/local/lib/python3.10/dist-packages/scout_msgs-0.1.0-py3.10.egg-info/PKG-INFO
-- Installing: /home/jajayu/ros2robotics2024_ws/install/scout_msgs/local/lib/python3.10/dist-packages/scout_msgs-0.1.0-py3.10.egg-info/dependency_links.txt
-- Installing: /home/jajayu/ros2robotics2024_ws/install/scout_msgs/local/lib/python3.10/dist-packages/scout_msgs-0.1.0-py3.10.egg-info/SOURCES.txt
-- Installing: /home/jajayu/ros2robotics2024_ws/install/scout_msgs/local/lib/python3.10/dist-packages/scout_msgs-0.1.0-py3.10.egg-info/top_level.txt
-- Installing: /home/jajayu/ros2robotics2024_ws/install/scout_msgs/local/lib/python3.10/dist-packages/scout_msgs
-- Installing: /home/jajayu/ros2robotics2024_ws/install/scout_msgs/local/lib/python3.10/dist-packages/scout_msgs/_scout_msgs_s.ep.rosidl_typesupport_introspection_c.c
-- Installing: /home/jajayu/ros2robotics2024_ws/install/scout_msgs/local/lib/python3.10/dist-packages/scout_msgs/libscout_msgs__rosidl_generator_py.so
-- Installing: /home/jajayu/ros2robotics2024_ws/install/scout_msgs/local/lib/python3.10/dist-packages/scout_msgs/scout_msgs_s__rosidl_typesupport_introspection_c.cpython-310-x86_64-linux-gnu.so
-- Installing: /home/jajayu/ros2robotics2024_ws/install/scout_msgs/local/lib/python3.10/dist-packages/scout_msgs/msg
-- Installing: /home/jajayu/ros2robotics2024_ws/install/scout_msgs/local/lib/python3.10/dist-packages/scout_msgs/msg/_scout_status.py
-- Installing: /home/jajayu/ros2robotics2024_ws/install/scout_msgs/local/lib/python3.10/dist-packages/scout_msgs/msg/_scout_light_cmd_s.c
-- Installing: /home/jajayu/ros2robotics2024_ws/install/scout_msgs/local/lib/python3.10/dist-packages/scout_msgs/msg/_scout_rc_state_s.c
-- Installing: /home/jajayu/ros2robotics2024_ws/install/scout_msgs/local/lib/python3.10/dist-packages/scout_msgs/msg/_scout_light_cmd.py
-- Installing: /home/jajayu/ros2robotics2024_ws/install/scout_msgs/local/lib/python3.10/dist-packages/scout_msgs/msg/_scout_actuator_state_s.c
-- Installing: /home/jajayu/ros2robotics2024_ws/install/scout_msgs/local/lib/python3.10/dist-packages/scout_msgs/msg/_scout_status_s.c
-- Installing: /home/jajayu/ros2robotics2024_ws/install/scout_msgs/local/lib/python3.10/dist-packages/scout_msgs/msg/__init__.py
-- Installing: /home/jajayu/ros2robotics2024_ws/install/scout_msgs/local/lib/python3.10/dist-packages/scout_msgs/msg/_scout_rc_state.py
-- Installing: /home/jajayu/ros2robotics2024_ws/install/scout_msgs/local/lib/python3.10/dist-packages/scout_msgs/msg/_scout_light_state.py
-- Installing: /home/jajayu/ros2robotics2024_ws/install/scout_msgs/local/lib/python3.10/dist-packages/scout_msgs/msg/_scout_light_state_s.c
-- Installing: /home/jajayu/ros2robotics2024_ws/install/scout_msgs/local/lib/python3.10/dist-packages/scout_msgs/msg/_scout_actuator_state.py
-- Installing: /home/jajayu/ros2robotics2024_ws/install/scout_msgs/local/lib/python3.10/dist-packages/scout_msgs/__init__.py
-- Installing: /home/jajayu/ros2robotics2024_ws/install/scout_msgs/local/lib/python3.10/dist-packages/scout_msgs/_scout_msgs_s.ep.rosidl_typesupport_c.c
-- Installing: /home/jajayu/ros2robotics2024_ws/install/scout_msgs/local/lib/python3.10/dist-packages/scout_msgs/scout_msgs_s__rosidl_typesupport_fastrtps_c.cpython-310-x86_64-linux-gnu.so
-- Installing: /home/jajayu/ros2robotics2024_ws/install/scout_msgs/local/lib/python3.10/dist-packages/scout_msgs/scout_msgs_s__rosidl_typesupport_c.cpython-310-x86_64-linux-gnu.so
-- Installing: /home/jajayu/ros2robotics2024_ws/install/scout_msgs/local/lib/python3.10/dist-packages/scout_msgs/_scout_msgs_s.ep.rosidl_typesupport_fastrtps_c.c
Listing '/home/jajayu/ros2robotics2024_ws/install/scout_msgs/local/lib/python3.10/dist-packages/scout_msgs'...
Compiling '/home/jajayu/ros2robotics2024_ws/install/scout_msgs/local/lib/python3.10/dist-packages/scout_msgs/__init__.py'...
Listing '/home/jajayu/ros2robotics2024_ws/install/scout_msgs/local/lib/python3.10/dist-packages/scout_msgs/msg'...
Compiling '/home/jajayu/ros2robotics2024_ws/install/scout_msgs/local/lib/python3.10/dist-packages/scout_msgs/msg/__init__.py'...
Compiling '/home/jajayu/ros2robotics2024_ws/install/scout_msgs/local/lib/python3.10/dist-packages/scout_msgs/msg/_scout_actuator_state.py'...
Compiling '/home/jajayu/ros2robotics2024_ws/install/scout_msgs/local/lib/python3.10/dist-packages/scout_msgs/msg/_scout_light_cmd.py'...
Compiling '/home/jajayu/ros2robotics2024_ws/install/scout_msgs/local/lib/python3.10/dist-packages/scout_msgs/msg/_scout_light_state.py'...
Compiling '/home/jajayu/ros2robotics2024_ws/install/scout_msgs/local/lib/python3.10/dist-packages/scout_msgs/msg/_scout_rc_state.py'...
Compiling '/home/jajayu/ros2robotics2024_ws/install/scout_msgs/local/lib/python3.10/dist-packages/scout_msgs/msg/_scout_status.py'...
-- Installing: /home/jajayu/ros2robotics2024_ws/install/scout_msgs/local/lib/python3.10/dist-packages/scout_msgs/scout_msgs_s__rosidl_typesupport_fastrtps_c.cpython-310-x86_64-linux-gnu.so
-- Set non-toolchain portion of runtime path of "/home/jajayu/ros2robotics2024_ws/install/scout_msgs/local/lib/python3.10/dist-packages/scout_msgs/scout_msgs_s__rosidl_typesupport_fastrtps_c.cpython-310-x86_64-linux-gnu.so" to ""
-- Installing: /home/jajayu/ros2robotics2024_ws/install/scout_msgs/local/lib/python3.10/dist-packages/scout_msgs/scout_msgs_s__rosidl_typesupport_introspection_c.cpython-310-x86_64-linux-gnu.so
-- Set non-toolchain portion of runtime path of "/home/jajayu/ros2robotics2024_ws/install/scout_msgs/local/lib/python3.10/dist-packages/scout_msgs/scout_msgs_s__rosidl_typesupport_introspection_c.cpython-310-x86_64-linux-gnu.so" to ""
-- Installing: /home/jajayu/ros2robotics2024_ws/install/scout_msgs/local/lib/python3.10/dist-packages/scout_msgs/scout_msgs_s__rosidl_typesupport_c.cpython-310-x86_64-linux-gnu.so
-- Set non-toolchain portion of runtime path of "/home/jajayu/ros2robotics2024_ws/install/scout_msgs/local/lib/python3.10/dist-packages/scout_msgs/scout_msgs_s__rosidl_typesupport_c.cpython-310-x86_64-linux-gnu.so" to ""
-- Installing: /home/jajayu/ros2robotics2024_ws/install/scout_msgs/lib/libscout_msgs__rosidl_generator_py.so
-- Set non-toolchain portion of runtime path of "/home/jajayu/ros2robotics2024_ws/install/scout_msgs/lib/libscout_msgs__rosidl_generator_py.so" to ""
-- Installing: /home/jajayu/ros2robotics2024_ws/install/scout_msgs/share/scout_msgs/msg/ScoutActuatorState.idl
-- Installing: /home/jajayu/ros2robotics2024_ws/install/scout_msgs/share/scout_msgs/msg/ScoutLightCmd.idl
-- Installing: /home/jajayu/ros2robotics2024_ws/install/scout_msgs/share/scout_msgs/msg/ScoutLightState.idl
-- Installing: /home/jajayu/ros2robotics2024_ws/install/scout_msgs/share/scout_msgs/msg/ScoutRCState.idl
-- Installing: /home/jajayu/ros2robotics2024_ws/install/scout_msgs/share/scout_msgs/msg/ScoutStatus.idl
-- Installing: /home/jajayu/ros2robotics2024_ws/install/scout_msgs/share/scout_msgs/msg/ScoutActuatorState.msg
-- Installing: /home/jajayu/ros2robotics2024_ws/install/scout_msgs/share/scout_msgs/msg/ScoutLightCmd.msg
-- Installing: /home/jajayu/ros2robotics2024_ws/install/scout_msgs/share/scout_msgs/msg/ScoutLightState.msg
-- Installing: /home/jajayu/ros2robotics2024_ws/install/scout_msgs/share/scout_msgs/msg/ScoutRCState.msg
-- Installing: /home/jajayu/ros2robotics2024_ws/install/scout_msgs/share/scout_msgs/msg/ScoutStatus.msg
-- Installing: /home/jajayu/ros2robotics2024_ws/install/scout_msgs/share/ament_index/resource_index/package_run_dependencies/scout_msgs
-- Installing: /home/jajayu/ros2robotics2024_ws/install/scout_msgs/share/ament_index/resource_index/parent_prefix_path/scout_msgs
-- Installing: /home/jajayu/ros2robotics2024_ws/install/scout_msgs/share/scout_msgs/environment/ament_prefix_path.sh
-- Installing: /home/jajayu/ros2robotics2024_ws/install/scout_msgs/share/scout_msgs/environment/ament_prefix_path.dsv
-- Installing: /home/jajayu/ros2robotics2024_ws/install/scout_msgs/share/scout_msgs/environment/path.sh
-- Installing: /home/jajayu/ros2robotics2024_ws/install/scout_msgs/share/scout_msgs/environment/path.dsv
-- Installing: /home/jajayu/ros2robotics2024_ws/install/scout_msgs/share/scout_msgs/local_setup.bash
-- Installing: /home/jajayu/ros2robotics2024_ws/install/scout_msgs/share/scout_msgs/local_setup.sh
-- Installing: /home/jajayu/ros2robotics2024_ws/install/scout_msgs/share/scout_msgs/local_setup.zsh
-- Installing: /home/jajayu/ros2robotics2024_ws/install/scout_msgs/share/scout_msgs/local_setup.dsv
-- Installing: /home/jajayu/ros2robotics2024_ws/install/scout_msgs/share/scout_msgs/package.dsv
-- Installing: /home/jajayu/ros2robotics2024_ws/install/scout_msgs/share/ament_index/resource_index/packages/scout_msgs
-- Installing: /home/jajayu/ros2robotics2024_ws/install/scout_msgs/share/scout_msgs/cmake/export_scout_msgs__rosidl_generator_cExport.cmake
-- Installing: /home/jajayu/ros2robotics2024_ws/install/scout_msgs/share/scout_msgs/cmake/export_scout_msgs__rosidl_generator_cExport-noconfig.cmake
-- Installing: /home/jajayu/ros2robotics2024_ws/install/scout_msgs/share/scout_msgs/cmake/export_scout_msgs__rosidl_typesupport_fastrtps_cExport.cmake
-- Installing: /home/jajayu/ros2robotics2024_ws/install/scout_msgs/share/scout_msgs/cmake/export_scout_msgs__rosidl_typesupport_fastrtps_cExport-noconfig.cmake
-- Installing: /home/jajayu/ros2robotics2024_ws/install/scout_msgs/share/scout_msgs/cmake/export_scout_msgs__rosidl_generator_cppExport.cmake
-- Installing: /home/jajayu/ros2robotics2024_ws/install/scout_msgs/share/scout_msgs/cmake/export_scout_msgs__rosidl_typesupport_fastrtps_cppExport.cmake
-- Installing: /home/jajayu/ros2robotics2024_ws/install/scout_msgs/share/scout_msgs/cmake/export_scout_msgs__rosidl_typesupport_fastrtps_cppExport-noconfig.cmake
-- Installing: /home/jajayu/ros2robotics2024_ws/install/scout_msgs/share/scout_msgs/cmake/scout_msgs__rosidl_typesupport_introspection_cExport.cmake
-- Installing: /home/jajayu/ros2robotics2024_ws/install/scout_msgs/share/scout_msgs/cmake/scout_msgs__rosidl_typesupport_introspection_cExport-noconfig.cmake
-- Installing: /home/jajayu/ros2robotics2024_ws/install/scout_msgs/share/scout_msgs/cmake/scout_msgs__rosidl_typesupport_cExport.cmake
-- Installing: /home/jajayu/ros2robotics2024_ws/install/scout_msgs/share/scout_msgs/cmake/scout_msgs__rosidl_typesupport_cExport-noconfig.cmake
-- Installing: /home/jajayu/ros2robotics2024_ws/install/scout_msgs/share/scout_msgs/cmake/scout_msgs__rosidl_typesupport_introspection_cppExport.cmake
-- Installing: /home/jajayu/ros2robotics2024_ws/install/scout_msgs/share/scout_msgs/cmake/scout_msgs__rosidl_typesupport_introspection_cppExport-noconfig.cmake
-- Installing: /home/jajayu/ros2robotics2024_ws/install/scout_msgs/share/scout_msgs/cmake/scout_msgs__rosidl_typesupport_cppExport.cmake
-- Installing: /home/jajayu/ros2robotics2024_ws/install/scout_msgs/share/scout_msgs/cmake/scout_msgs__rosidl_typesupport_cppExport-noconfig.cmake
-- Installing: /home/jajayu/ros2robotics2024_ws/install/scout_msgs/share/scout_msgs/cmake/export_scout_msgs__rosidl_generator_pyExport.cmake
-- Installing: /home/jajayu/ros2robotics2024_ws/install/scout_msgs/share/scout_msgs/cmake/export_scout_msgs__rosidl_generator_pyExport-noconfig.cmake
-- Installing: /home/jajayu/ros2robotics2024_ws/install/scout_msgs/share/scout_msgs/cmake/rosidl_cmake-extras.cmake
-- Installing: /home/jajayu/ros2robotics2024_ws/install/scout_msgs/share/scout_msgs/cmake/ament_cmake_export_dependencies-extras.cmake
-- Installing: /home/jajayu/ros2robotics2024_ws/install/scout_msgs/share/scout_msgs/cmake/ament_cmake_export_include_directories-extras.cmake
-- Installing: /home/jajayu/ros2robotics2024_ws/install/scout_msgs/share/scout_msgs/cmake/ament_cmake_export_libraries-extras.cmake
-- Installing: /home/jajayu/ros2robotics2024_ws/install/scout_msgs/share/scout_msgs/cmake/ament_cmake_export_targets-extras.cmake
-- Installing: /home/jajayu/ros2robotics2024_ws/install/scout_msgs/share/scout_msgs/cmake/rosidl_cmake_export_typesupport_targets-extras.cmake
-- Installing: /home/jajayu/ros2robotics2024_ws/install/scout_msgs/share/scout_msgs/cmake/rosidl_cmake_export_typesupport_libraries-extras.cmake
-- Installing: /home/jajayu/ros2robotics2024_ws/install/scout_msgs/share/scout_msgs/cmake/scout_msgsConfig.cmake
-- Installing: /home/jajayu/ros2robotics2024_ws/install/scout_msgs/share/scout_msgs/cmake/scout_msgsConfig-version.cmake
-- Installing: /home/jajayu/ros2robotics2024_ws/install/scout_msgs/share/scout_msgs/package.xml
