[0.021s] Invoking command in '/home/jajayu/ros2robotics2024_ws/build/scout_msgs': CMAKE_PREFIX_PATH=${CMAKE_PREFIX_PATH}:/home/jajayu/TomatoHarvesting_NextBestView/nbv_code/ros2_ws2/install/my_robot_nbv:/home/jajayu/TomatoHarvesting_NextBestView/nbv_code/ros2_ws2/install/my_robot_cam:/home/jajayu/ros2_ws/install/webots_ros2_tests:/home/jajayu/ros2_ws/install/webots_ros2:/home/jajayu/ros2_ws/install/pcd_demo:/home/jajayu/ros2_ws/install/my_robot_controller:/home/jajayu/ros2_ws/install/my_robot_cam:/home/jajayu/ros2_ws/install/gazebo_tutorial:/opt/ros/humble /home/jajayu/.local/bin/cmake --build /home/jajayu/ros2robotics2024_ws/build/scout_msgs -- -j8 -l8
[0.145s] [  1%] Built target scout_msgs__cpp
[0.146s] [ 12%] Built target scout_msgs__rosidl_generator_c
[0.154s] [ 12%] Built target ament_cmake_python_copy_scout_msgs
[0.162s] [ 23%] Built target scout_msgs__rosidl_typesupport_cpp
[0.163s] [ 34%] Built target scout_msgs__rosidl_typesupport_fastrtps_cpp
[0.163s] [ 46%] Built target scout_msgs__rosidl_typesupport_introspection_cpp
[0.168s] [ 57%] Built target scout_msgs__rosidl_typesupport_introspection_c
[0.171s] [ 68%] Built target scout_msgs__rosidl_typesupport_fastrtps_c
[0.179s] [ 79%] Built target scout_msgs__rosidl_typesupport_c
[0.192s] [ 79%] Built target scout_msgs
[0.207s] [ 80%] Built target scout_msgs__py
[0.222s] [ 90%] Built target scout_msgs__rosidl_generator_py
[0.238s] [ 93%] Built target scout_msgs__rosidl_typesupport_introspection_c__pyext
[0.241s] [ 96%] Built target scout_msgs__rosidl_typesupport_c__pyext
[0.246s] [100%] Built target scout_msgs__rosidl_typesupport_fastrtps_c__pyext
[0.510s] running egg_info
[0.510s] writing scout_msgs.egg-info/PKG-INFO
[0.511s] writing dependency_links to scout_msgs.egg-info/dependency_links.txt
[0.514s] writing top-level names to scout_msgs.egg-info/top_level.txt
[0.515s] reading manifest file 'scout_msgs.egg-info/SOURCES.txt'
[0.515s] writing manifest file 'scout_msgs.egg-info/SOURCES.txt'
[0.536s] [100%] Built target ament_cmake_python_build_scout_msgs_egg
[0.559s] Invoked command in '/home/jajayu/ros2robotics2024_ws/build/scout_msgs' returned '0': CMAKE_PREFIX_PATH=${CMAKE_PREFIX_PATH}:/home/jajayu/TomatoHarvesting_NextBestView/nbv_code/ros2_ws2/install/my_robot_nbv:/home/jajayu/TomatoHarvesting_NextBestView/nbv_code/ros2_ws2/install/my_robot_cam:/home/jajayu/ros2_ws/install/webots_ros2_tests:/home/jajayu/ros2_ws/install/webots_ros2:/home/jajayu/ros2_ws/install/pcd_demo:/home/jajayu/ros2_ws/install/my_robot_controller:/home/jajayu/ros2_ws/install/my_robot_cam:/home/jajayu/ros2_ws/install/gazebo_tutorial:/opt/ros/humble /home/jajayu/.local/bin/cmake --build /home/jajayu/ros2robotics2024_ws/build/scout_msgs -- -j8 -l8
[0.829s] Invoking command in '/home/jajayu/ros2robotics2024_ws/build/scout_msgs': CMAKE_PREFIX_PATH=${CMAKE_PREFIX_PATH}:/home/jajayu/TomatoHarvesting_NextBestView/nbv_code/ros2_ws2/install/my_robot_nbv:/home/jajayu/TomatoHarvesting_NextBestView/nbv_code/ros2_ws2/install/my_robot_cam:/home/jajayu/ros2_ws/install/webots_ros2_tests:/home/jajayu/ros2_ws/install/webots_ros2:/home/jajayu/ros2_ws/install/pcd_demo:/home/jajayu/ros2_ws/install/my_robot_controller:/home/jajayu/ros2_ws/install/my_robot_cam:/home/jajayu/ros2_ws/install/gazebo_tutorial:/opt/ros/humble /home/jajayu/.local/bin/cmake --install /home/jajayu/ros2robotics2024_ws/build/scout_msgs
[0.926s] -- Install configuration: ""
[0.926s] -- Installing: /home/jajayu/ros2robotics2024_ws/install/scout_msgs/share/ament_index/resource_index/rosidl_interfaces/scout_msgs
[0.926s] -- Installing: /home/jajayu/ros2robotics2024_ws/install/scout_msgs/include/scout_msgs/scout_msgs
[0.926s] -- Installing: /home/jajayu/ros2robotics2024_ws/install/scout_msgs/include/scout_msgs/scout_msgs/msg
[0.926s] -- Installing: /home/jajayu/ros2robotics2024_ws/install/scout_msgs/include/scout_msgs/scout_msgs/msg/scout_light_state.h
[0.927s] -- Installing: /home/jajayu/ros2robotics2024_ws/install/scout_msgs/include/scout_msgs/scout_msgs/msg/scout_status.h
[0.927s] -- Installing: /home/jajayu/ros2robotics2024_ws/install/scout_msgs/include/scout_msgs/scout_msgs/msg/detail
[0.927s] -- Installing: /home/jajayu/ros2robotics2024_ws/install/scout_msgs/include/scout_msgs/scout_msgs/msg/detail/scout_light_state__type_support.h
[0.928s] -- Installing: /home/jajayu/ros2robotics2024_ws/install/scout_msgs/include/scout_msgs/scout_msgs/msg/detail/scout_light_cmd__functions.h
[0.928s] -- Installing: /home/jajayu/ros2robotics2024_ws/install/scout_msgs/include/scout_msgs/scout_msgs/msg/detail/scout_status__type_support.h
[0.928s] -- Installing: /home/jajayu/ros2robotics2024_ws/install/scout_msgs/include/scout_msgs/scout_msgs/msg/detail/scout_rc_state__struct.h
[0.928s] -- Installing: /home/jajayu/ros2robotics2024_ws/install/scout_msgs/include/scout_msgs/scout_msgs/msg/detail/scout_light_state__functions.h
[0.929s] -- Installing: /home/jajayu/ros2robotics2024_ws/install/scout_msgs/include/scout_msgs/scout_msgs/msg/detail/scout_rc_state__functions.h
[0.929s] -- Installing: /home/jajayu/ros2robotics2024_ws/install/scout_msgs/include/scout_msgs/scout_msgs/msg/detail/scout_light_cmd__type_support.h
[0.929s] -- Installing: /home/jajayu/ros2robotics2024_ws/install/scout_msgs/include/scout_msgs/scout_msgs/msg/detail/scout_status__struct.h
[0.929s] -- Installing: /home/jajayu/ros2robotics2024_ws/install/scout_msgs/include/scout_msgs/scout_msgs/msg/detail/scout_light_cmd__functions.c
[0.930s] -- Installing: /home/jajayu/ros2robotics2024_ws/install/scout_msgs/include/scout_msgs/scout_msgs/msg/detail/scout_actuator_state__struct.h
[0.930s] -- Installing: /home/jajayu/ros2robotics2024_ws/install/scout_msgs/include/scout_msgs/scout_msgs/msg/detail/scout_light_state__struct.h
[0.930s] -- Installing: /home/jajayu/ros2robotics2024_ws/install/scout_msgs/include/scout_msgs/scout_msgs/msg/detail/scout_rc_state__type_support.h
[0.932s] -- Installing: /home/jajayu/ros2robotics2024_ws/install/scout_msgs/include/scout_msgs/scout_msgs/msg/detail/scout_rc_state__functions.c
[0.932s] -- Installing: /home/jajayu/ros2robotics2024_ws/install/scout_msgs/include/scout_msgs/scout_msgs/msg/detail/scout_actuator_state__functions.h
[0.932s] -- Installing: /home/jajayu/ros2robotics2024_ws/install/scout_msgs/include/scout_msgs/scout_msgs/msg/detail/scout_light_state__functions.c
[0.933s] -- Installing: /home/jajayu/ros2robotics2024_ws/install/scout_msgs/include/scout_msgs/scout_msgs/msg/detail/scout_light_cmd__struct.h
[0.933s] -- Installing: /home/jajayu/ros2robotics2024_ws/install/scout_msgs/include/scout_msgs/scout_msgs/msg/detail/scout_actuator_state__functions.c
[0.933s] -- Installing: /home/jajayu/ros2robotics2024_ws/install/scout_msgs/include/scout_msgs/scout_msgs/msg/detail/scout_status__functions.c
[0.933s] -- Installing: /home/jajayu/ros2robotics2024_ws/install/scout_msgs/include/scout_msgs/scout_msgs/msg/detail/scout_actuator_state__type_support.h
[0.933s] -- Installing: /home/jajayu/ros2robotics2024_ws/install/scout_msgs/include/scout_msgs/scout_msgs/msg/detail/scout_status__functions.h
[0.933s] -- Installing: /home/jajayu/ros2robotics2024_ws/install/scout_msgs/include/scout_msgs/scout_msgs/msg/rosidl_generator_c__visibility_control.h
[0.933s] -- Installing: /home/jajayu/ros2robotics2024_ws/install/scout_msgs/include/scout_msgs/scout_msgs/msg/scout_rc_state.h
[0.934s] -- Installing: /home/jajayu/ros2robotics2024_ws/install/scout_msgs/include/scout_msgs/scout_msgs/msg/scout_light_cmd.h
[0.934s] -- Installing: /home/jajayu/ros2robotics2024_ws/install/scout_msgs/include/scout_msgs/scout_msgs/msg/scout_actuator_state.h
[0.934s] -- Installing: /home/jajayu/ros2robotics2024_ws/install/scout_msgs/share/scout_msgs/environment/library_path.sh
[0.934s] -- Installing: /home/jajayu/ros2robotics2024_ws/install/scout_msgs/share/scout_msgs/environment/library_path.dsv
[0.935s] -- Installing: /home/jajayu/ros2robotics2024_ws/install/scout_msgs/lib/libscout_msgs__rosidl_generator_c.so
[0.935s] -- Set non-toolchain portion of runtime path of "/home/jajayu/ros2robotics2024_ws/install/scout_msgs/lib/libscout_msgs__rosidl_generator_c.so" to ""
[0.935s] -- Up-to-date: /home/jajayu/ros2robotics2024_ws/install/scout_msgs/include/scout_msgs/scout_msgs
[0.935s] -- Up-to-date: /home/jajayu/ros2robotics2024_ws/install/scout_msgs/include/scout_msgs/scout_msgs/msg
[0.936s] -- Up-to-date: /home/jajayu/ros2robotics2024_ws/install/scout_msgs/include/scout_msgs/scout_msgs/msg/detail
[0.936s] -- Installing: /home/jajayu/ros2robotics2024_ws/install/scout_msgs/include/scout_msgs/scout_msgs/msg/detail/scout_light_state__rosidl_typesupport_fastrtps_c.h
[0.936s] -- Installing: /home/jajayu/ros2robotics2024_ws/install/scout_msgs/include/scout_msgs/scout_msgs/msg/detail/scout_actuator_state__rosidl_typesupport_fastrtps_c.h
[0.936s] -- Installing: /home/jajayu/ros2robotics2024_ws/install/scout_msgs/include/scout_msgs/scout_msgs/msg/detail/scout_light_cmd__rosidl_typesupport_fastrtps_c.h
[0.936s] -- Installing: /home/jajayu/ros2robotics2024_ws/install/scout_msgs/include/scout_msgs/scout_msgs/msg/detail/scout_status__rosidl_typesupport_fastrtps_c.h
[0.936s] -- Installing: /home/jajayu/ros2robotics2024_ws/install/scout_msgs/include/scout_msgs/scout_msgs/msg/detail/scout_rc_state__rosidl_typesupport_fastrtps_c.h
[0.936s] -- Installing: /home/jajayu/ros2robotics2024_ws/install/scout_msgs/include/scout_msgs/scout_msgs/msg/rosidl_typesupport_fastrtps_c__visibility_control.h
[0.936s] -- Installing: /home/jajayu/ros2robotics2024_ws/install/scout_msgs/lib/libscout_msgs__rosidl_typesupport_fastrtps_c.so
[0.937s] -- Set non-toolchain portion of runtime path of "/home/jajayu/ros2robotics2024_ws/install/scout_msgs/lib/libscout_msgs__rosidl_typesupport_fastrtps_c.so" to ""
[0.937s] -- Up-to-date: /home/jajayu/ros2robotics2024_ws/install/scout_msgs/include/scout_msgs/scout_msgs
[0.937s] -- Up-to-date: /home/jajayu/ros2robotics2024_ws/install/scout_msgs/include/scout_msgs/scout_msgs/msg
[0.937s] -- Installing: /home/jajayu/ros2robotics2024_ws/install/scout_msgs/include/scout_msgs/scout_msgs/msg/scout_status.hpp
[0.937s] -- Installing: /home/jajayu/ros2robotics2024_ws/install/scout_msgs/include/scout_msgs/scout_msgs/msg/scout_actuator_state.hpp
[0.938s] -- Up-to-date: /home/jajayu/ros2robotics2024_ws/install/scout_msgs/include/scout_msgs/scout_msgs/msg/detail
[0.938s] -- Installing: /home/jajayu/ros2robotics2024_ws/install/scout_msgs/include/scout_msgs/scout_msgs/msg/detail/scout_light_cmd__builder.hpp
[0.938s] -- Installing: /home/jajayu/ros2robotics2024_ws/install/scout_msgs/include/scout_msgs/scout_msgs/msg/detail/scout_rc_state__struct.hpp
[0.938s] -- Installing: /home/jajayu/ros2robotics2024_ws/install/scout_msgs/include/scout_msgs/scout_msgs/msg/detail/scout_status__traits.hpp
[0.938s] -- Installing: /home/jajayu/ros2robotics2024_ws/install/scout_msgs/include/scout_msgs/scout_msgs/msg/detail/scout_light_state__traits.hpp
[0.939s] -- Installing: /home/jajayu/ros2robotics2024_ws/install/scout_msgs/include/scout_msgs/scout_msgs/msg/detail/scout_light_state__struct.hpp
[0.939s] -- Installing: /home/jajayu/ros2robotics2024_ws/install/scout_msgs/include/scout_msgs/scout_msgs/msg/detail/scout_light_cmd__struct.hpp
[0.939s] -- Installing: /home/jajayu/ros2robotics2024_ws/install/scout_msgs/include/scout_msgs/scout_msgs/msg/detail/scout_status__builder.hpp
[0.939s] -- Installing: /home/jajayu/ros2robotics2024_ws/install/scout_msgs/include/scout_msgs/scout_msgs/msg/detail/scout_rc_state__builder.hpp
[0.939s] -- Installing: /home/jajayu/ros2robotics2024_ws/install/scout_msgs/include/scout_msgs/scout_msgs/msg/detail/scout_rc_state__traits.hpp
[0.939s] -- Installing: /home/jajayu/ros2robotics2024_ws/install/scout_msgs/include/scout_msgs/scout_msgs/msg/detail/scout_actuator_state__builder.hpp
[0.939s] -- Installing: /home/jajayu/ros2robotics2024_ws/install/scout_msgs/include/scout_msgs/scout_msgs/msg/detail/scout_light_state__builder.hpp
[0.939s] -- Installing: /home/jajayu/ros2robotics2024_ws/install/scout_msgs/include/scout_msgs/scout_msgs/msg/detail/scout_light_cmd__traits.hpp
[0.939s] -- Installing: /home/jajayu/ros2robotics2024_ws/install/scout_msgs/include/scout_msgs/scout_msgs/msg/detail/scout_actuator_state__struct.hpp
[0.940s] -- Installing: /home/jajayu/ros2robotics2024_ws/install/scout_msgs/include/scout_msgs/scout_msgs/msg/detail/scout_actuator_state__traits.hpp
[0.940s] -- Installing: /home/jajayu/ros2robotics2024_ws/install/scout_msgs/include/scout_msgs/scout_msgs/msg/detail/scout_status__struct.hpp
[0.940s] -- Installing: /home/jajayu/ros2robotics2024_ws/install/scout_msgs/include/scout_msgs/scout_msgs/msg/scout_light_state.hpp
[0.940s] -- Installing: /home/jajayu/ros2robotics2024_ws/install/scout_msgs/include/scout_msgs/scout_msgs/msg/scout_rc_state.hpp
[0.940s] -- Installing: /home/jajayu/ros2robotics2024_ws/install/scout_msgs/include/scout_msgs/scout_msgs/msg/scout_light_cmd.hpp
[0.940s] -- Up-to-date: /home/jajayu/ros2robotics2024_ws/install/scout_msgs/include/scout_msgs/scout_msgs
[0.941s] -- Up-to-date: /home/jajayu/ros2robotics2024_ws/install/scout_msgs/include/scout_msgs/scout_msgs/msg
[0.941s] -- Up-to-date: /home/jajayu/ros2robotics2024_ws/install/scout_msgs/include/scout_msgs/scout_msgs/msg/detail
[0.941s] -- Installing: /home/jajayu/ros2robotics2024_ws/install/scout_msgs/include/scout_msgs/scout_msgs/msg/detail/scout_status__rosidl_typesupport_fastrtps_cpp.hpp
[0.941s] -- Installing: /home/jajayu/ros2robotics2024_ws/install/scout_msgs/include/scout_msgs/scout_msgs/msg/detail/scout_rc_state__rosidl_typesupport_fastrtps_cpp.hpp
[0.941s] -- Installing: /home/jajayu/ros2robotics2024_ws/install/scout_msgs/include/scout_msgs/scout_msgs/msg/detail/scout_light_cmd__rosidl_typesupport_fastrtps_cpp.hpp
[0.941s] -- Installing: /home/jajayu/ros2robotics2024_ws/install/scout_msgs/include/scout_msgs/scout_msgs/msg/detail/dds_fastrtps
[0.941s] -- Installing: /home/jajayu/ros2robotics2024_ws/install/scout_msgs/include/scout_msgs/scout_msgs/msg/detail/scout_light_state__rosidl_typesupport_fastrtps_cpp.hpp
[0.942s] -- Installing: /home/jajayu/ros2robotics2024_ws/install/scout_msgs/include/scout_msgs/scout_msgs/msg/detail/scout_actuator_state__rosidl_typesupport_fastrtps_cpp.hpp
[0.942s] -- Installing: /home/jajayu/ros2robotics2024_ws/install/scout_msgs/include/scout_msgs/scout_msgs/msg/rosidl_typesupport_fastrtps_cpp__visibility_control.h
[0.942s] -- Installing: /home/jajayu/ros2robotics2024_ws/install/scout_msgs/lib/libscout_msgs__rosidl_typesupport_fastrtps_cpp.so
[0.942s] -- Set non-toolchain portion of runtime path of "/home/jajayu/ros2robotics2024_ws/install/scout_msgs/lib/libscout_msgs__rosidl_typesupport_fastrtps_cpp.so" to ""
[0.942s] -- Up-to-date: /home/jajayu/ros2robotics2024_ws/install/scout_msgs/include/scout_msgs/scout_msgs
[0.942s] -- Up-to-date: /home/jajayu/ros2robotics2024_ws/install/scout_msgs/include/scout_msgs/scout_msgs/msg
[0.943s] -- Up-to-date: /home/jajayu/ros2robotics2024_ws/install/scout_msgs/include/scout_msgs/scout_msgs/msg/detail
[0.943s] -- Installing: /home/jajayu/ros2robotics2024_ws/install/scout_msgs/include/scout_msgs/scout_msgs/msg/detail/scout_rc_state__type_support.c
[0.943s] -- Installing: /home/jajayu/ros2robotics2024_ws/install/scout_msgs/include/scout_msgs/scout_msgs/msg/detail/scout_rc_state__rosidl_typesupport_introspection_c.h
[0.943s] -- Installing: /home/jajayu/ros2robotics2024_ws/install/scout_msgs/include/scout_msgs/scout_msgs/msg/detail/scout_light_cmd__rosidl_typesupport_introspection_c.h
[0.943s] -- Installing: /home/jajayu/ros2robotics2024_ws/install/scout_msgs/include/scout_msgs/scout_msgs/msg/detail/scout_actuator_state__rosidl_typesupport_introspection_c.h
[0.943s] -- Installing: /home/jajayu/ros2robotics2024_ws/install/scout_msgs/include/scout_msgs/scout_msgs/msg/detail/scout_status__type_support.c
[0.944s] -- Installing: /home/jajayu/ros2robotics2024_ws/install/scout_msgs/include/scout_msgs/scout_msgs/msg/detail/scout_light_cmd__type_support.c
[0.944s] -- Installing: /home/jajayu/ros2robotics2024_ws/install/scout_msgs/include/scout_msgs/scout_msgs/msg/detail/scout_actuator_state__type_support.c
[0.944s] -- Installing: /home/jajayu/ros2robotics2024_ws/install/scout_msgs/include/scout_msgs/scout_msgs/msg/detail/scout_status__rosidl_typesupport_introspection_c.h
[0.944s] -- Installing: /home/jajayu/ros2robotics2024_ws/install/scout_msgs/include/scout_msgs/scout_msgs/msg/detail/scout_light_state__rosidl_typesupport_introspection_c.h
[0.944s] -- Installing: /home/jajayu/ros2robotics2024_ws/install/scout_msgs/include/scout_msgs/scout_msgs/msg/detail/scout_light_state__type_support.c
[0.945s] -- Installing: /home/jajayu/ros2robotics2024_ws/install/scout_msgs/include/scout_msgs/scout_msgs/msg/rosidl_typesupport_introspection_c__visibility_control.h
[0.945s] -- Installing: /home/jajayu/ros2robotics2024_ws/install/scout_msgs/lib/libscout_msgs__rosidl_typesupport_introspection_c.so
[0.946s] -- Set non-toolchain portion of runtime path of "/home/jajayu/ros2robotics2024_ws/install/scout_msgs/lib/libscout_msgs__rosidl_typesupport_introspection_c.so" to ""
[0.946s] -- Installing: /home/jajayu/ros2robotics2024_ws/install/scout_msgs/lib/libscout_msgs__rosidl_typesupport_c.so
[0.946s] -- Set non-toolchain portion of runtime path of "/home/jajayu/ros2robotics2024_ws/install/scout_msgs/lib/libscout_msgs__rosidl_typesupport_c.so" to ""
[0.946s] -- Up-to-date: /home/jajayu/ros2robotics2024_ws/install/scout_msgs/include/scout_msgs/scout_msgs
[0.946s] -- Up-to-date: /home/jajayu/ros2robotics2024_ws/install/scout_msgs/include/scout_msgs/scout_msgs/msg
[0.947s] -- Up-to-date: /home/jajayu/ros2robotics2024_ws/install/scout_msgs/include/scout_msgs/scout_msgs/msg/detail
[0.947s] -- Installing: /home/jajayu/ros2robotics2024_ws/install/scout_msgs/include/scout_msgs/scout_msgs/msg/detail/scout_status__type_support.cpp
[0.948s] -- Installing: /home/jajayu/ros2robotics2024_ws/install/scout_msgs/include/scout_msgs/scout_msgs/msg/detail/scout_actuator_state__type_support.cpp
[0.948s] -- Installing: /home/jajayu/ros2robotics2024_ws/install/scout_msgs/include/scout_msgs/scout_msgs/msg/detail/scout_light_state__type_support.cpp
[0.948s] -- Installing: /home/jajayu/ros2robotics2024_ws/install/scout_msgs/include/scout_msgs/scout_msgs/msg/detail/scout_status__rosidl_typesupport_introspection_cpp.hpp
[0.948s] -- Installing: /home/jajayu/ros2robotics2024_ws/install/scout_msgs/include/scout_msgs/scout_msgs/msg/detail/scout_rc_state__rosidl_typesupport_introspection_cpp.hpp
[0.948s] -- Installing: /home/jajayu/ros2robotics2024_ws/install/scout_msgs/include/scout_msgs/scout_msgs/msg/detail/scout_light_cmd__rosidl_typesupport_introspection_cpp.hpp
[0.949s] -- Installing: /home/jajayu/ros2robotics2024_ws/install/scout_msgs/include/scout_msgs/scout_msgs/msg/detail/scout_rc_state__type_support.cpp
[0.949s] -- Installing: /home/jajayu/ros2robotics2024_ws/install/scout_msgs/include/scout_msgs/scout_msgs/msg/detail/scout_light_cmd__type_support.cpp
[0.949s] -- Installing: /home/jajayu/ros2robotics2024_ws/install/scout_msgs/include/scout_msgs/scout_msgs/msg/detail/scout_light_state__rosidl_typesupport_introspection_cpp.hpp
[0.949s] -- Installing: /home/jajayu/ros2robotics2024_ws/install/scout_msgs/include/scout_msgs/scout_msgs/msg/detail/scout_actuator_state__rosidl_typesupport_introspection_cpp.hpp
[0.949s] -- Installing: /home/jajayu/ros2robotics2024_ws/install/scout_msgs/lib/libscout_msgs__rosidl_typesupport_introspection_cpp.so
[0.949s] -- Set non-toolchain portion of runtime path of "/home/jajayu/ros2robotics2024_ws/install/scout_msgs/lib/libscout_msgs__rosidl_typesupport_introspection_cpp.so" to ""
[0.949s] -- Installing: /home/jajayu/ros2robotics2024_ws/install/scout_msgs/lib/libscout_msgs__rosidl_typesupport_cpp.so
[0.949s] -- Set non-toolchain portion of runtime path of "/home/jajayu/ros2robotics2024_ws/install/scout_msgs/lib/libscout_msgs__rosidl_typesupport_cpp.so" to ""
[0.949s] -- Installing: /home/jajayu/ros2robotics2024_ws/install/scout_msgs/share/scout_msgs/environment/pythonpath.sh
[0.949s] -- Installing: /home/jajayu/ros2robotics2024_ws/install/scout_msgs/share/scout_msgs/environment/pythonpath.dsv
[0.949s] -- Installing: /home/jajayu/ros2robotics2024_ws/install/scout_msgs/local/lib/python3.10/dist-packages/scout_msgs-0.1.0-py3.10.egg-info
[0.950s] -- Installing: /home/jajayu/ros2robotics2024_ws/install/scout_msgs/local/lib/python3.10/dist-packages/scout_msgs-0.1.0-py3.10.egg-info/PKG-INFO
[0.950s] -- Installing: /home/jajayu/ros2robotics2024_ws/install/scout_msgs/local/lib/python3.10/dist-packages/scout_msgs-0.1.0-py3.10.egg-info/dependency_links.txt
[0.950s] -- Installing: /home/jajayu/ros2robotics2024_ws/install/scout_msgs/local/lib/python3.10/dist-packages/scout_msgs-0.1.0-py3.10.egg-info/SOURCES.txt
[0.950s] -- Installing: /home/jajayu/ros2robotics2024_ws/install/scout_msgs/local/lib/python3.10/dist-packages/scout_msgs-0.1.0-py3.10.egg-info/top_level.txt
[0.950s] -- Installing: /home/jajayu/ros2robotics2024_ws/install/scout_msgs/local/lib/python3.10/dist-packages/scout_msgs
[0.950s] -- Installing: /home/jajayu/ros2robotics2024_ws/install/scout_msgs/local/lib/python3.10/dist-packages/scout_msgs/_scout_msgs_s.ep.rosidl_typesupport_introspection_c.c
[0.950s] -- Installing: /home/jajayu/ros2robotics2024_ws/install/scout_msgs/local/lib/python3.10/dist-packages/scout_msgs/libscout_msgs__rosidl_generator_py.so
[0.950s] -- Installing: /home/jajayu/ros2robotics2024_ws/install/scout_msgs/local/lib/python3.10/dist-packages/scout_msgs/scout_msgs_s__rosidl_typesupport_introspection_c.cpython-310-x86_64-linux-gnu.so
[0.951s] -- Installing: /home/jajayu/ros2robotics2024_ws/install/scout_msgs/local/lib/python3.10/dist-packages/scout_msgs/msg
[0.951s] -- Installing: /home/jajayu/ros2robotics2024_ws/install/scout_msgs/local/lib/python3.10/dist-packages/scout_msgs/msg/_scout_status.py
[0.951s] -- Installing: /home/jajayu/ros2robotics2024_ws/install/scout_msgs/local/lib/python3.10/dist-packages/scout_msgs/msg/_scout_light_cmd_s.c
[0.951s] -- Installing: /home/jajayu/ros2robotics2024_ws/install/scout_msgs/local/lib/python3.10/dist-packages/scout_msgs/msg/_scout_rc_state_s.c
[0.951s] -- Installing: /home/jajayu/ros2robotics2024_ws/install/scout_msgs/local/lib/python3.10/dist-packages/scout_msgs/msg/_scout_light_cmd.py
[0.951s] -- Installing: /home/jajayu/ros2robotics2024_ws/install/scout_msgs/local/lib/python3.10/dist-packages/scout_msgs/msg/_scout_actuator_state_s.c
[0.952s] -- Installing: /home/jajayu/ros2robotics2024_ws/install/scout_msgs/local/lib/python3.10/dist-packages/scout_msgs/msg/_scout_status_s.c
[0.952s] -- Installing: /home/jajayu/ros2robotics2024_ws/install/scout_msgs/local/lib/python3.10/dist-packages/scout_msgs/msg/__init__.py
[0.952s] -- Installing: /home/jajayu/ros2robotics2024_ws/install/scout_msgs/local/lib/python3.10/dist-packages/scout_msgs/msg/_scout_rc_state.py
[0.952s] -- Installing: /home/jajayu/ros2robotics2024_ws/install/scout_msgs/local/lib/python3.10/dist-packages/scout_msgs/msg/_scout_light_state.py
[0.952s] -- Installing: /home/jajayu/ros2robotics2024_ws/install/scout_msgs/local/lib/python3.10/dist-packages/scout_msgs/msg/_scout_light_state_s.c
[0.952s] -- Installing: /home/jajayu/ros2robotics2024_ws/install/scout_msgs/local/lib/python3.10/dist-packages/scout_msgs/msg/_scout_actuator_state.py
[0.952s] -- Installing: /home/jajayu/ros2robotics2024_ws/install/scout_msgs/local/lib/python3.10/dist-packages/scout_msgs/__init__.py
[0.953s] -- Installing: /home/jajayu/ros2robotics2024_ws/install/scout_msgs/local/lib/python3.10/dist-packages/scout_msgs/_scout_msgs_s.ep.rosidl_typesupport_c.c
[0.953s] -- Installing: /home/jajayu/ros2robotics2024_ws/install/scout_msgs/local/lib/python3.10/dist-packages/scout_msgs/scout_msgs_s__rosidl_typesupport_fastrtps_c.cpython-310-x86_64-linux-gnu.so
[0.953s] -- Installing: /home/jajayu/ros2robotics2024_ws/install/scout_msgs/local/lib/python3.10/dist-packages/scout_msgs/scout_msgs_s__rosidl_typesupport_c.cpython-310-x86_64-linux-gnu.so
[0.953s] -- Installing: /home/jajayu/ros2robotics2024_ws/install/scout_msgs/local/lib/python3.10/dist-packages/scout_msgs/_scout_msgs_s.ep.rosidl_typesupport_fastrtps_c.c
[1.003s] Listing '/home/jajayu/ros2robotics2024_ws/install/scout_msgs/local/lib/python3.10/dist-packages/scout_msgs'...
[1.004s] Compiling '/home/jajayu/ros2robotics2024_ws/install/scout_msgs/local/lib/python3.10/dist-packages/scout_msgs/__init__.py'...
[1.004s] Listing '/home/jajayu/ros2robotics2024_ws/install/scout_msgs/local/lib/python3.10/dist-packages/scout_msgs/msg'...
[1.004s] Compiling '/home/jajayu/ros2robotics2024_ws/install/scout_msgs/local/lib/python3.10/dist-packages/scout_msgs/msg/__init__.py'...
[1.005s] Compiling '/home/jajayu/ros2robotics2024_ws/install/scout_msgs/local/lib/python3.10/dist-packages/scout_msgs/msg/_scout_actuator_state.py'...
[1.005s] Compiling '/home/jajayu/ros2robotics2024_ws/install/scout_msgs/local/lib/python3.10/dist-packages/scout_msgs/msg/_scout_light_cmd.py'...
[1.005s] Compiling '/home/jajayu/ros2robotics2024_ws/install/scout_msgs/local/lib/python3.10/dist-packages/scout_msgs/msg/_scout_light_state.py'...
[1.005s] Compiling '/home/jajayu/ros2robotics2024_ws/install/scout_msgs/local/lib/python3.10/dist-packages/scout_msgs/msg/_scout_rc_state.py'...
[1.005s] Compiling '/home/jajayu/ros2robotics2024_ws/install/scout_msgs/local/lib/python3.10/dist-packages/scout_msgs/msg/_scout_status.py'...
[1.009s] -- Installing: /home/jajayu/ros2robotics2024_ws/install/scout_msgs/local/lib/python3.10/dist-packages/scout_msgs/scout_msgs_s__rosidl_typesupport_fastrtps_c.cpython-310-x86_64-linux-gnu.so
[1.009s] -- Set non-toolchain portion of runtime path of "/home/jajayu/ros2robotics2024_ws/install/scout_msgs/local/lib/python3.10/dist-packages/scout_msgs/scout_msgs_s__rosidl_typesupport_fastrtps_c.cpython-310-x86_64-linux-gnu.so" to ""
[1.010s] -- Installing: /home/jajayu/ros2robotics2024_ws/install/scout_msgs/local/lib/python3.10/dist-packages/scout_msgs/scout_msgs_s__rosidl_typesupport_introspection_c.cpython-310-x86_64-linux-gnu.so
[1.011s] -- Set non-toolchain portion of runtime path of "/home/jajayu/ros2robotics2024_ws/install/scout_msgs/local/lib/python3.10/dist-packages/scout_msgs/scout_msgs_s__rosidl_typesupport_introspection_c.cpython-310-x86_64-linux-gnu.so" to ""
[1.011s] -- Installing: /home/jajayu/ros2robotics2024_ws/install/scout_msgs/local/lib/python3.10/dist-packages/scout_msgs/scout_msgs_s__rosidl_typesupport_c.cpython-310-x86_64-linux-gnu.so
[1.011s] -- Set non-toolchain portion of runtime path of "/home/jajayu/ros2robotics2024_ws/install/scout_msgs/local/lib/python3.10/dist-packages/scout_msgs/scout_msgs_s__rosidl_typesupport_c.cpython-310-x86_64-linux-gnu.so" to ""
[1.011s] -- Installing: /home/jajayu/ros2robotics2024_ws/install/scout_msgs/lib/libscout_msgs__rosidl_generator_py.so
[1.012s] -- Set non-toolchain portion of runtime path of "/home/jajayu/ros2robotics2024_ws/install/scout_msgs/lib/libscout_msgs__rosidl_generator_py.so" to ""
[1.012s] -- Installing: /home/jajayu/ros2robotics2024_ws/install/scout_msgs/share/scout_msgs/msg/ScoutActuatorState.idl
[1.013s] -- Installing: /home/jajayu/ros2robotics2024_ws/install/scout_msgs/share/scout_msgs/msg/ScoutLightCmd.idl
[1.013s] -- Installing: /home/jajayu/ros2robotics2024_ws/install/scout_msgs/share/scout_msgs/msg/ScoutLightState.idl
[1.013s] -- Installing: /home/jajayu/ros2robotics2024_ws/install/scout_msgs/share/scout_msgs/msg/ScoutRCState.idl
[1.013s] -- Installing: /home/jajayu/ros2robotics2024_ws/install/scout_msgs/share/scout_msgs/msg/ScoutStatus.idl
[1.014s] -- Installing: /home/jajayu/ros2robotics2024_ws/install/scout_msgs/share/scout_msgs/msg/ScoutActuatorState.msg
[1.014s] -- Installing: /home/jajayu/ros2robotics2024_ws/install/scout_msgs/share/scout_msgs/msg/ScoutLightCmd.msg
[1.015s] -- Installing: /home/jajayu/ros2robotics2024_ws/install/scout_msgs/share/scout_msgs/msg/ScoutLightState.msg
[1.015s] -- Installing: /home/jajayu/ros2robotics2024_ws/install/scout_msgs/share/scout_msgs/msg/ScoutRCState.msg
[1.015s] -- Installing: /home/jajayu/ros2robotics2024_ws/install/scout_msgs/share/scout_msgs/msg/ScoutStatus.msg
[1.016s] -- Installing: /home/jajayu/ros2robotics2024_ws/install/scout_msgs/share/ament_index/resource_index/package_run_dependencies/scout_msgs
[1.016s] -- Installing: /home/jajayu/ros2robotics2024_ws/install/scout_msgs/share/ament_index/resource_index/parent_prefix_path/scout_msgs
[1.017s] -- Installing: /home/jajayu/ros2robotics2024_ws/install/scout_msgs/share/scout_msgs/environment/ament_prefix_path.sh
[1.017s] -- Installing: /home/jajayu/ros2robotics2024_ws/install/scout_msgs/share/scout_msgs/environment/ament_prefix_path.dsv
[1.017s] -- Installing: /home/jajayu/ros2robotics2024_ws/install/scout_msgs/share/scout_msgs/environment/path.sh
[1.017s] -- Installing: /home/jajayu/ros2robotics2024_ws/install/scout_msgs/share/scout_msgs/environment/path.dsv
[1.018s] -- Installing: /home/jajayu/ros2robotics2024_ws/install/scout_msgs/share/scout_msgs/local_setup.bash
[1.018s] -- Installing: /home/jajayu/ros2robotics2024_ws/install/scout_msgs/share/scout_msgs/local_setup.sh
[1.019s] -- Installing: /home/jajayu/ros2robotics2024_ws/install/scout_msgs/share/scout_msgs/local_setup.zsh
[1.019s] -- Installing: /home/jajayu/ros2robotics2024_ws/install/scout_msgs/share/scout_msgs/local_setup.dsv
[1.020s] -- Installing: /home/jajayu/ros2robotics2024_ws/install/scout_msgs/share/scout_msgs/package.dsv
[1.020s] -- Installing: /home/jajayu/ros2robotics2024_ws/install/scout_msgs/share/ament_index/resource_index/packages/scout_msgs
[1.020s] -- Installing: /home/jajayu/ros2robotics2024_ws/install/scout_msgs/share/scout_msgs/cmake/export_scout_msgs__rosidl_generator_cExport.cmake
[1.020s] -- Installing: /home/jajayu/ros2robotics2024_ws/install/scout_msgs/share/scout_msgs/cmake/export_scout_msgs__rosidl_generator_cExport-noconfig.cmake
[1.021s] -- Installing: /home/jajayu/ros2robotics2024_ws/install/scout_msgs/share/scout_msgs/cmake/export_scout_msgs__rosidl_typesupport_fastrtps_cExport.cmake
[1.021s] -- Installing: /home/jajayu/ros2robotics2024_ws/install/scout_msgs/share/scout_msgs/cmake/export_scout_msgs__rosidl_typesupport_fastrtps_cExport-noconfig.cmake
[1.021s] -- Installing: /home/jajayu/ros2robotics2024_ws/install/scout_msgs/share/scout_msgs/cmake/export_scout_msgs__rosidl_generator_cppExport.cmake
[1.022s] -- Installing: /home/jajayu/ros2robotics2024_ws/install/scout_msgs/share/scout_msgs/cmake/export_scout_msgs__rosidl_typesupport_fastrtps_cppExport.cmake
[1.022s] -- Installing: /home/jajayu/ros2robotics2024_ws/install/scout_msgs/share/scout_msgs/cmake/export_scout_msgs__rosidl_typesupport_fastrtps_cppExport-noconfig.cmake
[1.022s] -- Installing: /home/jajayu/ros2robotics2024_ws/install/scout_msgs/share/scout_msgs/cmake/scout_msgs__rosidl_typesupport_introspection_cExport.cmake
[1.023s] -- Installing: /home/jajayu/ros2robotics2024_ws/install/scout_msgs/share/scout_msgs/cmake/scout_msgs__rosidl_typesupport_introspection_cExport-noconfig.cmake
[1.023s] -- Installing: /home/jajayu/ros2robotics2024_ws/install/scout_msgs/share/scout_msgs/cmake/scout_msgs__rosidl_typesupport_cExport.cmake
[1.023s] -- Installing: /home/jajayu/ros2robotics2024_ws/install/scout_msgs/share/scout_msgs/cmake/scout_msgs__rosidl_typesupport_cExport-noconfig.cmake
[1.024s] -- Installing: /home/jajayu/ros2robotics2024_ws/install/scout_msgs/share/scout_msgs/cmake/scout_msgs__rosidl_typesupport_introspection_cppExport.cmake
[1.024s] -- Installing: /home/jajayu/ros2robotics2024_ws/install/scout_msgs/share/scout_msgs/cmake/scout_msgs__rosidl_typesupport_introspection_cppExport-noconfig.cmake
[1.025s] -- Installing: /home/jajayu/ros2robotics2024_ws/install/scout_msgs/share/scout_msgs/cmake/scout_msgs__rosidl_typesupport_cppExport.cmake
[1.025s] -- Installing: /home/jajayu/ros2robotics2024_ws/install/scout_msgs/share/scout_msgs/cmake/scout_msgs__rosidl_typesupport_cppExport-noconfig.cmake
[1.025s] -- Installing: /home/jajayu/ros2robotics2024_ws/install/scout_msgs/share/scout_msgs/cmake/export_scout_msgs__rosidl_generator_pyExport.cmake
[1.025s] -- Installing: /home/jajayu/ros2robotics2024_ws/install/scout_msgs/share/scout_msgs/cmake/export_scout_msgs__rosidl_generator_pyExport-noconfig.cmake
[1.025s] -- Installing: /home/jajayu/ros2robotics2024_ws/install/scout_msgs/share/scout_msgs/cmake/rosidl_cmake-extras.cmake
[1.026s] -- Installing: /home/jajayu/ros2robotics2024_ws/install/scout_msgs/share/scout_msgs/cmake/ament_cmake_export_dependencies-extras.cmake
[1.027s] -- Installing: /home/jajayu/ros2robotics2024_ws/install/scout_msgs/share/scout_msgs/cmake/ament_cmake_export_include_directories-extras.cmake
[1.027s] -- Installing: /home/jajayu/ros2robotics2024_ws/install/scout_msgs/share/scout_msgs/cmake/ament_cmake_export_libraries-extras.cmake
[1.027s] -- Installing: /home/jajayu/ros2robotics2024_ws/install/scout_msgs/share/scout_msgs/cmake/ament_cmake_export_targets-extras.cmake
[1.028s] -- Installing: /home/jajayu/ros2robotics2024_ws/install/scout_msgs/share/scout_msgs/cmake/rosidl_cmake_export_typesupport_targets-extras.cmake
[1.028s] -- Installing: /home/jajayu/ros2robotics2024_ws/install/scout_msgs/share/scout_msgs/cmake/rosidl_cmake_export_typesupport_libraries-extras.cmake
[1.028s] -- Installing: /home/jajayu/ros2robotics2024_ws/install/scout_msgs/share/scout_msgs/cmake/scout_msgsConfig.cmake
[1.028s] -- Installing: /home/jajayu/ros2robotics2024_ws/install/scout_msgs/share/scout_msgs/cmake/scout_msgsConfig-version.cmake
[1.028s] -- Installing: /home/jajayu/ros2robotics2024_ws/install/scout_msgs/share/scout_msgs/package.xml
[1.041s] Invoked command in '/home/jajayu/ros2robotics2024_ws/build/scout_msgs' returned '0': CMAKE_PREFIX_PATH=${CMAKE_PREFIX_PATH}:/home/jajayu/TomatoHarvesting_NextBestView/nbv_code/ros2_ws2/install/my_robot_nbv:/home/jajayu/TomatoHarvesting_NextBestView/nbv_code/ros2_ws2/install/my_robot_cam:/home/jajayu/ros2_ws/install/webots_ros2_tests:/home/jajayu/ros2_ws/install/webots_ros2:/home/jajayu/ros2_ws/install/pcd_demo:/home/jajayu/ros2_ws/install/my_robot_controller:/home/jajayu/ros2_ws/install/my_robot_cam:/home/jajayu/ros2_ws/install/gazebo_tutorial:/opt/ros/humble /home/jajayu/.local/bin/cmake --install /home/jajayu/ros2robotics2024_ws/build/scout_msgs
