[0.032s] Invoking command in '/home/jajayu/Documents/ros2robotics2024_ws/build/scout_msgs': CMAKE_PREFIX_PATH=${CMAKE_PREFIX_PATH}:/home/jajayu/TomatoHarvesting_NextBestView/nbv_code/ros2_ws2/install/my_robot_nbv:/home/jajayu/TomatoHarvesting_NextBestView/nbv_code/ros2_ws2/install/my_robot_cam:/home/jajayu/ros2_ws/install/webots_ros2_tests:/home/jajayu/ros2_ws/install/webots_ros2:/home/jajayu/ros2_ws/install/pcd_demo:/home/jajayu/ros2_ws/install/my_robot_controller:/home/jajayu/ros2_ws/install/my_robot_cam:/home/jajayu/ros2_ws/install/gazebo_tutorial /home/jajayu/.local/bin/cmake --build /home/jajayu/Documents/ros2robotics2024_ws/build/scout_msgs -- -j8 -l8
[0.131s] [0mCMake Error: The current CMakeCache.txt directory /home/jajayu/Documents/ros2robotics2024_ws/build/scout_msgs/CMakeCache.txt is different than the directory /home/jajayu/ros2robotics2024_ws/build/scout_msgs where CMakeCache.txt was created. This may result in binaries being created in the wrong place. If you are not sure, reedit the CMakeCache.txt[0m
[0.162s] [  1%] Built target scout_msgs__cpp
[0.162s] [  1%] Built target ament_cmake_python_copy_scout_msgs
[0.172s] [ 12%] Built target scout_msgs__rosidl_generator_c
[0.190s] [ 44%] Built target scout_msgs__rosidl_typesupport_fastrtps_cpp
[0.192s] [ 55%] Built target scout_msgs__rosidl_typesupport_introspection_c
[0.193s] [ 66%] Built target scout_msgs__rosidl_typesupport_c
[0.193s] [ 68%] Built target scout_msgs__rosidl_typesupport_cpp
[0.193s] [ 68%] Built target scout_msgs__rosidl_typesupport_introspection_cpp
[0.198s] [ 79%] Built target scout_msgs__rosidl_typesupport_fastrtps_c
[0.216s] [ 79%] Built target scout_msgs
[0.227s] [ 80%] Built target scout_msgs__py
[0.249s] [ 90%] Built target scout_msgs__rosidl_generator_py
[0.266s] [ 93%] Built target scout_msgs__rosidl_typesupport_fastrtps_c__pyext
[0.266s] [100%] Built target scout_msgs__rosidl_typesupport_c__pyext
[0.266s] [100%] Built target scout_msgs__rosidl_typesupport_introspection_c__pyext
[0.499s] running egg_info
[0.500s] writing scout_msgs.egg-info/PKG-INFO
[0.501s] writing dependency_links to scout_msgs.egg-info/dependency_links.txt
[0.502s] writing top-level names to scout_msgs.egg-info/top_level.txt
[0.505s] reading manifest file 'scout_msgs.egg-info/SOURCES.txt'
[0.505s] writing manifest file 'scout_msgs.egg-info/SOURCES.txt'
[0.533s] [100%] Built target ament_cmake_python_build_scout_msgs_egg
